<?xml version="1.0" encoding="UTF-8"?>
<robot generator="Robot 3.1.2 (Python 3.7.4 on win32)" generated="20191109 10:04:41.948" rpa="false">
<suite id="s1" name="Tests" source="C:\development\test_automation\Automation\tests">
<suite id="s1-s1" name="1Register" source="C:\development\test_automation\Automation\tests\1Register.robot">
<test id="s1-s1-t1" name="RegistrationTest">
<kw name="Open my Browser" library="Regis">
<arguments>
<arg>${SiteUrl}</arg>
<arg>${Browser}</arg>
</arguments>
<kw name="Open Browser" library="SeleniumLibrary">
<doc>Opens a new browser instance to the given ``url``.</doc>
<arguments>
<arg>${SiteUrl}</arg>
<arg>${Browser}</arg>
</arguments>
<msg timestamp="20191109 10:04:42.202" level="INFO">Opening browser 'ie' to base url 'http://newtours.demoaut.com'.</msg>
<status status="PASS" starttime="20191109 10:04:42.202" endtime="20191109 10:04:44.946"></status>
</kw>
<status status="PASS" starttime="20191109 10:04:42.201" endtime="20191109 10:04:44.946"></status>
</kw>
<kw name="All Sleep 1s" library="Regis">
<kw name="Set Selenium Speed" library="SeleniumLibrary">
<doc>Sets the delay that is waited after each Selenium command.</doc>
<arguments>
<arg>1s</arg>
</arguments>
<status status="PASS" starttime="20191109 10:04:44.947" endtime="20191109 10:04:44.947"></status>
</kw>
<status status="PASS" starttime="20191109 10:04:44.946" endtime="20191109 10:04:44.947"></status>
</kw>
<kw name="Click Register Link" library="Regis">
<kw name="Click Link" library="SeleniumLibrary">
<doc>Clicks a link identified by ``locator``.</doc>
<arguments>
<arg>${link_Reg}</arg>
</arguments>
<msg timestamp="20191109 10:04:44.948" level="INFO">Clicking link 'link:REGISTER'.</msg>
<status status="PASS" starttime="20191109 10:04:44.948" endtime="20191109 10:04:48.633"></status>
</kw>
<status status="PASS" starttime="20191109 10:04:44.947" endtime="20191109 10:04:48.633"></status>
</kw>
<kw name="Enter FirstName" library="Regis">
<arguments>
<arg>tan</arg>
</arguments>
<kw name="Input Text" library="SeleniumLibrary">
<doc>Types the given ``text`` into the text field identified by ``locator``.</doc>
<arguments>
<arg>${txt_firstName}</arg>
<arg>${firstName}</arg>
</arguments>
<msg timestamp="20191109 10:04:48.634" level="INFO">Typing text 'tan' into text field 'name:firstName'.</msg>
<kw name="Capture Page Screenshot" library="SeleniumLibrary">
<doc>Takes a screenshot of the current page and embeds it into a log file.</doc>
<msg timestamp="20191109 10:04:48.712" level="FAIL">NoSuchWindowException: Message: Unable to get browser
</msg>
<status status="FAIL" starttime="20191109 10:04:48.646" endtime="20191109 10:04:48.712"></status>
</kw>
<msg timestamp="20191109 10:04:48.712" level="WARN">Keyword 'Capture Page Screenshot' could not be run on failure: NoSuchWindowException: Message: Unable to get browser
</msg>
<msg timestamp="20191109 10:04:48.745" level="FAIL">NoSuchWindowException: Message: Currently focused window has been closed.
</msg>
<status status="FAIL" starttime="20191109 10:04:48.633" endtime="20191109 10:04:48.745"></status>
</kw>
<status status="FAIL" starttime="20191109 10:04:48.633" endtime="20191109 10:04:48.745"></status>
</kw>
<status status="FAIL" starttime="20191109 10:04:42.201" endtime="20191109 10:04:48.745" critical="yes">NoSuchWindowException: Message: Currently focused window has been closed.
</status>
</test>
<status status="FAIL" starttime="20191109 10:04:41.976" endtime="20191109 10:04:48.746"></status>
</suite>
<status status="FAIL" starttime="20191109 10:04:41.949" endtime="20191109 10:04:48.747"></status>
</suite>
<statistics>
<total>
<stat pass="0" fail="1">Critical Tests</stat>
<stat pass="0" fail="1">All Tests</stat>
</total>
<tag>
</tag>
<suite>
<stat pass="0" fail="1" id="s1" name="Tests">Tests</stat>
<stat pass="0" fail="1" id="s1-s1" name="1Register">Tests.1Register</stat>
</suite>
</statistics>
<errors>
<msg timestamp="20191109 10:04:48.712" level="WARN">Keyword 'Capture Page Screenshot' could not be run on failure: NoSuchWindowException: Message: Unable to get browser
</msg>
</errors>
</robot>
