<?xml version="1.0" encoding="UTF-8"?>
<robot generator="Robot 3.1.2 (Python 3.7.4 on win32)" generated="20191105 15:10:32.030" rpa="false">
<suite id="s1" name="Tests" source="C:\development\test_automation\SpeedTests\tests">
<suite id="s1-s1" name="SpeedTests" source="C:\development\test_automation\SpeedTests\tests\SpeedTests.robot">
<test id="s1-s1-t1" name="RegTestch">
<kw name="Open Browser" library="SeleniumLibrary">
<doc>Opens a new browser instance to the given ``url``.</doc>
<arguments>
<arg>${URL}</arg>
<arg>${Browserch}</arg>
</arguments>
<msg timestamp="20191105 15:10:32.284" level="INFO">Opening browser 'chrome' to base url 'http://demowebshop.tricentis.com/register'.</msg>
<status status="PASS" starttime="20191105 15:10:32.283" endtime="20191105 15:10:40.534"></status>
</kw>
<kw name="Maximize Browser Window" library="SeleniumLibrary">
<doc>Maximizes current browser window.</doc>
<status status="PASS" starttime="20191105 15:10:40.536" endtime="20191105 15:10:44.668"></status>
</kw>
<kw name="TestSpeedTests">
<kw name="Set Selenium Speed" library="SeleniumLibrary">
<doc>Sets the delay that is waited after each Selenium command.</doc>
<arguments>
<arg>1seconds</arg>
</arguments>
<status status="PASS" starttime="20191105 15:10:44.669" endtime="20191105 15:10:44.669"></status>
</kw>
<kw name="Select Radio Button" library="SeleniumLibrary">
<doc>Sets the radio button group ``group_name`` to ``value``.</doc>
<arguments>
<arg>Gender</arg>
<arg>M</arg>
</arguments>
<msg timestamp="20191105 15:10:44.670" level="INFO">Selecting 'M' from radio button 'Gender'.</msg>
<status status="PASS" starttime="20191105 15:10:44.669" endtime="20191105 15:10:47.753"></status>
</kw>
<kw name="Input Text" library="SeleniumLibrary">
<doc>Types the given ``text`` into the text field identified by ``locator``.</doc>
<arguments>
<arg>name:FirstName</arg>
<arg>Tan</arg>
</arguments>
<msg timestamp="20191105 15:10:47.753" level="INFO">Typing text 'Tan' into text field 'name:FirstName'.</msg>
<status status="PASS" starttime="20191105 15:10:47.753" endtime="20191105 15:10:50.963"></status>
</kw>
<kw name="Input Text" library="SeleniumLibrary">
<doc>Types the given ``text`` into the text field identified by ``locator``.</doc>
<arguments>
<arg>name:LastName</arg>
<arg>Nguyen</arg>
</arguments>
<msg timestamp="20191105 15:10:50.964" level="INFO">Typing text 'Nguyen' into text field 'name:LastName'.</msg>
<status status="PASS" starttime="20191105 15:10:50.963" endtime="20191105 15:10:54.254"></status>
</kw>
<kw name="Input Text" library="SeleniumLibrary">
<doc>Types the given ``text`` into the text field identified by ``locator``.</doc>
<arguments>
<arg>name:Email</arg>
<arg>tan.nguyen@pap-tech.com</arg>
</arguments>
<msg timestamp="20191105 15:10:54.256" level="INFO">Typing text 'tan.nguyen@pap-tech.com' into text field 'name:Email'.</msg>
<status status="PASS" starttime="20191105 15:10:54.255" endtime="20191105 15:10:57.741"></status>
</kw>
<kw name="Input Text" library="SeleniumLibrary">
<doc>Types the given ``text`` into the text field identified by ``locator``.</doc>
<arguments>
<arg>name:Password</arg>
<arg>Tannguyen@122</arg>
</arguments>
<msg timestamp="20191105 15:10:57.742" level="INFO">Typing text 'Tannguyen@122' into text field 'name:Password'.</msg>
<status status="PASS" starttime="20191105 15:10:57.742" endtime="20191105 15:11:01.131"></status>
</kw>
<kw name="Input Text" library="SeleniumLibrary">
<doc>Types the given ``text`` into the text field identified by ``locator``.</doc>
<arguments>
<arg>name:ConfirmPassword</arg>
<arg>Tannguyen@122</arg>
</arguments>
<msg timestamp="20191105 15:11:01.132" level="INFO">Typing text 'Tannguyen@122' into text field 'name:ConfirmPassword'.</msg>
<status status="PASS" starttime="20191105 15:11:01.131" endtime="20191105 15:11:04.538"></status>
</kw>
<status status="PASS" starttime="20191105 15:10:44.668" endtime="20191105 15:11:04.539"></status>
</kw>
<kw name="Close Browser" library="SeleniumLibrary">
<doc>Closes the current browser.</doc>
<status status="PASS" starttime="20191105 15:11:04.540" endtime="20191105 15:11:07.740"></status>
</kw>
<status status="PASS" starttime="20191105 15:10:32.283" endtime="20191105 15:11:07.741" critical="yes"></status>
</test>
<test id="s1-s1-t2" name="Regtestff">
<kw name="Open Browser" library="SeleniumLibrary">
<doc>Opens a new browser instance to the given ``url``.</doc>
<arguments>
<arg>${URL}</arg>
<arg>${Browserff}</arg>
</arguments>
<msg timestamp="20191105 15:11:07.748" level="INFO">Opening browser 'ff' to base url 'http://demowebshop.tricentis.com/register'.</msg>
<msg timestamp="20191105 15:11:07.753" level="INFO">Firefox driver log is always forced to to: C:\development\test_automation\SpeedTests\Result\geckodriver-1.log</msg>
<status status="PASS" starttime="20191105 15:11:07.747" endtime="20191105 15:11:18.046"></status>
</kw>
<kw name="Maximize Browser Window" library="SeleniumLibrary">
<doc>Maximizes current browser window.</doc>
<status status="PASS" starttime="20191105 15:11:18.047" endtime="20191105 15:11:19.316"></status>
</kw>
<kw name="TestSpeedTests">
<kw name="Set Selenium Speed" library="SeleniumLibrary">
<doc>Sets the delay that is waited after each Selenium command.</doc>
<arguments>
<arg>1seconds</arg>
</arguments>
<status status="PASS" starttime="20191105 15:11:19.317" endtime="20191105 15:11:19.318"></status>
</kw>
<kw name="Select Radio Button" library="SeleniumLibrary">
<doc>Sets the radio button group ``group_name`` to ``value``.</doc>
<arguments>
<arg>Gender</arg>
<arg>M</arg>
</arguments>
<msg timestamp="20191105 15:11:19.319" level="INFO">Selecting 'M' from radio button 'Gender'.</msg>
<status status="PASS" starttime="20191105 15:11:19.319" endtime="20191105 15:11:22.636"></status>
</kw>
<kw name="Input Text" library="SeleniumLibrary">
<doc>Types the given ``text`` into the text field identified by ``locator``.</doc>
<arguments>
<arg>name:FirstName</arg>
<arg>Tan</arg>
</arguments>
<msg timestamp="20191105 15:11:22.637" level="INFO">Typing text 'Tan' into text field 'name:FirstName'.</msg>
<status status="PASS" starttime="20191105 15:11:22.636" endtime="20191105 15:11:25.741"></status>
</kw>
<kw name="Input Text" library="SeleniumLibrary">
<doc>Types the given ``text`` into the text field identified by ``locator``.</doc>
<arguments>
<arg>name:LastName</arg>
<arg>Nguyen</arg>
</arguments>
<msg timestamp="20191105 15:11:25.742" level="INFO">Typing text 'Nguyen' into text field 'name:LastName'.</msg>
<status status="PASS" starttime="20191105 15:11:25.741" endtime="20191105 15:11:28.863"></status>
</kw>
<kw name="Input Text" library="SeleniumLibrary">
<doc>Types the given ``text`` into the text field identified by ``locator``.</doc>
<arguments>
<arg>name:Email</arg>
<arg>tan.nguyen@pap-tech.com</arg>
</arguments>
<msg timestamp="20191105 15:11:28.864" level="INFO">Typing text 'tan.nguyen@pap-tech.com' into text field 'name:Email'.</msg>
<status status="PASS" starttime="20191105 15:11:28.864" endtime="20191105 15:11:31.985"></status>
</kw>
<kw name="Input Text" library="SeleniumLibrary">
<doc>Types the given ``text`` into the text field identified by ``locator``.</doc>
<arguments>
<arg>name:Password</arg>
<arg>Tannguyen@122</arg>
</arguments>
<msg timestamp="20191105 15:11:31.986" level="INFO">Typing text 'Tannguyen@122' into text field 'name:Password'.</msg>
<status status="PASS" starttime="20191105 15:11:31.985" endtime="20191105 15:11:35.107"></status>
</kw>
<kw name="Input Text" library="SeleniumLibrary">
<doc>Types the given ``text`` into the text field identified by ``locator``.</doc>
<arguments>
<arg>name:ConfirmPassword</arg>
<arg>Tannguyen@122</arg>
</arguments>
<msg timestamp="20191105 15:11:35.108" level="INFO">Typing text 'Tannguyen@122' into text field 'name:ConfirmPassword'.</msg>
<status status="PASS" starttime="20191105 15:11:35.107" endtime="20191105 15:11:38.208"></status>
</kw>
<status status="PASS" starttime="20191105 15:11:19.316" endtime="20191105 15:11:38.209"></status>
</kw>
<kw name="Close Browser" library="SeleniumLibrary">
<doc>Closes the current browser.</doc>
<status status="PASS" starttime="20191105 15:11:38.210" endtime="20191105 15:11:40.312"></status>
</kw>
<status status="PASS" starttime="20191105 15:11:07.745" endtime="20191105 15:11:40.313" critical="yes"></status>
</test>
<test id="s1-s1-t3" name="Regtestie">
<kw name="Open Browser" library="SeleniumLibrary">
<doc>Opens a new browser instance to the given ``url``.</doc>
<arguments>
<arg>${URL}</arg>
<arg>${Browserie}</arg>
</arguments>
<msg timestamp="20191105 15:11:40.320" level="INFO">Opening browser 'ie' to base url 'http://demowebshop.tricentis.com/register'.</msg>
<status status="PASS" starttime="20191105 15:11:40.319" endtime="20191105 15:11:45.563"></status>
</kw>
<kw name="Maximize Browser Window" library="SeleniumLibrary">
<doc>Maximizes current browser window.</doc>
<status status="PASS" starttime="20191105 15:11:45.564" endtime="20191105 15:11:46.583"></status>
</kw>
<kw name="TestSpeedTests">
<kw name="Set Selenium Speed" library="SeleniumLibrary">
<doc>Sets the delay that is waited after each Selenium command.</doc>
<arguments>
<arg>1seconds</arg>
</arguments>
<status status="PASS" starttime="20191105 15:11:46.585" endtime="20191105 15:11:46.586"></status>
</kw>
<kw name="Select Radio Button" library="SeleniumLibrary">
<doc>Sets the radio button group ``group_name`` to ``value``.</doc>
<arguments>
<arg>Gender</arg>
<arg>M</arg>
</arguments>
<msg timestamp="20191105 15:11:46.587" level="INFO">Selecting 'M' from radio button 'Gender'.</msg>
<status status="PASS" starttime="20191105 15:11:46.587" endtime="20191105 15:11:50.708"></status>
</kw>
<kw name="Input Text" library="SeleniumLibrary">
<doc>Types the given ``text`` into the text field identified by ``locator``.</doc>
<arguments>
<arg>name:FirstName</arg>
<arg>Tan</arg>
</arguments>
<msg timestamp="20191105 15:11:50.709" level="INFO">Typing text 'Tan' into text field 'name:FirstName'.</msg>
<status status="PASS" starttime="20191105 15:11:50.708" endtime="20191105 15:11:55.091"></status>
</kw>
<kw name="Input Text" library="SeleniumLibrary">
<doc>Types the given ``text`` into the text field identified by ``locator``.</doc>
<arguments>
<arg>name:LastName</arg>
<arg>Nguyen</arg>
</arguments>
<msg timestamp="20191105 15:11:55.092" level="INFO">Typing text 'Nguyen' into text field 'name:LastName'.</msg>
<status status="PASS" starttime="20191105 15:11:55.091" endtime="20191105 15:11:59.210"></status>
</kw>
<kw name="Input Text" library="SeleniumLibrary">
<doc>Types the given ``text`` into the text field identified by ``locator``.</doc>
<arguments>
<arg>name:Email</arg>
<arg>tan.nguyen@pap-tech.com</arg>
</arguments>
<msg timestamp="20191105 15:11:59.211" level="INFO">Typing text 'tan.nguyen@pap-tech.com' into text field 'name:Email'.</msg>
<status status="PASS" starttime="20191105 15:11:59.210" endtime="20191105 15:12:03.619"></status>
</kw>
<kw name="Input Text" library="SeleniumLibrary">
<doc>Types the given ``text`` into the text field identified by ``locator``.</doc>
<arguments>
<arg>name:Password</arg>
<arg>Tannguyen@122</arg>
</arguments>
<msg timestamp="20191105 15:12:03.621" level="INFO">Typing text 'Tannguyen@122' into text field 'name:Password'.</msg>
<status status="PASS" starttime="20191105 15:12:03.620" endtime="20191105 15:12:07.838"></status>
</kw>
<kw name="Input Text" library="SeleniumLibrary">
<doc>Types the given ``text`` into the text field identified by ``locator``.</doc>
<arguments>
<arg>name:ConfirmPassword</arg>
<arg>Tannguyen@122</arg>
</arguments>
<msg timestamp="20191105 15:12:07.839" level="INFO">Typing text 'Tannguyen@122' into text field 'name:ConfirmPassword'.</msg>
<status status="PASS" starttime="20191105 15:12:07.838" endtime="20191105 15:12:12.238"></status>
</kw>
<status status="PASS" starttime="20191105 15:11:46.584" endtime="20191105 15:12:12.239"></status>
</kw>
<kw name="Close Browser" library="SeleniumLibrary">
<doc>Closes the current browser.</doc>
<status status="PASS" starttime="20191105 15:12:12.240" endtime="20191105 15:12:16.269"></status>
</kw>
<status status="PASS" starttime="20191105 15:11:40.317" endtime="20191105 15:12:16.270" critical="yes"></status>
</test>
<status status="PASS" starttime="20191105 15:10:32.065" endtime="20191105 15:12:16.278"></status>
</suite>
<status status="PASS" starttime="20191105 15:10:32.032" endtime="20191105 15:12:16.289"></status>
</suite>
<statistics>
<total>
<stat pass="3" fail="0">Critical Tests</stat>
<stat pass="3" fail="0">All Tests</stat>
</total>
<tag>
</tag>
<suite>
<stat pass="3" fail="0" id="s1" name="Tests">Tests</stat>
<stat pass="3" fail="0" id="s1-s1" name="SpeedTests">Tests.SpeedTests</stat>
</suite>
</statistics>
<errors>
</errors>
</robot>
