<?xml version="1.0" encoding="UTF-8"?>
<robot generator="Robot 3.1.2 (Python 3.7.4 on win32)" generated="20191106 13:53:39.352" rpa="false">
<suite id="s1" name="Tests" source="C:\development\test_automation\MouseOperations\tests">
<suite id="s1-s1" name="MouseOparations" source="C:\development\test_automation\MouseOperations\tests\MouseOparations.robot">
<test id="s1-s1-t1" name="MouseActionsch">
<kw name="Open Browser" library="SeleniumLibrary">
<doc>Opens a new browser instance to the given ``url``.</doc>
<arguments>
<arg>${URL}</arg>
<arg>${Browserch}</arg>
</arguments>
<msg timestamp="20191106 13:53:39.664" level="INFO">Opening browser 'chrome' to base url 'https://swisnl.github.io/jQuery-contextMenu/demo.html'.</msg>
<status status="PASS" starttime="20191106 13:53:39.664" endtime="20191106 13:53:45.902"></status>
</kw>
<kw name="Maximize Browser Window" library="SeleniumLibrary">
<doc>Maximizes current browser window.</doc>
<status status="PASS" starttime="20191106 13:53:45.902" endtime="20191106 13:53:50.033"></status>
</kw>
<kw name="Set Selenium Speed" library="SeleniumLibrary">
<doc>Sets the delay that is waited after each Selenium command.</doc>
<arguments>
<arg>1s</arg>
</arguments>
<status status="PASS" starttime="20191106 13:53:50.033" endtime="20191106 13:53:50.033"></status>
</kw>
<kw name="TestSpeedTests">
<kw name="Open Context Menu" library="SeleniumLibrary">
<doc>Opens the context menu on the element identified by ``locator``.</doc>
<arguments>
<arg>xpath://span[@class='context-menu-one btn btn-neutral']</arg>
</arguments>
<status status="PASS" starttime="20191106 13:53:50.037" endtime="20191106 13:53:52.337"></status>
</kw>
<kw name="Go To" library="SeleniumLibrary">
<doc>Navigates the current browser window to the provided ``url``.</doc>
<arguments>
<arg>http://testautomationpractice.blogspot.com/</arg>
</arguments>
<msg timestamp="20191106 13:53:52.337" level="INFO">Opening url 'http://testautomationpractice.blogspot.com/'</msg>
<status status="PASS" starttime="20191106 13:53:52.337" endtime="20191106 13:53:58.283"></status>
</kw>
<kw name="Maximize Browser Window" library="SeleniumLibrary">
<doc>Maximizes current browser window.</doc>
<status status="PASS" starttime="20191106 13:53:58.283" endtime="20191106 13:53:59.294"></status>
</kw>
<kw name="Double Click Element" library="SeleniumLibrary">
<doc>Double clicks the element identified by ``locator``.</doc>
<arguments>
<arg>xpath://button[contains(text(),'Copy Text')]</arg>
</arguments>
<msg timestamp="20191106 13:53:59.294" level="INFO">Double clicking element 'xpath://button[contains(text(),'Copy Text')]'.</msg>
<status status="PASS" starttime="20191106 13:53:59.294" endtime="20191106 13:54:01.669"></status>
</kw>
<kw name="Go To" library="SeleniumLibrary">
<doc>Navigates the current browser window to the provided ``url``.</doc>
<arguments>
<arg>http://dhtmlgoodies.com/scripts/drag-drop-custom/demo-drag-drop-3.html</arg>
</arguments>
<msg timestamp="20191106 13:54:01.669" level="INFO">Opening url 'http://dhtmlgoodies.com/scripts/drag-drop-custom/demo-drag-drop-3.html'</msg>
<status status="PASS" starttime="20191106 13:54:01.669" endtime="20191106 13:54:05.173"></status>
</kw>
<kw name="Maximize Browser Window" library="SeleniumLibrary">
<doc>Maximizes current browser window.</doc>
<status status="PASS" starttime="20191106 13:54:05.173" endtime="20191106 13:54:06.199"></status>
</kw>
<kw name="Drag And Drop" library="SeleniumLibrary">
<doc>Drags the element identified by ``locator`` into the ``target`` element.</doc>
<arguments>
<arg>id:box3</arg>
<arg>id:box103</arg>
</arguments>
<status status="PASS" starttime="20191106 13:54:06.199" endtime="20191106 13:54:09.848"></status>
</kw>
<kw name="Drag And Drop" library="SeleniumLibrary">
<doc>Drags the element identified by ``locator`` into the ``target`` element.</doc>
<arguments>
<arg>id:box5</arg>
<arg>id:box105</arg>
</arguments>
<status status="PASS" starttime="20191106 13:54:09.848" endtime="20191106 13:54:13.478"></status>
</kw>
<kw name="Drag And Drop" library="SeleniumLibrary">
<doc>Drags the element identified by ``locator`` into the ``target`` element.</doc>
<arguments>
<arg>id:box6</arg>
<arg>id:box106</arg>
</arguments>
<status status="PASS" starttime="20191106 13:54:13.478" endtime="20191106 13:54:17.117"></status>
</kw>
<kw name="Drag And Drop" library="SeleniumLibrary">
<doc>Drags the element identified by ``locator`` into the ``target`` element.</doc>
<arguments>
<arg>id:box7</arg>
<arg>id:box107</arg>
</arguments>
<status status="PASS" starttime="20191106 13:54:17.117" endtime="20191106 13:54:20.755"></status>
</kw>
<kw name="Drag And Drop" library="SeleniumLibrary">
<doc>Drags the element identified by ``locator`` into the ``target`` element.</doc>
<arguments>
<arg>id:box1</arg>
<arg>id:box101</arg>
</arguments>
<status status="PASS" starttime="20191106 13:54:20.755" endtime="20191106 13:54:24.378"></status>
</kw>
<kw name="Drag And Drop" library="SeleniumLibrary">
<doc>Drags the element identified by ``locator`` into the ``target`` element.</doc>
<arguments>
<arg>id:box2</arg>
<arg>id:box102</arg>
</arguments>
<status status="PASS" starttime="20191106 13:54:24.378" endtime="20191106 13:54:27.998"></status>
</kw>
<kw name="Drag And Drop" library="SeleniumLibrary">
<doc>Drags the element identified by ``locator`` into the ``target`` element.</doc>
<arguments>
<arg>id:box4</arg>
<arg>id:box104</arg>
</arguments>
<status status="PASS" starttime="20191106 13:54:27.998" endtime="20191106 13:54:31.633"></status>
</kw>
<kw name="Sleep" library="BuiltIn">
<doc>Pauses the test executed for the given time.</doc>
<arguments>
<arg>2s</arg>
</arguments>
<msg timestamp="20191106 13:54:33.633" level="INFO">Slept 2 seconds</msg>
<status status="PASS" starttime="20191106 13:54:31.633" endtime="20191106 13:54:33.633"></status>
</kw>
<status status="PASS" starttime="20191106 13:53:50.033" endtime="20191106 13:54:33.633"></status>
</kw>
<kw name="Close All Browsers" library="SeleniumLibrary">
<doc>Closes all open browsers and resets the browser cache.</doc>
<status status="PASS" starttime="20191106 13:54:33.633" endtime="20191106 13:54:36.789"></status>
</kw>
<status status="PASS" starttime="20191106 13:53:39.660" endtime="20191106 13:54:36.789" critical="yes"></status>
</test>
<status status="PASS" starttime="20191106 13:53:39.384" endtime="20191106 13:54:36.793"></status>
</suite>
<status status="PASS" starttime="20191106 13:53:39.356" endtime="20191106 13:54:36.800"></status>
</suite>
<statistics>
<total>
<stat pass="1" fail="0">Critical Tests</stat>
<stat pass="1" fail="0">All Tests</stat>
</total>
<tag>
</tag>
<suite>
<stat pass="1" fail="0" id="s1" name="Tests">Tests</stat>
<stat pass="1" fail="0" id="s1-s1" name="MouseOparations">Tests.MouseOparations</stat>
</suite>
</statistics>
<errors>
</errors>
</robot>
