<?xml version="1.0" encoding="UTF-8"?>
<robot generator="Robot 3.1.2 (Python 3.7.4 on win32)" generated="20191011 16:43:05.833" rpa="false">
<suite id="s1" name="End To End" source="C:\development\robot-scripts\end-to-end\tests\EndToEnd\End_To_End.robot">
<test id="s1-t1" name="Should be able to access both sites">
<kw name="Begin Web Test" library="CommonWeb" type="setup">
<kw name="Open Browser" library="SeleniumLibrary">
<doc>Opens a new browser instance to the given ``url``.</doc>
<arguments>
<arg>about:blank</arg>
<arg>${BROWSER}</arg>
</arguments>
<msg timestamp="20191011 16:43:06.089" level="INFO">Opening browser 'chrome' to base url 'about:blank'.</msg>
<status status="PASS" starttime="20191011 16:43:06.089" endtime="20191011 16:43:11.440"></status>
</kw>
<status status="PASS" starttime="20191011 16:43:06.089" endtime="20191011 16:43:11.440"></status>
</kw>
<kw name="Go to Landing Page" library="FrontOfficeApp">
<kw name="Navigate To" library="FrontOffice.Landing">
<kw name="Go To" library="SeleniumLibrary">
<doc>Navigates the current browser window to the provided ``url``.</doc>
<arguments>
<arg>${FRONT_OFFICE_URL}</arg>
</arguments>
<msg timestamp="20191011 16:43:11.441" level="INFO">Opening url 'http://www.robotframeworktutorial.com/front-office'</msg>
<status status="PASS" starttime="20191011 16:43:11.441" endtime="20191011 16:43:16.349"></status>
</kw>
<status status="PASS" starttime="20191011 16:43:11.441" endtime="20191011 16:43:16.349"></status>
</kw>
<kw name="Verify Page Loaded" library="FrontOffice.Landing">
<kw name="Wait Until Page Contains Element" library="SeleniumLibrary">
<doc>Waits until the element ``locator`` appears on the current page.</doc>
<arguments>
<arg>${LANDING_NAVIGATION_ELEMENT}</arg>
</arguments>
<status status="PASS" starttime="20191011 16:43:16.352" endtime="20191011 16:43:16.379"></status>
</kw>
<status status="PASS" starttime="20191011 16:43:16.350" endtime="20191011 16:43:16.379"></status>
</kw>
<status status="PASS" starttime="20191011 16:43:11.440" endtime="20191011 16:43:16.379"></status>
</kw>
<kw name="Go to Landing Page" library="BackOfficeApp">
<kw name="Navigate To" library="BackOffice.Landing">
<kw name="Go To" library="SeleniumLibrary">
<doc>Navigates the current browser window to the provided ``url``.</doc>
<arguments>
<arg>${BACK_OFFICE_URL}</arg>
</arguments>
<msg timestamp="20191011 16:43:16.380" level="INFO">Opening url 'http://www.robotframeworktutorial.com/back-office'</msg>
<status status="PASS" starttime="20191011 16:43:16.380" endtime="20191011 16:43:17.982"></status>
</kw>
<status status="PASS" starttime="20191011 16:43:16.380" endtime="20191011 16:43:17.982"></status>
</kw>
<status status="PASS" starttime="20191011 16:43:16.379" endtime="20191011 16:43:17.983"></status>
</kw>
<kw name="End Web Test" library="CommonWeb" type="teardown">
<kw name="Close All Browsers" library="SeleniumLibrary">
<doc>Closes all open browsers and resets the browser cache.</doc>
<status status="PASS" starttime="20191011 16:43:17.984" endtime="20191011 16:43:20.204"></status>
</kw>
<status status="PASS" starttime="20191011 16:43:17.983" endtime="20191011 16:43:20.205"></status>
</kw>
<doc>This is test 1</doc>
<tags>
<tag>test1</tag>
</tags>
<status status="PASS" starttime="20191011 16:43:06.088" endtime="20191011 16:43:20.206" critical="yes"></status>
</test>
<doc>This is my end to end suite</doc>
<status status="PASS" starttime="20191011 16:43:05.834" endtime="20191011 16:43:20.211"></status>
</suite>
<statistics>
<total>
<stat pass="1" fail="0">Critical Tests</stat>
<stat pass="1" fail="0">All Tests</stat>
</total>
<tag>
<stat pass="1" fail="0">test1</stat>
</tag>
<suite>
<stat pass="1" fail="0" id="s1" name="End To End">End To End</stat>
</suite>
</statistics>
<errors>
</errors>
</robot>
