<?xml version="1.0" encoding="UTF-8"?>
<robot generator="Robot 3.1.2 (Python 3.7.4 on win32)" generated="20191105 15:57:13.552" rpa="false">
<suite id="s1" name="Tests" source="C:\development\test_automation\Alerts\tests">
<suite id="s1-s1" name="Alerts" source="C:\development\test_automation\Alerts\tests\Alerts.robot">
<test id="s1-s1-t1" name="HandlingAlertsch">
<kw name="Open Browser" library="SeleniumLibrary">
<doc>Opens a new browser instance to the given ``url``.</doc>
<arguments>
<arg>${URL}</arg>
<arg>${Browserch}</arg>
</arguments>
<msg timestamp="20191105 15:57:14.283" level="INFO">Opening browser 'chrome' to base url 'http://testautomationpractice.blogspot.com/'.</msg>
<status status="PASS" starttime="20191105 15:57:14.279" endtime="20191105 15:57:26.911"></status>
</kw>
<kw name="Maximize Browser Window" library="SeleniumLibrary">
<doc>Maximizes current browser window.</doc>
<status status="PASS" starttime="20191105 15:57:26.911" endtime="20191105 15:57:31.064"></status>
</kw>
<kw name="TestSpeedTests">
<kw name="Set Selenium Speed" library="SeleniumLibrary">
<doc>Sets the delay that is waited after each Selenium command.</doc>
<arguments>
<arg>1seconds</arg>
</arguments>
<status status="PASS" starttime="20191105 15:57:31.068" endtime="20191105 15:57:31.068"></status>
</kw>
<kw name="Click Element" library="SeleniumLibrary">
<doc>Click the element identified by ``locator``.</doc>
<arguments>
<arg>xpath://*[@id="HTML9"]/div[1]/button</arg>
</arguments>
<msg timestamp="20191105 15:57:31.068" level="INFO">Clicking element 'xpath://*[@id="HTML9"]/div[1]/button'.</msg>
<status status="PASS" starttime="20191105 15:57:31.068" endtime="20191105 15:57:33.263"></status>
</kw>
<kw name="Sleep" library="BuiltIn">
<doc>Pauses the test executed for the given time.</doc>
<arguments>
<arg>3s</arg>
</arguments>
<msg timestamp="20191105 15:57:36.267" level="INFO">Slept 3 seconds</msg>
<status status="PASS" starttime="20191105 15:57:33.263" endtime="20191105 15:57:36.267"></status>
</kw>
<kw name="Handle Alert" library="SeleniumLibrary">
<doc>Handles the current alert and returns its message.</doc>
<arguments>
<arg>accept</arg>
</arguments>
<status status="PASS" starttime="20191105 15:57:36.267" endtime="20191105 15:57:39.282"></status>
</kw>
<status status="PASS" starttime="20191105 15:57:31.064" endtime="20191105 15:57:39.282"></status>
</kw>
<status status="PASS" starttime="20191105 15:57:14.279" endtime="20191105 15:57:39.282" critical="yes"></status>
</test>
<test id="s1-s1-t2" name="HandlingAlertsff">
<kw name="Open Browser" library="SeleniumLibrary">
<doc>Opens a new browser instance to the given ``url``.</doc>
<arguments>
<arg>${URL}</arg>
<arg>${Browserff}</arg>
</arguments>
<msg timestamp="20191105 15:57:39.290" level="INFO">Opening browser 'ff' to base url 'http://testautomationpractice.blogspot.com/'.</msg>
<msg timestamp="20191105 15:57:39.294" level="INFO">Firefox driver log is always forced to to: C:\development\test_automation\Alerts\Result\geckodriver-2.log</msg>
<status status="PASS" starttime="20191105 15:57:39.290" endtime="20191105 15:57:54.004"></status>
</kw>
<kw name="Maximize Browser Window" library="SeleniumLibrary">
<doc>Maximizes current browser window.</doc>
<status status="PASS" starttime="20191105 15:57:54.004" endtime="20191105 15:57:55.320"></status>
</kw>
<kw name="TestSpeedTests">
<kw name="Set Selenium Speed" library="SeleniumLibrary">
<doc>Sets the delay that is waited after each Selenium command.</doc>
<arguments>
<arg>1seconds</arg>
</arguments>
<status status="PASS" starttime="20191105 15:57:55.320" endtime="20191105 15:57:55.320"></status>
</kw>
<kw name="Click Element" library="SeleniumLibrary">
<doc>Click the element identified by ``locator``.</doc>
<arguments>
<arg>xpath://*[@id="HTML9"]/div[1]/button</arg>
</arguments>
<msg timestamp="20191105 15:57:55.324" level="INFO">Clicking element 'xpath://*[@id="HTML9"]/div[1]/button'.</msg>
<status status="PASS" starttime="20191105 15:57:55.320" endtime="20191105 15:57:57.488"></status>
</kw>
<kw name="Sleep" library="BuiltIn">
<doc>Pauses the test executed for the given time.</doc>
<arguments>
<arg>3s</arg>
</arguments>
<msg timestamp="20191105 15:58:00.490" level="INFO">Slept 3 seconds</msg>
<status status="PASS" starttime="20191105 15:57:57.488" endtime="20191105 15:58:00.490"></status>
</kw>
<kw name="Handle Alert" library="SeleniumLibrary">
<doc>Handles the current alert and returns its message.</doc>
<arguments>
<arg>accept</arg>
</arguments>
<status status="PASS" starttime="20191105 15:58:00.490" endtime="20191105 15:58:03.582"></status>
</kw>
<status status="PASS" starttime="20191105 15:57:55.320" endtime="20191105 15:58:03.582"></status>
</kw>
<status status="PASS" starttime="20191105 15:57:39.286" endtime="20191105 15:58:03.582" critical="yes"></status>
</test>
<test id="s1-s1-t3" name="HandlingAlertsie">
<kw name="Open Browser" library="SeleniumLibrary">
<doc>Opens a new browser instance to the given ``url``.</doc>
<arguments>
<arg>${URL}</arg>
<arg>${Browserie}</arg>
</arguments>
<msg timestamp="20191105 15:58:03.590" level="INFO">Opening browser 'ie' to base url 'http://testautomationpractice.blogspot.com/'.</msg>
<status status="PASS" starttime="20191105 15:58:03.590" endtime="20191105 15:58:08.599"></status>
</kw>
<kw name="Maximize Browser Window" library="SeleniumLibrary">
<doc>Maximizes current browser window.</doc>
<status status="PASS" starttime="20191105 15:58:08.599" endtime="20191105 15:58:09.618"></status>
</kw>
<kw name="TestSpeedTests">
<kw name="Set Selenium Speed" library="SeleniumLibrary">
<doc>Sets the delay that is waited after each Selenium command.</doc>
<arguments>
<arg>1seconds</arg>
</arguments>
<status status="PASS" starttime="20191105 15:58:09.618" endtime="20191105 15:58:09.618"></status>
</kw>
<kw name="Click Element" library="SeleniumLibrary">
<doc>Click the element identified by ``locator``.</doc>
<arguments>
<arg>xpath://*[@id="HTML9"]/div[1]/button</arg>
</arguments>
<msg timestamp="20191105 15:58:09.622" level="INFO">Clicking element 'xpath://*[@id="HTML9"]/div[1]/button'.</msg>
<status status="PASS" starttime="20191105 15:58:09.622" endtime="20191105 15:58:12.513"></status>
</kw>
<kw name="Sleep" library="BuiltIn">
<doc>Pauses the test executed for the given time.</doc>
<arguments>
<arg>3s</arg>
</arguments>
<msg timestamp="20191105 15:58:15.515" level="INFO">Slept 3 seconds</msg>
<status status="PASS" starttime="20191105 15:58:12.513" endtime="20191105 15:58:15.515"></status>
</kw>
<kw name="Handle Alert" library="SeleniumLibrary">
<doc>Handles the current alert and returns its message.</doc>
<arguments>
<arg>accept</arg>
</arguments>
<status status="PASS" starttime="20191105 15:58:15.515" endtime="20191105 15:58:19.211"></status>
</kw>
<status status="PASS" starttime="20191105 15:58:09.618" endtime="20191105 15:58:19.211"></status>
</kw>
<kw name="Close All Browsers" library="SeleniumLibrary">
<doc>Closes all open browsers and resets the browser cache.</doc>
<status status="PASS" starttime="20191105 15:58:19.211" endtime="20191105 15:58:28.437"></status>
</kw>
<status status="PASS" starttime="20191105 15:58:03.586" endtime="20191105 15:58:28.437" critical="yes"></status>
</test>
<status status="PASS" starttime="20191105 15:57:13.657" endtime="20191105 15:58:28.445"></status>
</suite>
<status status="PASS" starttime="20191105 15:57:13.556" endtime="20191105 15:58:28.457"></status>
</suite>
<statistics>
<total>
<stat pass="3" fail="0">Critical Tests</stat>
<stat pass="3" fail="0">All Tests</stat>
</total>
<tag>
</tag>
<suite>
<stat pass="3" fail="0" id="s1" name="Tests">Tests</stat>
<stat pass="3" fail="0" id="s1-s1" name="Alerts">Tests.Alerts</stat>
</suite>
</statistics>
<errors>
</errors>
</robot>
