<?xml version="1.0" encoding="UTF-8"?>
<robot generator="Robot 3.1.2 (Python 3.7.4 on win32)" generated="20191002 15:52:25.465" rpa="false">
<suite id="s1" name="Amazon" source="c:\development\robot-scripts\amazon\tests\amazon.robot">
<test id="s1-t1" name="User must sign in to check out">
<kw name="Open Browser" library="SeleniumLibrary">
<doc>Opens a new browser instance to the given ``url``.</doc>
<arguments>
<arg>http://www.amazon.com</arg>
<arg>chrome</arg>
</arguments>
<msg timestamp="20191002 15:52:25.841" level="INFO">Opening browser 'chrome' to base url 'http://www.amazon.com'.</msg>
<status status="PASS" starttime="20191002 15:52:25.841" endtime="20191002 15:52:33.977"></status>
</kw>
<kw name="Sleep" library="BuiltIn">
<doc>Pauses the test executed for the given time.</doc>
<arguments>
<arg>3s</arg>
</arguments>
<msg timestamp="20191002 15:52:36.982" level="INFO">Slept 3 seconds</msg>
<status status="PASS" starttime="20191002 15:52:33.982" endtime="20191002 15:52:36.982"></status>
</kw>
<kw name="Close Browser" library="SeleniumLibrary">
<doc>Closes the current browser.</doc>
<status status="PASS" starttime="20191002 15:52:36.995" endtime="20191002 15:52:40.709"></status>
</kw>
<doc>This is some basic info about the test</doc>
<tags>
<tag>smoke</tag>
</tags>
<status status="PASS" starttime="20191002 15:52:25.840" endtime="20191002 15:52:40.709" critical="yes"></status>
</test>
<doc>This is some basic info about the whole suite</doc>
<status status="PASS" starttime="20191002 15:52:25.468" endtime="20191002 15:52:40.711"></status>
</suite>
<statistics>
<total>
<stat pass="1" fail="0">Critical Tests</stat>
<stat pass="1" fail="0">All Tests</stat>
</total>
<tag>
<stat pass="1" fail="0">smoke</stat>
</tag>
<suite>
<stat pass="1" fail="0" id="s1" name="Amazon">Amazon</stat>
</suite>
</statistics>
<errors>
</errors>
</robot>
