<?xml version="1.0" encoding="UTF-8"?>
<robot generator="Robot 3.1.2 (Python 3.7.4 on win32)" generated="20191106 15:45:21.851" rpa="false">
<suite id="s1" name="Tests" source="C:\development\test_automation\ScrollingPage.robot\tests">
<suite id="s1-s1" name="ScrollingPage" source="C:\development\test_automation\ScrollingPage.robot\tests\ScrollingPage.robot">
<test id="s1-s1-t1" name="ScrollingTestch">
<kw name="Open Browser" library="SeleniumLibrary">
<doc>Opens a new browser instance to the given ``url``.</doc>
<arguments>
<arg>${URL}</arg>
<arg>${Browserch}</arg>
</arguments>
<msg timestamp="20191106 15:45:22.355" level="INFO">Opening browser 'chrome' to base url 'https://www.countries-ofthe-world.com/flags-of-the-world.html'.</msg>
<status status="PASS" starttime="20191106 15:45:22.351" endtime="20191106 15:45:29.710"></status>
</kw>
<kw name="Maximize Browser Window" library="SeleniumLibrary">
<doc>Maximizes current browser window.</doc>
<status status="PASS" starttime="20191106 15:45:29.714" endtime="20191106 15:45:33.905"></status>
</kw>
<kw name="Set Selenium Speed" library="SeleniumLibrary">
<doc>Sets the delay that is waited after each Selenium command.</doc>
<arguments>
<arg>2s</arg>
</arguments>
<status status="PASS" starttime="20191106 15:45:33.905" endtime="20191106 15:45:33.909"></status>
</kw>
<kw name="TestSpeedTests">
<kw name="Sleep" library="BuiltIn">
<doc>Pauses the test executed for the given time.</doc>
<arguments>
<arg>1S</arg>
</arguments>
<msg timestamp="20191106 15:45:34.909" level="INFO">Slept 1 second</msg>
<status status="PASS" starttime="20191106 15:45:33.909" endtime="20191106 15:45:34.909"></status>
</kw>
<kw name="Execute Javascript" library="SeleniumLibrary">
<doc>Executes the given JavaScript code with possible arguments.</doc>
<arguments>
<arg>window.scroll(0,document.body.scrollHeight)</arg>
</arguments>
<msg timestamp="20191106 15:45:34.909" level="INFO">Executing JavaScript:
window.scroll(0,document.body.scrollHeight)
Without any arguments.</msg>
<status status="PASS" starttime="20191106 15:45:34.909" endtime="20191106 15:45:36.944"></status>
</kw>
<kw name="Sleep" library="BuiltIn">
<doc>Pauses the test executed for the given time.</doc>
<arguments>
<arg>2s</arg>
</arguments>
<msg timestamp="20191106 15:45:38.945" level="INFO">Slept 2 seconds</msg>
<status status="PASS" starttime="20191106 15:45:36.944" endtime="20191106 15:45:38.945"></status>
</kw>
<kw name="Execute Javascript" library="SeleniumLibrary">
<doc>Executes the given JavaScript code with possible arguments.</doc>
<arguments>
<arg>window.scroll(0,-document.body.scrollHeight)</arg>
</arguments>
<msg timestamp="20191106 15:45:38.945" level="INFO">Executing JavaScript:
window.scroll(0,-document.body.scrollHeight)
Without any arguments.</msg>
<status status="PASS" starttime="20191106 15:45:38.945" endtime="20191106 15:45:40.978"></status>
</kw>
<status status="PASS" starttime="20191106 15:45:33.909" endtime="20191106 15:45:40.978"></status>
</kw>
<kw name="Close All Browsers" library="SeleniumLibrary">
<doc>Closes all open browsers and resets the browser cache.</doc>
<status status="PASS" starttime="20191106 15:45:40.978" endtime="20191106 15:45:45.128"></status>
</kw>
<status status="PASS" starttime="20191106 15:45:22.351" endtime="20191106 15:45:45.128" critical="yes"></status>
</test>
<status status="PASS" starttime="20191106 15:45:21.955" endtime="20191106 15:45:45.132"></status>
</suite>
<status status="PASS" starttime="20191106 15:45:21.859" endtime="20191106 15:45:45.140"></status>
</suite>
<statistics>
<total>
<stat pass="1" fail="0">Critical Tests</stat>
<stat pass="1" fail="0">All Tests</stat>
</total>
<tag>
</tag>
<suite>
<stat pass="1" fail="0" id="s1" name="Tests">Tests</stat>
<stat pass="1" fail="0" id="s1-s1" name="ScrollingPage">Tests.ScrollingPage</stat>
</suite>
</statistics>
<errors>
</errors>
</robot>
