<?xml version="1.0" encoding="UTF-8"?>
<robot generator="Robot 3.1.2 (Python 3.7.4 on win32)" generated="20191106 17:28:11.346" rpa="false">
<suite id="s1" name="Tests" source="C:\development\test_automation\GetAllLinks\Tests">
<suite id="s1-s1" name="GetAllLinks" source="C:\development\test_automation\GetAllLinks\Tests\GetAllLinks.robot">
<test id="s1-s1-t1" name="LoginTCch">
<kw name="Open Browser" library="SeleniumLibrary">
<doc>Opens a new browser instance to the given ``url``.</doc>
<arguments>
<arg>${URL}</arg>
<arg>${Browser}</arg>
</arguments>
<msg timestamp="20191106 17:28:11.718" level="INFO">Opening browser 'chrome' to base url 'http://newtours.demoaut.com/'.</msg>
<status status="PASS" starttime="20191106 17:28:11.718" endtime="20191106 17:28:19.404"></status>
</kw>
<kw name="Maximize Browser Window" library="SeleniumLibrary">
<doc>Maximizes current browser window.</doc>
<status status="PASS" starttime="20191106 17:28:19.404" endtime="20191106 17:28:23.561"></status>
</kw>
<kw name="Set Selenium Speed" library="SeleniumLibrary">
<doc>Sets the delay that is waited after each Selenium command.</doc>
<arguments>
<arg>2s</arg>
</arguments>
<status status="PASS" starttime="20191106 17:28:23.561" endtime="20191106 17:28:23.565"></status>
</kw>
<kw name="TestSpeedTests">
<kw name="Get Element Count" library="SeleniumLibrary">
<doc>Returns the number of elements matching ``locator``.</doc>
<arguments>
<arg>xpath://a</arg>
</arguments>
<assign>
<var>${AllLinksCount}</var>
</assign>
<msg timestamp="20191106 17:28:25.586" level="INFO">${AllLinksCount} = 16</msg>
<status status="PASS" starttime="20191106 17:28:23.565" endtime="20191106 17:28:25.586"></status>
</kw>
<kw name="Log To Console" library="BuiltIn">
<doc>Logs the given message to the console.</doc>
<arguments>
<arg>${AllLinksCount}</arg>
</arguments>
<status status="PASS" starttime="20191106 17:28:25.586" endtime="20191106 17:28:25.586"></status>
</kw>
<kw name="Create List" library="BuiltIn">
<doc>Returns a list containing given items.</doc>
<assign>
<var>@{LinkItems}</var>
</assign>
<msg timestamp="20191106 17:28:25.586" level="INFO">@{LinkItems} = [ ]</msg>
<status status="PASS" starttime="20191106 17:28:25.586" endtime="20191106 17:28:25.590"></status>
</kw>
<kw name="${i} IN RANGE [ 1 | ${AllLinksCount}+1 ]" type="for">
<kw name="${i} = 1" type="foritem">
<kw name="Get Text" library="SeleniumLibrary">
<doc>Returns the text value of the element identified by ``locator``.</doc>
<arguments>
<arg>Xpath:(//a)[${i}]</arg>
</arguments>
<assign>
<var>${linkText}</var>
</assign>
<msg timestamp="20191106 17:28:29.685" level="INFO">${linkText} = Home</msg>
<status status="PASS" starttime="20191106 17:28:25.590" endtime="20191106 17:28:29.685"></status>
</kw>
<kw name="Log To Console" library="BuiltIn">
<doc>Logs the given message to the console.</doc>
<arguments>
<arg>${LinkText}</arg>
</arguments>
<status status="PASS" starttime="20191106 17:28:29.685" endtime="20191106 17:28:29.685"></status>
</kw>
<status status="PASS" starttime="20191106 17:28:25.590" endtime="20191106 17:28:29.685"></status>
</kw>
<kw name="${i} = 2" type="foritem">
<kw name="Get Text" library="SeleniumLibrary">
<doc>Returns the text value of the element identified by ``locator``.</doc>
<arguments>
<arg>Xpath:(//a)[${i}]</arg>
</arguments>
<assign>
<var>${linkText}</var>
</assign>
<msg timestamp="20191106 17:28:33.781" level="INFO">${linkText} = Flights</msg>
<status status="PASS" starttime="20191106 17:28:29.685" endtime="20191106 17:28:33.781"></status>
</kw>
<kw name="Log To Console" library="BuiltIn">
<doc>Logs the given message to the console.</doc>
<arguments>
<arg>${LinkText}</arg>
</arguments>
<status status="PASS" starttime="20191106 17:28:33.781" endtime="20191106 17:28:33.781"></status>
</kw>
<status status="PASS" starttime="20191106 17:28:29.685" endtime="20191106 17:28:33.781"></status>
</kw>
<kw name="${i} = 3" type="foritem">
<kw name="Get Text" library="SeleniumLibrary">
<doc>Returns the text value of the element identified by ``locator``.</doc>
<arguments>
<arg>Xpath:(//a)[${i}]</arg>
</arguments>
<assign>
<var>${linkText}</var>
</assign>
<msg timestamp="20191106 17:28:37.841" level="INFO">${linkText} = Hotels</msg>
<status status="PASS" starttime="20191106 17:28:33.781" endtime="20191106 17:28:37.841"></status>
</kw>
<kw name="Log To Console" library="BuiltIn">
<doc>Logs the given message to the console.</doc>
<arguments>
<arg>${LinkText}</arg>
</arguments>
<status status="PASS" starttime="20191106 17:28:37.841" endtime="20191106 17:28:37.841"></status>
</kw>
<status status="PASS" starttime="20191106 17:28:33.781" endtime="20191106 17:28:37.841"></status>
</kw>
<kw name="${i} = 4" type="foritem">
<kw name="Get Text" library="SeleniumLibrary">
<doc>Returns the text value of the element identified by ``locator``.</doc>
<arguments>
<arg>Xpath:(//a)[${i}]</arg>
</arguments>
<assign>
<var>${linkText}</var>
</assign>
<msg timestamp="20191106 17:28:41.938" level="INFO">${linkText} = Car Rentals</msg>
<status status="PASS" starttime="20191106 17:28:37.841" endtime="20191106 17:28:41.938"></status>
</kw>
<kw name="Log To Console" library="BuiltIn">
<doc>Logs the given message to the console.</doc>
<arguments>
<arg>${LinkText}</arg>
</arguments>
<status status="PASS" starttime="20191106 17:28:41.938" endtime="20191106 17:28:41.938"></status>
</kw>
<status status="PASS" starttime="20191106 17:28:37.841" endtime="20191106 17:28:41.938"></status>
</kw>
<kw name="${i} = 5" type="foritem">
<kw name="Get Text" library="SeleniumLibrary">
<doc>Returns the text value of the element identified by ``locator``.</doc>
<arguments>
<arg>Xpath:(//a)[${i}]</arg>
</arguments>
<assign>
<var>${linkText}</var>
</assign>
<msg timestamp="20191106 17:28:46.033" level="INFO">${linkText} = Cruises</msg>
<status status="PASS" starttime="20191106 17:28:41.938" endtime="20191106 17:28:46.033"></status>
</kw>
<kw name="Log To Console" library="BuiltIn">
<doc>Logs the given message to the console.</doc>
<arguments>
<arg>${LinkText}</arg>
</arguments>
<status status="PASS" starttime="20191106 17:28:46.033" endtime="20191106 17:28:46.033"></status>
</kw>
<status status="PASS" starttime="20191106 17:28:41.938" endtime="20191106 17:28:46.033"></status>
</kw>
<kw name="${i} = 6" type="foritem">
<kw name="Get Text" library="SeleniumLibrary">
<doc>Returns the text value of the element identified by ``locator``.</doc>
<arguments>
<arg>Xpath:(//a)[${i}]</arg>
</arguments>
<assign>
<var>${linkText}</var>
</assign>
<msg timestamp="20191106 17:28:50.123" level="INFO">${linkText} = Destinations</msg>
<status status="PASS" starttime="20191106 17:28:46.033" endtime="20191106 17:28:50.123"></status>
</kw>
<kw name="Log To Console" library="BuiltIn">
<doc>Logs the given message to the console.</doc>
<arguments>
<arg>${LinkText}</arg>
</arguments>
<status status="PASS" starttime="20191106 17:28:50.123" endtime="20191106 17:28:50.123"></status>
</kw>
<status status="PASS" starttime="20191106 17:28:46.033" endtime="20191106 17:28:50.123"></status>
</kw>
<kw name="${i} = 7" type="foritem">
<kw name="Get Text" library="SeleniumLibrary">
<doc>Returns the text value of the element identified by ``locator``.</doc>
<arguments>
<arg>Xpath:(//a)[${i}]</arg>
</arguments>
<assign>
<var>${linkText}</var>
</assign>
<msg timestamp="20191106 17:28:54.213" level="INFO">${linkText} = Vacations</msg>
<status status="PASS" starttime="20191106 17:28:50.123" endtime="20191106 17:28:54.213"></status>
</kw>
<kw name="Log To Console" library="BuiltIn">
<doc>Logs the given message to the console.</doc>
<arguments>
<arg>${LinkText}</arg>
</arguments>
<status status="PASS" starttime="20191106 17:28:54.213" endtime="20191106 17:28:54.213"></status>
</kw>
<status status="PASS" starttime="20191106 17:28:50.123" endtime="20191106 17:28:54.213"></status>
</kw>
<kw name="${i} = 8" type="foritem">
<kw name="Get Text" library="SeleniumLibrary">
<doc>Returns the text value of the element identified by ``locator``.</doc>
<arguments>
<arg>Xpath:(//a)[${i}]</arg>
</arguments>
<assign>
<var>${linkText}</var>
</assign>
<msg timestamp="20191106 17:28:58.308" level="INFO">${linkText} = SIGN-ON</msg>
<status status="PASS" starttime="20191106 17:28:54.213" endtime="20191106 17:28:58.308"></status>
</kw>
<kw name="Log To Console" library="BuiltIn">
<doc>Logs the given message to the console.</doc>
<arguments>
<arg>${LinkText}</arg>
</arguments>
<status status="PASS" starttime="20191106 17:28:58.308" endtime="20191106 17:28:58.308"></status>
</kw>
<status status="PASS" starttime="20191106 17:28:54.213" endtime="20191106 17:28:58.308"></status>
</kw>
<kw name="${i} = 9" type="foritem">
<kw name="Get Text" library="SeleniumLibrary">
<doc>Returns the text value of the element identified by ``locator``.</doc>
<arguments>
<arg>Xpath:(//a)[${i}]</arg>
</arguments>
<assign>
<var>${linkText}</var>
</assign>
<msg timestamp="20191106 17:29:02.369" level="INFO">${linkText} = REGISTER</msg>
<status status="PASS" starttime="20191106 17:28:58.308" endtime="20191106 17:29:02.369"></status>
</kw>
<kw name="Log To Console" library="BuiltIn">
<doc>Logs the given message to the console.</doc>
<arguments>
<arg>${LinkText}</arg>
</arguments>
<status status="PASS" starttime="20191106 17:29:02.369" endtime="20191106 17:29:02.369"></status>
</kw>
<status status="PASS" starttime="20191106 17:28:58.308" endtime="20191106 17:29:02.369"></status>
</kw>
<kw name="${i} = 10" type="foritem">
<kw name="Get Text" library="SeleniumLibrary">
<doc>Returns the text value of the element identified by ``locator``.</doc>
<arguments>
<arg>Xpath:(//a)[${i}]</arg>
</arguments>
<assign>
<var>${linkText}</var>
</assign>
<msg timestamp="20191106 17:29:06.458" level="INFO">${linkText} = SUPPORT</msg>
<status status="PASS" starttime="20191106 17:29:02.369" endtime="20191106 17:29:06.458"></status>
</kw>
<kw name="Log To Console" library="BuiltIn">
<doc>Logs the given message to the console.</doc>
<arguments>
<arg>${LinkText}</arg>
</arguments>
<status status="PASS" starttime="20191106 17:29:06.458" endtime="20191106 17:29:06.458"></status>
</kw>
<status status="PASS" starttime="20191106 17:29:02.369" endtime="20191106 17:29:06.458"></status>
</kw>
<kw name="${i} = 11" type="foritem">
<kw name="Get Text" library="SeleniumLibrary">
<doc>Returns the text value of the element identified by ``locator``.</doc>
<arguments>
<arg>Xpath:(//a)[${i}]</arg>
</arguments>
<assign>
<var>${linkText}</var>
</assign>
<msg timestamp="20191106 17:29:10.548" level="INFO">${linkText} = CONTACT</msg>
<status status="PASS" starttime="20191106 17:29:06.458" endtime="20191106 17:29:10.548"></status>
</kw>
<kw name="Log To Console" library="BuiltIn">
<doc>Logs the given message to the console.</doc>
<arguments>
<arg>${LinkText}</arg>
</arguments>
<status status="PASS" starttime="20191106 17:29:10.548" endtime="20191106 17:29:10.548"></status>
</kw>
<status status="PASS" starttime="20191106 17:29:06.458" endtime="20191106 17:29:10.548"></status>
</kw>
<kw name="${i} = 12" type="foritem">
<kw name="Get Text" library="SeleniumLibrary">
<doc>Returns the text value of the element identified by ``locator``.</doc>
<arguments>
<arg>Xpath:(//a)[${i}]</arg>
</arguments>
<assign>
<var>${linkText}</var>
</assign>
<msg timestamp="20191106 17:29:14.641" level="INFO">${linkText} = your destination</msg>
<status status="PASS" starttime="20191106 17:29:10.548" endtime="20191106 17:29:14.641"></status>
</kw>
<kw name="Log To Console" library="BuiltIn">
<doc>Logs the given message to the console.</doc>
<arguments>
<arg>${LinkText}</arg>
</arguments>
<status status="PASS" starttime="20191106 17:29:14.641" endtime="20191106 17:29:14.641"></status>
</kw>
<status status="PASS" starttime="20191106 17:29:10.548" endtime="20191106 17:29:14.641"></status>
</kw>
<kw name="${i} = 13" type="foritem">
<kw name="Get Text" library="SeleniumLibrary">
<doc>Returns the text value of the element identified by ``locator``.</doc>
<arguments>
<arg>Xpath:(//a)[${i}]</arg>
</arguments>
<assign>
<var>${linkText}</var>
</assign>
<msg timestamp="20191106 17:29:18.733" level="INFO">${linkText} = featured vacation destinations</msg>
<status status="PASS" starttime="20191106 17:29:14.641" endtime="20191106 17:29:18.733"></status>
</kw>
<kw name="Log To Console" library="BuiltIn">
<doc>Logs the given message to the console.</doc>
<arguments>
<arg>${LinkText}</arg>
</arguments>
<status status="PASS" starttime="20191106 17:29:18.733" endtime="20191106 17:29:18.733"></status>
</kw>
<status status="PASS" starttime="20191106 17:29:14.641" endtime="20191106 17:29:18.733"></status>
</kw>
<kw name="${i} = 14" type="foritem">
<kw name="Get Text" library="SeleniumLibrary">
<doc>Returns the text value of the element identified by ``locator``.</doc>
<arguments>
<arg>Xpath:(//a)[${i}]</arg>
</arguments>
<assign>
<var>${linkText}</var>
</assign>
<msg timestamp="20191106 17:29:22.805" level="INFO">${linkText} = Register here</msg>
<status status="PASS" starttime="20191106 17:29:18.733" endtime="20191106 17:29:22.805"></status>
</kw>
<kw name="Log To Console" library="BuiltIn">
<doc>Logs the given message to the console.</doc>
<arguments>
<arg>${LinkText}</arg>
</arguments>
<status status="PASS" starttime="20191106 17:29:22.805" endtime="20191106 17:29:22.805"></status>
</kw>
<status status="PASS" starttime="20191106 17:29:18.733" endtime="20191106 17:29:22.805"></status>
</kw>
<kw name="${i} = 15" type="foritem">
<kw name="Get Text" library="SeleniumLibrary">
<doc>Returns the text value of the element identified by ``locator``.</doc>
<arguments>
<arg>Xpath:(//a)[${i}]</arg>
</arguments>
<assign>
<var>${linkText}</var>
</assign>
<msg timestamp="20191106 17:29:26.899" level="INFO">${linkText} = Business Travel @ About.com</msg>
<status status="PASS" starttime="20191106 17:29:22.809" endtime="20191106 17:29:26.899"></status>
</kw>
<kw name="Log To Console" library="BuiltIn">
<doc>Logs the given message to the console.</doc>
<arguments>
<arg>${LinkText}</arg>
</arguments>
<status status="PASS" starttime="20191106 17:29:26.899" endtime="20191106 17:29:26.899"></status>
</kw>
<status status="PASS" starttime="20191106 17:29:22.805" endtime="20191106 17:29:26.899"></status>
</kw>
<kw name="${i} = 16" type="foritem">
<kw name="Get Text" library="SeleniumLibrary">
<doc>Returns the text value of the element identified by ``locator``.</doc>
<arguments>
<arg>Xpath:(//a)[${i}]</arg>
</arguments>
<assign>
<var>${linkText}</var>
</assign>
<msg timestamp="20191106 17:29:31.006" level="INFO">${linkText} = Salon Travel</msg>
<status status="PASS" starttime="20191106 17:29:26.899" endtime="20191106 17:29:31.006"></status>
</kw>
<kw name="Log To Console" library="BuiltIn">
<doc>Logs the given message to the console.</doc>
<arguments>
<arg>${LinkText}</arg>
</arguments>
<status status="PASS" starttime="20191106 17:29:31.006" endtime="20191106 17:29:31.006"></status>
</kw>
<status status="PASS" starttime="20191106 17:29:26.899" endtime="20191106 17:29:31.006"></status>
</kw>
<status status="PASS" starttime="20191106 17:28:25.590" endtime="20191106 17:29:31.006"></status>
</kw>
<status status="PASS" starttime="20191106 17:28:23.565" endtime="20191106 17:29:31.006"></status>
</kw>
<kw name="Close All Browsers" library="SeleniumLibrary">
<doc>Closes all open browsers and resets the browser cache.</doc>
<status status="PASS" starttime="20191106 17:29:31.010" endtime="20191106 17:29:35.164"></status>
</kw>
<status status="PASS" starttime="20191106 17:28:11.718" endtime="20191106 17:29:35.164" critical="yes"></status>
</test>
<status status="PASS" starttime="20191106 17:28:11.426" endtime="20191106 17:29:35.168"></status>
</suite>
<status status="PASS" starttime="20191106 17:28:11.350" endtime="20191106 17:29:35.176"></status>
</suite>
<statistics>
<total>
<stat pass="1" fail="0">Critical Tests</stat>
<stat pass="1" fail="0">All Tests</stat>
</total>
<tag>
</tag>
<suite>
<stat pass="1" fail="0" id="s1" name="Tests">Tests</stat>
<stat pass="1" fail="0" id="s1-s1" name="GetAllLinks">Tests.GetAllLinks</stat>
</suite>
</statistics>
<errors>
</errors>
</robot>
