<?xml version="1.0" encoding="UTF-8"?>
<robot generator="Robot 3.1.2 (Python 3.7.4 on win32)" generated="20191109 10:04:41.948" rpa="false">
<suite id="s1" name="Tests" source="C:\development\test_automation\Automation\tests">
<suite id="s1-s1" name="LoginTest" source="C:\development\test_automation\Automation\tests\LoginTest.robot">
<test id="s1-s1-t1" name="LoginTest">
<kw name="Open my Browser" library="LoginKeyWords">
<arguments>
<arg>${SiteUrl}</arg>
<arg>${Browser}</arg>
</arguments>
<kw name="Open Browser" library="SeleniumLibrary">
<doc>Opens a new browser instance to the given ``url``.</doc>
<arguments>
<arg>${SiteUrl}</arg>
<arg>${Browser}</arg>
</arguments>
<msg timestamp="20191109 10:04:42.198" level="INFO">Opening browser 'ff' to base url 'http://newtours.demoaut.com/'.</msg>
<msg timestamp="20191109 10:04:42.208" level="INFO">Firefox driver log is always forced to to: C:\development\test_automation\Automation\result\pabot_results\Tests.LoginTest\geckodriver-1.log</msg>
<status status="PASS" starttime="20191109 10:04:42.198" endtime="20191109 10:04:51.353"></status>
</kw>
<status status="PASS" starttime="20191109 10:04:42.198" endtime="20191109 10:04:51.354"></status>
</kw>
<kw name="Set Selenium Speed" library="SeleniumLibrary">
<doc>Sets the delay that is waited after each Selenium command.</doc>
<arguments>
<arg>1s</arg>
</arguments>
<status status="PASS" starttime="20191109 10:04:51.355" endtime="20191109 10:04:51.356"></status>
</kw>
<kw name="Enter UserName" library="LoginKeyWords">
<arguments>
<arg>${User}</arg>
</arguments>
<kw name="Input Text" library="SeleniumLibrary">
<doc>Types the given ``text`` into the text field identified by ``locator``.</doc>
<arguments>
<arg>${txt_loginUserName}</arg>
<arg>${UserName}</arg>
</arguments>
<msg timestamp="20191109 10:04:51.359" level="INFO">Typing text 'tannguyen' into text field 'name:userName'.</msg>
<status status="PASS" starttime="20191109 10:04:51.358" endtime="20191109 10:04:54.427"></status>
</kw>
<status status="PASS" starttime="20191109 10:04:51.357" endtime="20191109 10:04:54.428"></status>
</kw>
<kw name="Enter Password" library="LoginKeyWords">
<arguments>
<arg>${Password}</arg>
</arguments>
<kw name="Input Text" library="SeleniumLibrary">
<doc>Types the given ``text`` into the text field identified by ``locator``.</doc>
<arguments>
<arg>${txt_loginPassword}</arg>
<arg>${Password}</arg>
</arguments>
<msg timestamp="20191109 10:04:54.431" level="INFO">Typing text 'tannguyen@123' into text field 'name:password'.</msg>
<status status="PASS" starttime="20191109 10:04:54.430" endtime="20191109 10:04:57.545"></status>
</kw>
<status status="PASS" starttime="20191109 10:04:54.429" endtime="20191109 10:04:57.546"></status>
</kw>
<kw name="Click SignIn" library="LoginKeyWords">
<kw name="Click Button" library="SeleniumLibrary">
<doc>Clicks the button identified by ``locator``.</doc>
<arguments>
<arg>${btn_signIn}</arg>
</arguments>
<msg timestamp="20191109 10:04:57.548" level="INFO">Clicking button 'name:login'.</msg>
<status status="PASS" starttime="20191109 10:04:57.547" endtime="20191109 10:05:03.172"></status>
</kw>
<status status="PASS" starttime="20191109 10:04:57.546" endtime="20191109 10:05:03.172"></status>
</kw>
<kw name="Verify Succesfull Login" library="LoginKeyWords">
<kw name="Title Should Be" library="SeleniumLibrary">
<doc>Verifies that the current page title equals ``title``.</doc>
<arguments>
<arg>Find a Flight: Mercury Tours:</arg>
</arguments>
<msg timestamp="20191109 10:05:04.183" level="INFO">Page title is 'Find a Flight: Mercury Tours:'.</msg>
<status status="PASS" starttime="20191109 10:05:03.174" endtime="20191109 10:05:04.183"></status>
</kw>
<status status="PASS" starttime="20191109 10:05:03.173" endtime="20191109 10:05:04.183"></status>
</kw>
<kw name="Close my Browser" library="LoginKeyWords">
<kw name="Close All Browsers" library="SeleniumLibrary">
<doc>Closes all open browsers and resets the browser cache.</doc>
<status status="PASS" starttime="20191109 10:05:04.184" endtime="20191109 10:05:06.140"></status>
</kw>
<status status="PASS" starttime="20191109 10:05:04.184" endtime="20191109 10:05:06.140"></status>
</kw>
<status status="PASS" starttime="20191109 10:04:42.197" endtime="20191109 10:05:06.140" critical="yes"></status>
</test>
<status status="PASS" starttime="20191109 10:04:41.976" endtime="20191109 10:05:06.141"></status>
</suite>
<status status="PASS" starttime="20191109 10:04:41.949" endtime="20191109 10:05:06.142"></status>
</suite>
<statistics>
<total>
<stat pass="1" fail="0">Critical Tests</stat>
<stat pass="1" fail="0">All Tests</stat>
</total>
<tag>
</tag>
<suite>
<stat pass="1" fail="0" id="s1" name="Tests">Tests</stat>
<stat pass="1" fail="0" id="s1-s1" name="LoginTest">Tests.LoginTest</stat>
</suite>
</statistics>
<errors>
</errors>
</robot>
