<?xml version="1.0" encoding="UTF-8"?>
<robot generator="Robot 3.1.2 (Python 3.7.4 on win32)" generated="20191106 15:14:55.255" rpa="false">
<suite id="s1" name="Tests" source="C:\development\test_automation\Userkeywords\tests">
<suite id="s1-s1" name="Userkeywords" source="C:\development\test_automation\Userkeywords\tests\Userkeywords.robot">
<test id="s1-s1-t1" name="TC1ch">
<kw name="TestSpeedTests" library="Resources">
<arguments>
<arg>${URL}</arg>
<arg>${Browserch}</arg>
</arguments>
<assign>
<var>${PageTitle}</var>
</assign>
<kw name="Open Browser" library="SeleniumLibrary">
<doc>Opens a new browser instance to the given ``url``.</doc>
<arguments>
<arg>${appurl}</arg>
<arg>${appbrowser}</arg>
</arguments>
<msg timestamp="20191106 15:14:55.942" level="INFO">Opening browser 'chrome' to base url 'http://newtours.demoaut.com/'.</msg>
<status status="PASS" starttime="20191106 15:14:55.942" endtime="20191106 15:15:03.456"></status>
</kw>
<kw name="Maximize Browser Window" library="SeleniumLibrary">
<doc>Maximizes current browser window.</doc>
<status status="PASS" starttime="20191106 15:15:03.456" endtime="20191106 15:15:07.615"></status>
</kw>
<kw name="Get Title" library="SeleniumLibrary">
<doc>Returns the title of the current page.</doc>
<assign>
<var>${title}</var>
</assign>
<msg timestamp="20191106 15:15:07.627" level="INFO">${title} = Welcome: Mercury Tours</msg>
<status status="PASS" starttime="20191106 15:15:07.615" endtime="20191106 15:15:07.627"></status>
</kw>
<msg timestamp="20191106 15:15:07.627" level="INFO">${PageTitle} = Welcome: Mercury Tours</msg>
<status status="PASS" starttime="20191106 15:14:55.938" endtime="20191106 15:15:07.627"></status>
</kw>
<kw name="Log To Console" library="BuiltIn">
<doc>Logs the given message to the console.</doc>
<arguments>
<arg>${PageTitle}</arg>
</arguments>
<status status="PASS" starttime="20191106 15:15:07.631" endtime="20191106 15:15:07.631"></status>
</kw>
<kw name="Log" library="BuiltIn">
<doc>Logs the given message with the given level.</doc>
<arguments>
<arg>${PageTitle}</arg>
</arguments>
<msg timestamp="20191106 15:15:07.635" level="INFO">Welcome: Mercury Tours</msg>
<status status="PASS" starttime="20191106 15:15:07.631" endtime="20191106 15:15:07.635"></status>
</kw>
<kw name="Input Text" library="SeleniumLibrary">
<doc>Types the given ``text`` into the text field identified by ``locator``.</doc>
<arguments>
<arg>name:userName</arg>
<arg>tan.nguyen@pap-tech.com</arg>
</arguments>
<msg timestamp="20191106 15:15:07.635" level="INFO">Typing text 'tan.nguyen@pap-tech.com' into text field 'name:userName'.</msg>
<status status="PASS" starttime="20191106 15:15:07.635" endtime="20191106 15:15:07.875"></status>
</kw>
<kw name="Input Text" library="SeleniumLibrary">
<doc>Types the given ``text`` into the text field identified by ``locator``.</doc>
<arguments>
<arg>name:password</arg>
<arg>tannguyen@12</arg>
</arguments>
<msg timestamp="20191106 15:15:07.875" level="INFO">Typing text 'tannguyen@12' into text field 'name:password'.</msg>
<status status="PASS" starttime="20191106 15:15:07.875" endtime="20191106 15:15:07.979"></status>
</kw>
<kw name="Sleep" library="BuiltIn">
<doc>Pauses the test executed for the given time.</doc>
<arguments>
<arg>2s</arg>
</arguments>
<msg timestamp="20191106 15:15:09.983" level="INFO">Slept 2 seconds</msg>
<status status="PASS" starttime="20191106 15:15:07.979" endtime="20191106 15:15:09.983"></status>
</kw>
<kw name="Close All Browsers" library="SeleniumLibrary">
<doc>Closes all open browsers and resets the browser cache.</doc>
<status status="PASS" starttime="20191106 15:15:09.983" endtime="20191106 15:15:12.191"></status>
</kw>
<status status="PASS" starttime="20191106 15:14:55.938" endtime="20191106 15:15:12.191" critical="yes"></status>
</test>
<status status="PASS" starttime="20191106 15:14:55.359" endtime="20191106 15:15:12.195"></status>
</suite>
<status status="PASS" starttime="20191106 15:14:55.263" endtime="20191106 15:15:12.203"></status>
</suite>
<statistics>
<total>
<stat pass="1" fail="0">Critical Tests</stat>
<stat pass="1" fail="0">All Tests</stat>
</total>
<tag>
</tag>
<suite>
<stat pass="1" fail="0" id="s1" name="Tests">Tests</stat>
<stat pass="1" fail="0" id="s1-s1" name="Userkeywords">Tests.Userkeywords</stat>
</suite>
</statistics>
<errors>
</errors>
</robot>
