<?xml version="1.0" encoding="UTF-8"?>
<robot generator="Robot 3.1.2 (Python 3.7.4 on win32)" generated="20191105 14:46:09.987" rpa="false">
<suite id="s1" name="Tests" source="C:\development\test_automation\dropdowns\tests">
<suite id="s1-s1" name="Dropdowns" source="C:\development\test_automation\dropdowns\tests\dropdowns.robot">
<test id="s1-s1-t1" name="Handling DropDowns and Lists">
<kw name="Open Browser" library="SeleniumLibrary">
<doc>Opens a new browser instance to the given ``url``.</doc>
<arguments>
<arg>${URL}</arg>
<arg>${Browser}</arg>
</arguments>
<msg timestamp="20191105 14:46:10.610" level="INFO">Opening browser 'ie' to base url 'http://www.practiceselenium.com/practice-form.html'.</msg>
<status status="PASS" starttime="20191105 14:46:10.609" endtime="20191105 14:46:23.990"></status>
</kw>
<kw name="Maximize Browser Window" library="SeleniumLibrary">
<doc>Maximizes current browser window.</doc>
<status status="PASS" starttime="20191105 14:46:23.990" endtime="20191105 14:46:24.003"></status>
</kw>
<kw name="Select From List By Label" library="SeleniumLibrary">
<doc>Selects options from selection list ``locator`` by ``labels``.</doc>
<arguments>
<arg>continents</arg>
<arg>Antartica</arg>
</arguments>
<msg timestamp="20191105 14:46:24.004" level="INFO">Selecting options from selection list 'continents' by label Antartica.</msg>
<status status="PASS" starttime="20191105 14:46:24.004" endtime="20191105 14:46:24.432"></status>
</kw>
<kw name="Sleep" library="BuiltIn">
<doc>Pauses the test executed for the given time.</doc>
<arguments>
<arg>2s</arg>
</arguments>
<msg timestamp="20191105 14:46:26.435" level="INFO">Slept 2 seconds</msg>
<status status="PASS" starttime="20191105 14:46:24.433" endtime="20191105 14:46:26.435"></status>
</kw>
<kw name="Select From List By Index" library="SeleniumLibrary">
<doc>Selects options from selection list ``locator`` by ``indexes``.</doc>
<arguments>
<arg>continents</arg>
<arg>5</arg>
</arguments>
<msg timestamp="20191105 14:46:26.436" level="INFO">Selecting options from selection list 'continents' by index 5.</msg>
<status status="PASS" starttime="20191105 14:46:26.435" endtime="20191105 14:46:28.450"></status>
</kw>
<kw name="Sleep" library="BuiltIn">
<doc>Pauses the test executed for the given time.</doc>
<arguments>
<arg>2s</arg>
</arguments>
<msg timestamp="20191105 14:46:30.451" level="INFO">Slept 2 seconds</msg>
<status status="PASS" starttime="20191105 14:46:28.451" endtime="20191105 14:46:30.451"></status>
</kw>
<kw name="Select From List By Label" library="SeleniumLibrary">
<doc>Selects options from selection list ``locator`` by ``labels``.</doc>
<arguments>
<arg>selenium_commands</arg>
<arg>Navigation Commands</arg>
</arguments>
<msg timestamp="20191105 14:46:30.453" level="INFO">Selecting options from selection list 'selenium_commands' by label Navigation Commands.</msg>
<status status="PASS" starttime="20191105 14:46:30.452" endtime="20191105 14:46:31.406"></status>
</kw>
<kw name="Select From List By Label" library="SeleniumLibrary">
<doc>Selects options from selection list ``locator`` by ``labels``.</doc>
<arguments>
<arg>selenium_commands</arg>
<arg>Wait Commands</arg>
</arguments>
<msg timestamp="20191105 14:46:31.406" level="INFO">Selecting options from selection list 'selenium_commands' by label Wait Commands.</msg>
<status status="PASS" starttime="20191105 14:46:31.406" endtime="20191105 14:46:32.085"></status>
</kw>
<kw name="Sleep" library="BuiltIn">
<doc>Pauses the test executed for the given time.</doc>
<arguments>
<arg>2s</arg>
</arguments>
<msg timestamp="20191105 14:46:34.086" level="INFO">Slept 2 seconds</msg>
<status status="PASS" starttime="20191105 14:46:32.085" endtime="20191105 14:46:34.086"></status>
</kw>
<kw name="Unselect From List By Label" library="SeleniumLibrary">
<doc>Unselects options from selection list ``locator`` by ``labels``.</doc>
<arguments>
<arg>selenium_commands</arg>
<arg>Navigation Commands</arg>
</arguments>
<msg timestamp="20191105 14:46:34.088" level="INFO">Un-selecting options from selection list 'selenium_commands' by label Navigation Commands.</msg>
<status status="PASS" starttime="20191105 14:46:34.088" endtime="20191105 14:46:35.108"></status>
</kw>
<kw name="Sleep" library="BuiltIn">
<doc>Pauses the test executed for the given time.</doc>
<arguments>
<arg>2s</arg>
</arguments>
<msg timestamp="20191105 14:46:37.110" level="INFO">Slept 2 seconds</msg>
<status status="PASS" starttime="20191105 14:46:35.108" endtime="20191105 14:46:37.110"></status>
</kw>
<kw name="Close Browser" library="SeleniumLibrary">
<doc>Closes the current browser.</doc>
<status status="PASS" starttime="20191105 14:46:37.111" endtime="20191105 14:46:40.149"></status>
</kw>
<status status="PASS" starttime="20191105 14:46:10.608" endtime="20191105 14:46:40.150" critical="yes"></status>
</test>
<status status="PASS" starttime="20191105 14:46:10.059" endtime="20191105 14:46:40.155"></status>
</suite>
<status status="PASS" starttime="20191105 14:46:09.991" endtime="20191105 14:46:40.163"></status>
</suite>
<statistics>
<total>
<stat pass="1" fail="0">Critical Tests</stat>
<stat pass="1" fail="0">All Tests</stat>
</total>
<tag>
</tag>
<suite>
<stat pass="1" fail="0" id="s1" name="Tests">Tests</stat>
<stat pass="1" fail="0" id="s1-s1" name="Dropdowns">Tests.Dropdowns</stat>
</suite>
</statistics>
<errors>
</errors>
</robot>
