<?xml version="1.0" encoding="UTF-8"?>
<robot generator="Robot 3.1.2 (Python 3.7.4 on win32)" generated="20191004 17:16:10.448" rpa="false">
<suite id="s1" name="Front Office" source="C:\development\robot-scripts\front-office-2\tests\Front_Office.robot">
<test id="s1-t1" name="Should be able to access &quot;Team&quot; page">
<kw name="Begin Web Test" library="CommonWeb" type="setup">
<kw name="Open Browser" library="SeleniumLibrary">
<doc>Opens a new browser instance to the given ``url``.</doc>
<arguments>
<arg>about:blank</arg>
<arg>${BROWSER}</arg>
</arguments>
<msg timestamp="20191004 17:16:10.679" level="INFO">Opening browser 'ie' to base url 'about:blank'.</msg>
<status status="PASS" starttime="20191004 17:16:10.679" endtime="20191004 17:16:12.060"></status>
</kw>
<status status="PASS" starttime="20191004 17:16:10.679" endtime="20191004 17:16:12.061"></status>
</kw>
<kw name="Log" library="BuiltIn">
<doc>Logs the given message with the given level.</doc>
<arguments>
<arg>Executing test 1</arg>
</arguments>
<msg timestamp="20191004 17:16:12.061" level="INFO">Executing test 1</msg>
<status status="PASS" starttime="20191004 17:16:12.061" endtime="20191004 17:16:12.061"></status>
</kw>
<kw name="Sleep" library="BuiltIn">
<doc>Pauses the test executed for the given time.</doc>
<arguments>
<arg>2s</arg>
</arguments>
<msg timestamp="20191004 17:16:14.064" level="INFO">Slept 2 seconds</msg>
<status status="PASS" starttime="20191004 17:16:12.062" endtime="20191004 17:16:14.064"></status>
</kw>
<kw name="End Web Test" library="CommonWeb" type="teardown">
<kw name="Close All Browsers" library="SeleniumLibrary">
<doc>Closes all open browsers and resets the browser cache.</doc>
<status status="PASS" starttime="20191004 17:16:14.067" endtime="20191004 17:16:17.101"></status>
</kw>
<status status="PASS" starttime="20191004 17:16:14.066" endtime="20191004 17:16:17.101"></status>
</kw>
<doc>This is test 1</doc>
<tags>
<tag>test1</tag>
</tags>
<status status="PASS" starttime="20191004 17:16:10.677" endtime="20191004 17:16:17.102" critical="yes"></status>
</test>
<test id="s1-t2" name="&quot;Team&quot; page should match requirements">
<kw name="Begin Web Test" library="CommonWeb" type="setup">
<kw name="Open Browser" library="SeleniumLibrary">
<doc>Opens a new browser instance to the given ``url``.</doc>
<arguments>
<arg>about:blank</arg>
<arg>${BROWSER}</arg>
</arguments>
<msg timestamp="20191004 17:16:17.111" level="INFO">Opening browser 'ie' to base url 'about:blank'.</msg>
<status status="PASS" starttime="20191004 17:16:17.110" endtime="20191004 17:16:18.514"></status>
</kw>
<status status="PASS" starttime="20191004 17:16:17.108" endtime="20191004 17:16:18.514"></status>
</kw>
<kw name="Log" library="BuiltIn">
<doc>Logs the given message with the given level.</doc>
<arguments>
<arg>Executing test 2</arg>
</arguments>
<msg timestamp="20191004 17:16:18.515" level="INFO">Executing test 2</msg>
<status status="PASS" starttime="20191004 17:16:18.515" endtime="20191004 17:16:18.515"></status>
</kw>
<kw name="Sleep" library="BuiltIn">
<doc>Pauses the test executed for the given time.</doc>
<arguments>
<arg>2s</arg>
</arguments>
<msg timestamp="20191004 17:16:20.516" level="INFO">Slept 2 seconds</msg>
<status status="PASS" starttime="20191004 17:16:18.515" endtime="20191004 17:16:20.516"></status>
</kw>
<kw name="End Web Test" library="CommonWeb" type="teardown">
<kw name="Close All Browsers" library="SeleniumLibrary">
<doc>Closes all open browsers and resets the browser cache.</doc>
<status status="PASS" starttime="20191004 17:16:20.519" endtime="20191004 17:16:23.547"></status>
</kw>
<status status="PASS" starttime="20191004 17:16:20.518" endtime="20191004 17:16:23.547"></status>
</kw>
<doc>This is test 2</doc>
<tags>
<tag>test2</tag>
</tags>
<status status="PASS" starttime="20191004 17:16:17.106" endtime="20191004 17:16:23.548" critical="yes"></status>
</test>
<doc>Talk about what this suite of tests does</doc>
<status status="PASS" starttime="20191004 17:16:10.450" endtime="20191004 17:16:23.551"></status>
</suite>
<statistics>
<total>
<stat pass="2" fail="0">Critical Tests</stat>
<stat pass="2" fail="0">All Tests</stat>
</total>
<tag>
<stat pass="1" fail="0">test1</stat>
<stat pass="1" fail="0">test2</stat>
</tag>
<suite>
<stat pass="2" fail="0" id="s1" name="Front Office">Front Office</stat>
</suite>
</statistics>
<errors>
</errors>
</robot>
