<?xml version="1.0" encoding="UTF-8"?>
<robot generator="Robot 3.1.2 (Python 3.7.4 on win32)" generated="20191104 17:10:10.386" rpa="false">
<suite id="s1" name="Tests" source="C:\development\test_automation\inputbox\tests">
<suite id="s1-s1" name="Inputbox" source="C:\development\test_automation\inputbox\tests\inputbox.robot">
<test id="s1-s1-t1" name="TestingInputBox">
<kw name="Open Browser" library="SeleniumLibrary">
<doc>Opens a new browser instance to the given ``url``.</doc>
<arguments>
<arg>${URL}</arg>
<arg>${Browser}</arg>
</arguments>
<msg timestamp="20191104 17:10:10.623" level="INFO">Opening browser 'ie' to base url 'https://demo.nopcommerce.com/'.</msg>
<status status="PASS" starttime="20191104 17:10:10.623" endtime="20191104 17:10:13.610"></status>
</kw>
<kw name="Maximize Browser Window" library="SeleniumLibrary">
<doc>Maximizes current browser window.</doc>
<status status="PASS" starttime="20191104 17:10:13.611" endtime="20191104 17:10:13.679"></status>
</kw>
<kw name="Title Should Be" library="SeleniumLibrary">
<doc>Verifies that the current page title equals ``title``.</doc>
<arguments>
<arg>nopCommerce demo store</arg>
</arguments>
<msg timestamp="20191104 17:10:13.715" level="INFO">Page title is 'nopCommerce demo store'.</msg>
<status status="PASS" starttime="20191104 17:10:13.680" endtime="20191104 17:10:13.715"></status>
</kw>
<kw name="Click Link" library="SeleniumLibrary">
<doc>Clicks a link identified by ``locator``.</doc>
<arguments>
<arg>xpath://html/body/div[6]/div[1]/div[1]/div[2]/div[1]/ul/li[2]/a</arg>
</arguments>
<msg timestamp="20191104 17:10:13.716" level="INFO">Clicking link 'xpath://html/body/div[6]/div[1]/div[1]/div[2]/div[1]/ul/li[2]/a'.</msg>
<status status="PASS" starttime="20191104 17:10:13.715" endtime="20191104 17:10:14.652"></status>
</kw>
<kw name="Set Variable" library="BuiltIn">
<doc>Returns the given values which can then be assigned to a variables.</doc>
<arguments>
<arg>id:Email</arg>
</arguments>
<assign>
<var>${"email_txt"}</var>
</assign>
<msg timestamp="20191104 17:10:14.653" level="INFO">${"email_txt"} = id:Email</msg>
<status status="PASS" starttime="20191104 17:10:14.652" endtime="20191104 17:10:14.653"></status>
</kw>
<kw name="Element Should Be Visible" library="SeleniumLibrary">
<doc>Verifies that the element identified by ``locator`` is visible.</doc>
<arguments>
<arg>${"email_txt"}</arg>
</arguments>
<msg timestamp="20191104 17:10:14.817" level="INFO">Element 'id:Email' is displayed.</msg>
<status status="PASS" starttime="20191104 17:10:14.653" endtime="20191104 17:10:14.817"></status>
</kw>
<kw name="Element Should Be Enabled" library="SeleniumLibrary">
<doc>Verifies that element identified by ``locator`` is enabled.</doc>
<arguments>
<arg>${"email_txt"}</arg>
</arguments>
<status status="PASS" starttime="20191104 17:10:14.818" endtime="20191104 17:10:15.013"></status>
</kw>
<kw name="Input Text" library="SeleniumLibrary">
<doc>Types the given ``text`` into the text field identified by ``locator``.</doc>
<arguments>
<arg>${"email_txt"}</arg>
<arg>tan.nguyen@pap-tech.com</arg>
</arguments>
<msg timestamp="20191104 17:10:15.014" level="INFO">Typing text 'tan.nguyen@pap-tech.com' into text field 'id:Email'.</msg>
<status status="PASS" starttime="20191104 17:10:15.014" endtime="20191104 17:10:15.574"></status>
</kw>
<kw name="Sleep" library="BuiltIn">
<doc>Pauses the test executed for the given time.</doc>
<arguments>
<arg>3s</arg>
</arguments>
<msg timestamp="20191104 17:10:18.576" level="INFO">Slept 3 seconds</msg>
<status status="PASS" starttime="20191104 17:10:15.574" endtime="20191104 17:10:18.576"></status>
</kw>
<kw name="Clear Element Text" library="SeleniumLibrary">
<doc>Clears the value of the text-input-element identified by ``locator``.</doc>
<arguments>
<arg>${"email_txt"}</arg>
</arguments>
<status status="PASS" starttime="20191104 17:10:18.578" endtime="20191104 17:10:18.865"></status>
</kw>
<kw name="Sleep" library="BuiltIn">
<doc>Pauses the test executed for the given time.</doc>
<arguments>
<arg>3s</arg>
</arguments>
<msg timestamp="20191104 17:10:21.866" level="INFO">Slept 3 seconds</msg>
<status status="PASS" starttime="20191104 17:10:18.866" endtime="20191104 17:10:21.866"></status>
</kw>
<kw name="Close Browser" library="SeleniumLibrary">
<doc>Closes the current browser.</doc>
<status status="PASS" starttime="20191104 17:10:21.868" endtime="20191104 17:10:24.929"></status>
</kw>
<status status="PASS" starttime="20191104 17:10:10.621" endtime="20191104 17:10:24.930" critical="yes"></status>
</test>
<status status="PASS" starttime="20191104 17:10:10.415" endtime="20191104 17:10:24.935"></status>
</suite>
<status status="PASS" starttime="20191104 17:10:10.388" endtime="20191104 17:10:24.948"></status>
</suite>
<statistics>
<total>
<stat pass="1" fail="0">Critical Tests</stat>
<stat pass="1" fail="0">All Tests</stat>
</total>
<tag>
</tag>
<suite>
<stat pass="1" fail="0" id="s1" name="Tests">Tests</stat>
<stat pass="1" fail="0" id="s1-s1" name="Inputbox">Tests.Inputbox</stat>
</suite>
</statistics>
<errors>
</errors>
</robot>
