<?xml version="1.0" encoding="UTF-8"?>
<robot generator="Robot 3.1.2 (Python 3.7.4 on win32)" generated="20191005 11:22:56.071" rpa="false">
<suite id="s1" name="Front Office" source="C:\development\robot-scripts\front-office-3\tests\Front_Office.robot">
<test id="s1-t1" name="Should be able to access &quot;Team&quot; page">
<kw name="Begin Web Test" library="CommonWeb" type="setup">
<kw name="Open Browser" library="SeleniumLibrary">
<doc>Opens a new browser instance to the given ``url``.</doc>
<arguments>
<arg>about:blank</arg>
<arg>${BROWSER}</arg>
</arguments>
<msg timestamp="20191005 11:22:56.603" level="INFO">Opening browser 'chrome' to base url 'about:blank'.</msg>
<status status="PASS" starttime="20191005 11:22:56.599" endtime="20191005 11:23:01.980"></status>
</kw>
<status status="PASS" starttime="20191005 11:22:56.599" endtime="20191005 11:23:01.980"></status>
</kw>
<kw name="Go to Landing Page" library="FrontOfficeApp">
<kw name="Navigate To" library="Landing">
<kw name="Go To" library="SeleniumLibrary">
<doc>Navigates the current browser window to the provided ``url``.</doc>
<arguments>
<arg>${URL}</arg>
</arguments>
<msg timestamp="20191005 11:23:01.984" level="INFO">Opening url 'http://www.robotframeworktutorial.com/front-office/'</msg>
<status status="PASS" starttime="20191005 11:23:01.984" endtime="20191005 11:23:06.053"></status>
</kw>
<status status="PASS" starttime="20191005 11:23:01.984" endtime="20191005 11:23:06.053"></status>
</kw>
<kw name="Verify Page Loaded" library="Landing">
<kw name="Wait Until Page Contains Element" library="SeleniumLibrary">
<doc>Waits until the element ``locator`` appears on the current page.</doc>
<arguments>
<arg>${LANDING_NAVIGATION_ELEMENT}</arg>
</arguments>
<status status="PASS" starttime="20191005 11:23:06.053" endtime="20191005 11:23:06.101"></status>
</kw>
<status status="PASS" starttime="20191005 11:23:06.053" endtime="20191005 11:23:06.101"></status>
</kw>
<status status="PASS" starttime="20191005 11:23:01.984" endtime="20191005 11:23:06.101"></status>
</kw>
<kw name="Go to &quot;Team&quot; Page" library="FrontOfficeApp">
<kw name="Select &quot;Team&quot; Page" library="TopNav">
<kw name="Click Link" library="SeleniumLibrary">
<doc>Clicks a link identified by ``locator``.</doc>
<arguments>
<arg>Team</arg>
</arguments>
<msg timestamp="20191005 11:23:06.105" level="INFO">Clicking link 'Team'.</msg>
<status status="PASS" starttime="20191005 11:23:06.105" endtime="20191005 11:23:06.305"></status>
</kw>
<kw name="Click Element" library="SeleniumLibrary">
<doc>Click the element identified by ``locator``.</doc>
<arguments>
<arg>${TOP_NAV_TEAM_LINK}</arg>
</arguments>
<msg timestamp="20191005 11:23:06.305" level="INFO">Clicking element 'css=#bs-example-navbar-collapse-1 &gt; ul &gt; li:nth-child(5) &gt; a'.</msg>
<status status="PASS" starttime="20191005 11:23:06.305" endtime="20191005 11:23:06.409"></status>
</kw>
<kw name="Sleep" library="BuiltIn">
<doc>Pauses the test executed for the given time.</doc>
<arguments>
<arg>3s</arg>
</arguments>
<msg timestamp="20191005 11:23:09.416" level="INFO">Slept 3 seconds</msg>
<status status="PASS" starttime="20191005 11:23:06.409" endtime="20191005 11:23:09.416"></status>
</kw>
<status status="PASS" starttime="20191005 11:23:06.101" endtime="20191005 11:23:09.416"></status>
</kw>
<kw name="Verify Page Loaded" library="Team">
<kw name="Wait Until Page Contains Element" library="SeleniumLibrary">
<doc>Waits until the element ``locator`` appears on the current page.</doc>
<arguments>
<arg>${TEAM_HEADER_LABEL}</arg>
</arguments>
<status status="PASS" starttime="20191005 11:23:09.416" endtime="20191005 11:23:09.456"></status>
</kw>
<status status="PASS" starttime="20191005 11:23:09.416" endtime="20191005 11:23:09.456"></status>
</kw>
<status status="PASS" starttime="20191005 11:23:06.101" endtime="20191005 11:23:09.456"></status>
</kw>
<kw name="End Web Test" library="CommonWeb" type="teardown">
<kw name="Close All Browsers" library="SeleniumLibrary">
<doc>Closes all open browsers and resets the browser cache.</doc>
<status status="PASS" starttime="20191005 11:23:09.460" endtime="20191005 11:23:11.759"></status>
</kw>
<status status="PASS" starttime="20191005 11:23:09.460" endtime="20191005 11:23:11.759"></status>
</kw>
<doc>This is test 1</doc>
<tags>
<tag>test1</tag>
</tags>
<status status="PASS" starttime="20191005 11:22:56.599" endtime="20191005 11:23:11.759" critical="yes"></status>
</test>
<test id="s1-t2" name="&quot;Team&quot; page should match requirements">
<kw name="Begin Web Test" library="CommonWeb" type="setup">
<kw name="Open Browser" library="SeleniumLibrary">
<doc>Opens a new browser instance to the given ``url``.</doc>
<arguments>
<arg>about:blank</arg>
<arg>${BROWSER}</arg>
</arguments>
<msg timestamp="20191005 11:23:11.767" level="INFO">Opening browser 'chrome' to base url 'about:blank'.</msg>
<status status="PASS" starttime="20191005 11:23:11.767" endtime="20191005 11:23:17.324"></status>
</kw>
<status status="PASS" starttime="20191005 11:23:11.763" endtime="20191005 11:23:17.324"></status>
</kw>
<kw name="Go to Landing Page" library="FrontOfficeApp">
<kw name="Navigate To" library="Landing">
<kw name="Go To" library="SeleniumLibrary">
<doc>Navigates the current browser window to the provided ``url``.</doc>
<arguments>
<arg>${URL}</arg>
</arguments>
<msg timestamp="20191005 11:23:17.328" level="INFO">Opening url 'http://www.robotframeworktutorial.com/front-office/'</msg>
<status status="PASS" starttime="20191005 11:23:17.324" endtime="20191005 11:23:21.527"></status>
</kw>
<status status="PASS" starttime="20191005 11:23:17.324" endtime="20191005 11:23:21.527"></status>
</kw>
<kw name="Verify Page Loaded" library="Landing">
<kw name="Wait Until Page Contains Element" library="SeleniumLibrary">
<doc>Waits until the element ``locator`` appears on the current page.</doc>
<arguments>
<arg>${LANDING_NAVIGATION_ELEMENT}</arg>
</arguments>
<status status="PASS" starttime="20191005 11:23:21.527" endtime="20191005 11:23:21.539"></status>
</kw>
<status status="PASS" starttime="20191005 11:23:21.527" endtime="20191005 11:23:21.539"></status>
</kw>
<status status="PASS" starttime="20191005 11:23:17.324" endtime="20191005 11:23:21.539"></status>
</kw>
<kw name="Go to &quot;Team&quot; Page" library="FrontOfficeApp">
<kw name="Select &quot;Team&quot; Page" library="TopNav">
<kw name="Click Link" library="SeleniumLibrary">
<doc>Clicks a link identified by ``locator``.</doc>
<arguments>
<arg>Team</arg>
</arguments>
<msg timestamp="20191005 11:23:21.543" level="INFO">Clicking link 'Team'.</msg>
<status status="PASS" starttime="20191005 11:23:21.543" endtime="20191005 11:23:21.607"></status>
</kw>
<kw name="Click Element" library="SeleniumLibrary">
<doc>Click the element identified by ``locator``.</doc>
<arguments>
<arg>${TOP_NAV_TEAM_LINK}</arg>
</arguments>
<msg timestamp="20191005 11:23:21.607" level="INFO">Clicking element 'css=#bs-example-navbar-collapse-1 &gt; ul &gt; li:nth-child(5) &gt; a'.</msg>
<status status="PASS" starttime="20191005 11:23:21.607" endtime="20191005 11:23:21.651"></status>
</kw>
<kw name="Sleep" library="BuiltIn">
<doc>Pauses the test executed for the given time.</doc>
<arguments>
<arg>3s</arg>
</arguments>
<msg timestamp="20191005 11:23:24.651" level="INFO">Slept 3 seconds</msg>
<status status="PASS" starttime="20191005 11:23:21.651" endtime="20191005 11:23:24.651"></status>
</kw>
<status status="PASS" starttime="20191005 11:23:21.543" endtime="20191005 11:23:24.651"></status>
</kw>
<kw name="Verify Page Loaded" library="Team">
<kw name="Wait Until Page Contains Element" library="SeleniumLibrary">
<doc>Waits until the element ``locator`` appears on the current page.</doc>
<arguments>
<arg>${TEAM_HEADER_LABEL}</arg>
</arguments>
<status status="PASS" starttime="20191005 11:23:24.651" endtime="20191005 11:23:24.667"></status>
</kw>
<status status="PASS" starttime="20191005 11:23:24.651" endtime="20191005 11:23:24.667"></status>
</kw>
<status status="PASS" starttime="20191005 11:23:21.543" endtime="20191005 11:23:24.667"></status>
</kw>
<kw name="Validate &quot;Team&quot; Page" library="FrontOfficeApp">
<kw name="Validate Page Contents" library="Team">
<kw name="Get Text" library="SeleniumLibrary">
<doc>Returns the text value of the element identified by ``locator``.</doc>
<arguments>
<arg>${TEAM_HEADER_LABEL}</arg>
</arguments>
<assign>
<var>${ElementText}</var>
</assign>
<msg timestamp="20191005 11:23:24.703" level="INFO">${ElementText} = OUR AMAZING TEAM</msg>
<status status="PASS" starttime="20191005 11:23:24.671" endtime="20191005 11:23:24.703"></status>
</kw>
<kw name="Should Be Equal As Strings" library="BuiltIn">
<doc>Fails if objects are unequal after converting them to strings.</doc>
<arguments>
<arg>${ElementText}</arg>
<arg>Our Amazing Team</arg>
<arg>ignore_case=true</arg>
</arguments>
<status status="PASS" starttime="20191005 11:23:24.703" endtime="20191005 11:23:24.703"></status>
</kw>
<status status="PASS" starttime="20191005 11:23:24.671" endtime="20191005 11:23:24.703"></status>
</kw>
<status status="PASS" starttime="20191005 11:23:24.667" endtime="20191005 11:23:24.703"></status>
</kw>
<kw name="End Web Test" library="CommonWeb" type="teardown">
<kw name="Close All Browsers" library="SeleniumLibrary">
<doc>Closes all open browsers and resets the browser cache.</doc>
<status status="PASS" starttime="20191005 11:23:24.703" endtime="20191005 11:23:26.924"></status>
</kw>
<status status="PASS" starttime="20191005 11:23:24.703" endtime="20191005 11:23:26.924"></status>
</kw>
<doc>This is test 2</doc>
<tags>
<tag>test2</tag>
</tags>
<status status="PASS" starttime="20191005 11:23:11.763" endtime="20191005 11:23:26.924" critical="yes"></status>
</test>
<doc>Talk about what this suite of tests does</doc>
<status status="PASS" starttime="20191005 11:22:56.075" endtime="20191005 11:23:26.928"></status>
</suite>
<statistics>
<total>
<stat pass="2" fail="0">Critical Tests</stat>
<stat pass="2" fail="0">All Tests</stat>
</total>
<tag>
<stat pass="1" fail="0">test1</stat>
<stat pass="1" fail="0">test2</stat>
</tag>
<suite>
<stat pass="2" fail="0" id="s1" name="Front Office">Front Office</stat>
</suite>
</statistics>
<errors>
</errors>
</robot>
