<?xml version="1.0" encoding="UTF-8"?>
<robot generator="Robot 3.1.2 (Python 3.7.4 on win32)" generated="20191105 14:05:12.814" rpa="false">
<suite id="s1" name="Tests" source="C:\development\test_automation\Radiobutton\tests">
<suite id="s1-s1" name="Radiobutton" source="C:\development\test_automation\Radiobutton\tests\radiobutton.robot">
<test id="s1-s1-t1" name="Testing radio buttons and check boxer">
<kw name="Open Browser" library="SeleniumLibrary">
<doc>Opens a new browser instance to the given ``url``.</doc>
<arguments>
<arg>${URL}</arg>
<arg>${Browser}</arg>
</arguments>
<msg timestamp="20191105 14:05:13.137" level="INFO">Opening browser 'chrome' to base url 'http://www.practiceselenium.com/practice-form.html'.</msg>
<status status="PASS" starttime="20191105 14:05:13.137" endtime="20191105 14:05:29.769"></status>
</kw>
<kw name="Maximize Browser Window" library="SeleniumLibrary">
<doc>Maximizes current browser window.</doc>
<status status="PASS" starttime="20191105 14:05:29.772" endtime="20191105 14:05:33.927"></status>
</kw>
<kw name="Set Selenium Speed" library="SeleniumLibrary">
<doc>Sets the delay that is waited after each Selenium command.</doc>
<arguments>
<arg>1seconds</arg>
</arguments>
<status status="PASS" starttime="20191105 14:05:33.927" endtime="20191105 14:05:33.928"></status>
</kw>
<kw name="Select Radio Button" library="SeleniumLibrary">
<doc>Sets the radio button group ``group_name`` to ``value``.</doc>
<arguments>
<arg>sex</arg>
<arg>Female</arg>
</arguments>
<msg timestamp="20191105 14:05:33.928" level="INFO">Selecting 'Female' from radio button 'sex'.</msg>
<status status="PASS" starttime="20191105 14:05:33.928" endtime="20191105 14:05:37.127"></status>
</kw>
<kw name="Select Radio Button" library="SeleniumLibrary">
<doc>Sets the radio button group ``group_name`` to ``value``.</doc>
<arguments>
<arg>exp</arg>
<arg>5</arg>
</arguments>
<msg timestamp="20191105 14:05:37.128" level="INFO">Selecting '5' from radio button 'exp'.</msg>
<status status="PASS" starttime="20191105 14:05:37.127" endtime="20191105 14:05:40.320"></status>
</kw>
<kw name="Select Checkbox" library="SeleniumLibrary">
<doc>Selects the checkbox identified by ``locator``.</doc>
<arguments>
<arg>BlackTea</arg>
</arguments>
<msg timestamp="20191105 14:05:40.322" level="INFO">Selecting checkbox 'BlackTea'.</msg>
<status status="PASS" starttime="20191105 14:05:40.321" endtime="20191105 14:05:44.528"></status>
</kw>
<kw name="Select Checkbox" library="SeleniumLibrary">
<doc>Selects the checkbox identified by ``locator``.</doc>
<arguments>
<arg>RedTea</arg>
</arguments>
<msg timestamp="20191105 14:05:44.530" level="INFO">Selecting checkbox 'RedTea'.</msg>
<status status="PASS" starttime="20191105 14:05:44.529" endtime="20191105 14:05:48.752"></status>
</kw>
<kw name="Unselect Checkbox" library="SeleniumLibrary">
<doc>Removes the selection of checkbox identified by ``locator``.</doc>
<arguments>
<arg>BlackTea</arg>
</arguments>
<msg timestamp="20191105 14:05:48.754" level="INFO">Unselecting checkbox 'BlackTea'.</msg>
<status status="PASS" starttime="20191105 14:05:48.753" endtime="20191105 14:05:52.903"></status>
</kw>
<kw name="Close Browser" library="SeleniumLibrary">
<doc>Closes the current browser.</doc>
<status status="PASS" starttime="20191105 14:05:52.904" endtime="20191105 14:05:56.071"></status>
</kw>
<status status="PASS" starttime="20191105 14:05:13.136" endtime="20191105 14:05:56.073" critical="yes"></status>
</test>
<status status="PASS" starttime="20191105 14:05:12.869" endtime="20191105 14:05:56.079"></status>
</suite>
<status status="PASS" starttime="20191105 14:05:12.818" endtime="20191105 14:05:56.088"></status>
</suite>
<statistics>
<total>
<stat pass="1" fail="0">Critical Tests</stat>
<stat pass="1" fail="0">All Tests</stat>
</total>
<tag>
</tag>
<suite>
<stat pass="1" fail="0" id="s1" name="Tests">Tests</stat>
<stat pass="1" fail="0" id="s1-s1" name="Radiobutton">Tests.Radiobutton</stat>
</suite>
</statistics>
<errors>
</errors>
</robot>
