<?xml version="1.0" encoding="UTF-8"?>
<robot generator="Robot 3.1.2 (Python 3.7.4 on win32)" generated="20191107 14:28:31.320" rpa="false">
<suite id="s1" name="Tests" source="C:\development\test_automation\testcreateaccountgg\tests">
<suite id="s1-s1" name="Test Create Account Gg" source="C:\development\test_automation\testcreateaccountgg\tests\test_create_account_gg.robot">
<test id="s1-s1-t1" name="RegTestch">
<kw name="Open Browser" library="SeleniumLibrary">
<doc>Opens a new browser instance to the given ``url``.</doc>
<arguments>
<arg>${URL}</arg>
<arg>${Browserch}</arg>
</arguments>
<msg timestamp="20191107 14:28:31.592" level="INFO">Opening browser 'chrome' to base url 'https://www.google.com/'.</msg>
<status status="PASS" starttime="20191107 14:28:31.592" endtime="20191107 14:28:38.073"></status>
</kw>
<kw name="Maximize Browser Window" library="SeleniumLibrary">
<doc>Maximizes current browser window.</doc>
<status status="PASS" starttime="20191107 14:28:38.073" endtime="20191107 14:28:42.203"></status>
</kw>
<kw name="Set Selenium Speed" library="SeleniumLibrary">
<doc>Sets the delay that is waited after each Selenium command.</doc>
<arguments>
<arg>1s</arg>
</arguments>
<status status="PASS" starttime="20191107 14:28:42.203" endtime="20191107 14:28:42.203"></status>
</kw>
<kw name="TestSpeedTests">
<kw name="Input Text" library="SeleniumLibrary">
<doc>Types the given ``text`` into the text field identified by ``locator``.</doc>
<arguments>
<arg>name:q</arg>
<arg>create account gmail</arg>
</arguments>
<msg timestamp="20191107 14:28:42.203" level="INFO">Typing text 'create account gmail' into text field 'name:q'.</msg>
<status status="PASS" starttime="20191107 14:28:42.203" endtime="20191107 14:28:45.479"></status>
</kw>
<kw name="Click Element" library="SeleniumLibrary">
<doc>Click the element identified by ``locator``.</doc>
<arguments>
<arg>xpath://ul[@class='erkvQe']//li[1]//div[1]//div[2]//div[1]//span[1]</arg>
</arguments>
<msg timestamp="20191107 14:28:45.479" level="INFO">Clicking element 'xpath://ul[@class='erkvQe']//li[1]//div[1]//div[2]//div[1]//span[1]'.</msg>
<status status="PASS" starttime="20191107 14:28:45.479" endtime="20191107 14:28:49.051"></status>
</kw>
<kw name="Click Element" library="SeleniumLibrary">
<doc>Click the element identified by ``locator``.</doc>
<arguments>
<arg>xpath://*[@id="rso"]/div[1]/div/div[3]/div/div/div[1]/a/h3</arg>
</arguments>
<msg timestamp="20191107 14:28:49.051" level="INFO">Clicking element 'xpath://*[@id="rso"]/div[1]/div/div[3]/div/div/div[1]/a/h3'.</msg>
<status status="PASS" starttime="20191107 14:28:49.051" endtime="20191107 14:28:52.583"></status>
</kw>
<kw name="Click Element" library="SeleniumLibrary">
<doc>Click the element identified by ``locator``.</doc>
<arguments>
<arg>xpath://html/body/div[1]/div[1]/div[2]/div[2]/div/div/div[2]/div/div[2]/div/div[2]/div/div</arg>
</arguments>
<msg timestamp="20191107 14:28:52.583" level="INFO">Clicking element 'xpath://html/body/div[1]/div[1]/div[2]/div[2]/div/div/div[2]/div/div[2]/div/div[2]/div/div'.</msg>
<status status="PASS" starttime="20191107 14:28:52.583" endtime="20191107 14:28:54.772"></status>
</kw>
<kw name="Click Element" library="SeleniumLibrary">
<doc>Click the element identified by ``locator``.</doc>
<arguments>
<arg>xpath://*[@id="initialView"]/div[2]/div[3]/div/div/span[1]/div[2]/div</arg>
</arguments>
<msg timestamp="20191107 14:28:54.772" level="INFO">Clicking element 'xpath://*[@id="initialView"]/div[2]/div[3]/div/div/span[1]/div[2]/div'.</msg>
<status status="PASS" starttime="20191107 14:28:54.772" endtime="20191107 14:28:56.900"></status>
</kw>
<kw name="Input Text" library="SeleniumLibrary">
<doc>Types the given ``text`` into the text field identified by ``locator``.</doc>
<arguments>
<arg>name:lastName</arg>
<arg>tan</arg>
</arguments>
<msg timestamp="20191107 14:28:56.900" level="INFO">Typing text 'tan' into text field 'name:lastName'.</msg>
<status status="PASS" starttime="20191107 14:28:56.900" endtime="20191107 14:29:00.768"></status>
</kw>
<kw name="Input Text" library="SeleniumLibrary">
<doc>Types the given ``text`` into the text field identified by ``locator``.</doc>
<arguments>
<arg>name:firstName</arg>
<arg>nguyen</arg>
</arguments>
<msg timestamp="20191107 14:29:00.768" level="INFO">Typing text 'nguyen' into text field 'name:firstName'.</msg>
<status status="PASS" starttime="20191107 14:29:00.768" endtime="20191107 14:29:04.057"></status>
</kw>
<kw name="Clear Element Text" library="SeleniumLibrary">
<doc>Clears the value of the text-input-element identified by ``locator``.</doc>
<arguments>
<arg>name:Username</arg>
</arguments>
<status status="PASS" starttime="20191107 14:29:04.057" endtime="20191107 14:29:06.145"></status>
</kw>
<kw name="Input Text" library="SeleniumLibrary">
<doc>Types the given ``text`` into the text field identified by ``locator``.</doc>
<arguments>
<arg>name:Username</arg>
<arg>nguyentan07112019</arg>
</arguments>
<msg timestamp="20191107 14:29:06.145" level="INFO">Typing text 'nguyentan07112019' into text field 'name:Username'.</msg>
<status status="PASS" starttime="20191107 14:29:06.145" endtime="20191107 14:29:09.753"></status>
</kw>
<kw name="Input Text" library="SeleniumLibrary">
<doc>Types the given ``text`` into the text field identified by ``locator``.</doc>
<arguments>
<arg>name:Passwd</arg>
<arg>Q1234567890poiuytrew</arg>
</arguments>
<msg timestamp="20191107 14:29:09.753" level="INFO">Typing text 'Q1234567890poiuytrew' into text field 'name:Passwd'.</msg>
<status status="PASS" starttime="20191107 14:29:09.753" endtime="20191107 14:29:13.489"></status>
</kw>
<kw name="Input Text" library="SeleniumLibrary">
<doc>Types the given ``text`` into the text field identified by ``locator``.</doc>
<arguments>
<arg>name:ConfirmPasswd</arg>
<arg>Q1234567890poiuytrew</arg>
</arguments>
<msg timestamp="20191107 14:29:13.489" level="INFO">Typing text 'Q1234567890poiuytrew' into text field 'name:ConfirmPasswd'.</msg>
<status status="PASS" starttime="20191107 14:29:13.489" endtime="20191107 14:29:17.194"></status>
</kw>
<kw name="Click Element" library="SeleniumLibrary">
<doc>Click the element identified by ``locator``.</doc>
<arguments>
<arg>xpath://*[@id="accountDetailsNext"]/span/span</arg>
</arguments>
<msg timestamp="20191107 14:29:17.194" level="INFO">Clicking element 'xpath://*[@id="accountDetailsNext"]/span/span'.</msg>
<status status="PASS" starttime="20191107 14:29:17.194" endtime="20191107 14:29:19.966"></status>
</kw>
<kw name="Sleep" library="BuiltIn">
<doc>Pauses the test executed for the given time.</doc>
<arguments>
<arg>3s</arg>
</arguments>
<msg timestamp="20191107 14:29:22.966" level="INFO">Slept 3 seconds</msg>
<status status="PASS" starttime="20191107 14:29:19.966" endtime="20191107 14:29:22.966"></status>
</kw>
<status status="PASS" starttime="20191107 14:28:42.203" endtime="20191107 14:29:22.966"></status>
</kw>
<status status="PASS" starttime="20191107 14:28:31.592" endtime="20191107 14:29:22.966" critical="yes"></status>
</test>
<test id="s1-s1-t2" name="Regtestff">
<kw name="Open Browser" library="SeleniumLibrary">
<doc>Opens a new browser instance to the given ``url``.</doc>
<arguments>
<arg>${URL}</arg>
<arg>${Browserff}</arg>
</arguments>
<msg timestamp="20191107 14:29:22.966" level="INFO">Opening browser 'ff' to base url 'https://www.google.com/'.</msg>
<msg timestamp="20191107 14:29:22.970" level="INFO">Firefox driver log is always forced to to: C:\development\test_automation\testcreateaccountgg\result\geckodriver-3.log</msg>
<status status="PASS" starttime="20191107 14:29:22.966" endtime="20191107 14:29:31.093"></status>
</kw>
<kw name="Maximize Browser Window" library="SeleniumLibrary">
<doc>Maximizes current browser window.</doc>
<status status="PASS" starttime="20191107 14:29:31.093" endtime="20191107 14:29:32.365"></status>
</kw>
<kw name="TestSpeedTests">
<kw name="Input Text" library="SeleniumLibrary">
<doc>Types the given ``text`` into the text field identified by ``locator``.</doc>
<arguments>
<arg>name:q</arg>
<arg>create account gmail</arg>
</arguments>
<msg timestamp="20191107 14:29:32.369" level="INFO">Typing text 'create account gmail' into text field 'name:q'.</msg>
<status status="PASS" starttime="20191107 14:29:32.365" endtime="20191107 14:29:35.605"></status>
</kw>
<kw name="Click Element" library="SeleniumLibrary">
<doc>Click the element identified by ``locator``.</doc>
<arguments>
<arg>xpath://ul[@class='erkvQe']//li[1]//div[1]//div[2]//div[1]//span[1]</arg>
</arguments>
<msg timestamp="20191107 14:29:35.605" level="INFO">Clicking element 'xpath://ul[@class='erkvQe']//li[1]//div[1]//div[2]//div[1]//span[1]'.</msg>
<status status="PASS" starttime="20191107 14:29:35.605" endtime="20191107 14:29:38.970"></status>
</kw>
<kw name="Click Element" library="SeleniumLibrary">
<doc>Click the element identified by ``locator``.</doc>
<arguments>
<arg>xpath://*[@id="rso"]/div[1]/div/div[3]/div/div/div[1]/a/h3</arg>
</arguments>
<msg timestamp="20191107 14:29:38.970" level="INFO">Clicking element 'xpath://*[@id="rso"]/div[1]/div/div[3]/div/div/div[1]/a/h3'.</msg>
<status status="PASS" starttime="20191107 14:29:38.970" endtime="20191107 14:29:42.619"></status>
</kw>
<kw name="Click Element" library="SeleniumLibrary">
<doc>Click the element identified by ``locator``.</doc>
<arguments>
<arg>xpath://html/body/div[1]/div[1]/div[2]/div[2]/div/div/div[2]/div/div[2]/div/div[2]/div/div</arg>
</arguments>
<msg timestamp="20191107 14:29:42.619" level="INFO">Clicking element 'xpath://html/body/div[1]/div[1]/div[2]/div[2]/div/div/div[2]/div/div[2]/div/div[2]/div/div'.</msg>
<status status="PASS" starttime="20191107 14:29:42.619" endtime="20191107 14:29:44.943"></status>
</kw>
<kw name="Click Element" library="SeleniumLibrary">
<doc>Click the element identified by ``locator``.</doc>
<arguments>
<arg>xpath://*[@id="initialView"]/div[2]/div[3]/div/div/span[1]/div[2]/div</arg>
</arguments>
<msg timestamp="20191107 14:29:44.943" level="INFO">Clicking element 'xpath://*[@id="initialView"]/div[2]/div[3]/div/div/span[1]/div[2]/div'.</msg>
<status status="PASS" starttime="20191107 14:29:44.943" endtime="20191107 14:29:47.259"></status>
</kw>
<kw name="Input Text" library="SeleniumLibrary">
<doc>Types the given ``text`` into the text field identified by ``locator``.</doc>
<arguments>
<arg>name:lastName</arg>
<arg>tan</arg>
</arguments>
<msg timestamp="20191107 14:29:47.259" level="INFO">Typing text 'tan' into text field 'name:lastName'.</msg>
<status status="PASS" starttime="20191107 14:29:47.259" endtime="20191107 14:29:50.443"></status>
</kw>
<kw name="Input Text" library="SeleniumLibrary">
<doc>Types the given ``text`` into the text field identified by ``locator``.</doc>
<arguments>
<arg>name:firstName</arg>
<arg>nguyen</arg>
</arguments>
<msg timestamp="20191107 14:29:50.443" level="INFO">Typing text 'nguyen' into text field 'name:firstName'.</msg>
<status status="PASS" starttime="20191107 14:29:50.443" endtime="20191107 14:29:53.648"></status>
</kw>
<kw name="Clear Element Text" library="SeleniumLibrary">
<doc>Clears the value of the text-input-element identified by ``locator``.</doc>
<arguments>
<arg>name:Username</arg>
</arguments>
<status status="PASS" starttime="20191107 14:29:53.648" endtime="20191107 14:29:55.660"></status>
</kw>
<kw name="Input Text" library="SeleniumLibrary">
<doc>Types the given ``text`` into the text field identified by ``locator``.</doc>
<arguments>
<arg>name:Username</arg>
<arg>nguyentan07112019</arg>
</arguments>
<msg timestamp="20191107 14:29:55.660" level="INFO">Typing text 'nguyentan07112019' into text field 'name:Username'.</msg>
<status status="PASS" starttime="20191107 14:29:55.660" endtime="20191107 14:29:58.957"></status>
</kw>
<kw name="Input Text" library="SeleniumLibrary">
<doc>Types the given ``text`` into the text field identified by ``locator``.</doc>
<arguments>
<arg>name:Passwd</arg>
<arg>Q1234567890poiuytrew</arg>
</arguments>
<msg timestamp="20191107 14:29:58.957" level="INFO">Typing text 'Q1234567890poiuytrew' into text field 'name:Passwd'.</msg>
<status status="PASS" starttime="20191107 14:29:58.957" endtime="20191107 14:30:02.165"></status>
</kw>
<kw name="Input Text" library="SeleniumLibrary">
<doc>Types the given ``text`` into the text field identified by ``locator``.</doc>
<arguments>
<arg>name:ConfirmPasswd</arg>
<arg>Q1234567890poiuytrew</arg>
</arguments>
<msg timestamp="20191107 14:30:02.165" level="INFO">Typing text 'Q1234567890poiuytrew' into text field 'name:ConfirmPasswd'.</msg>
<status status="PASS" starttime="20191107 14:30:02.165" endtime="20191107 14:30:05.385"></status>
</kw>
<kw name="Click Element" library="SeleniumLibrary">
<doc>Click the element identified by ``locator``.</doc>
<arguments>
<arg>xpath://*[@id="accountDetailsNext"]/span/span</arg>
</arguments>
<msg timestamp="20191107 14:30:05.385" level="INFO">Clicking element 'xpath://*[@id="accountDetailsNext"]/span/span'.</msg>
<status status="PASS" starttime="20191107 14:30:05.385" endtime="20191107 14:30:12.750"></status>
</kw>
<kw name="Sleep" library="BuiltIn">
<doc>Pauses the test executed for the given time.</doc>
<arguments>
<arg>3s</arg>
</arguments>
<msg timestamp="20191107 14:30:15.754" level="INFO">Slept 3 seconds</msg>
<status status="PASS" starttime="20191107 14:30:12.750" endtime="20191107 14:30:15.754"></status>
</kw>
<status status="PASS" starttime="20191107 14:29:32.365" endtime="20191107 14:30:15.754"></status>
</kw>
<status status="PASS" starttime="20191107 14:29:22.966" endtime="20191107 14:30:15.754" critical="yes"></status>
</test>
<test id="s1-s1-t3" name="Regtestie">
<kw name="Open Browser" library="SeleniumLibrary">
<doc>Opens a new browser instance to the given ``url``.</doc>
<arguments>
<arg>${URL}</arg>
<arg>${Browserie}</arg>
</arguments>
<msg timestamp="20191107 14:30:15.758" level="INFO">Opening browser 'ie' to base url 'https://www.google.com/'.</msg>
<status status="PASS" starttime="20191107 14:30:15.758" endtime="20191107 14:30:18.866"></status>
</kw>
<kw name="Maximize Browser Window" library="SeleniumLibrary">
<doc>Maximizes current browser window.</doc>
<status status="PASS" starttime="20191107 14:30:18.866" endtime="20191107 14:30:19.882"></status>
</kw>
<kw name="TestSpeedTests">
<kw name="Input Text" library="SeleniumLibrary">
<doc>Types the given ``text`` into the text field identified by ``locator``.</doc>
<arguments>
<arg>name:q</arg>
<arg>create account gmail</arg>
</arguments>
<msg timestamp="20191107 14:30:19.882" level="INFO">Typing text 'create account gmail' into text field 'name:q'.</msg>
<status status="PASS" starttime="20191107 14:30:19.882" endtime="20191107 14:30:23.835"></status>
</kw>
<kw name="Click Element" library="SeleniumLibrary">
<doc>Click the element identified by ``locator``.</doc>
<arguments>
<arg>xpath://ul[@class='erkvQe']//li[1]//div[1]//div[2]//div[1]//span[1]</arg>
</arguments>
<msg timestamp="20191107 14:30:23.835" level="INFO">Clicking element 'xpath://ul[@class='erkvQe']//li[1]//div[1]//div[2]//div[1]//span[1]'.</msg>
<status status="PASS" starttime="20191107 14:30:23.835" endtime="20191107 14:30:27.295"></status>
</kw>
<kw name="Click Element" library="SeleniumLibrary">
<doc>Click the element identified by ``locator``.</doc>
<arguments>
<arg>xpath://*[@id="rso"]/div[1]/div/div[3]/div/div/div[1]/a/h3</arg>
</arguments>
<msg timestamp="20191107 14:30:27.295" level="INFO">Clicking element 'xpath://*[@id="rso"]/div[1]/div/div[3]/div/div/div[1]/a/h3'.</msg>
<status status="PASS" starttime="20191107 14:30:27.295" endtime="20191107 14:30:31.130"></status>
</kw>
<kw name="Click Element" library="SeleniumLibrary">
<doc>Click the element identified by ``locator``.</doc>
<arguments>
<arg>xpath://html/body/div[1]/div[1]/div[2]/div[2]/div/div/div[2]/div/div[2]/div/div[2]/div/div</arg>
</arguments>
<msg timestamp="20191107 14:30:31.130" level="INFO">Clicking element 'xpath://html/body/div[1]/div[1]/div[2]/div[2]/div/div/div[2]/div/div[2]/div/div[2]/div/div'.</msg>
<status status="PASS" starttime="20191107 14:30:31.130" endtime="20191107 14:30:33.602"></status>
</kw>
<kw name="Click Element" library="SeleniumLibrary">
<doc>Click the element identified by ``locator``.</doc>
<arguments>
<arg>xpath://*[@id="initialView"]/div[2]/div[3]/div/div/span[1]/div[2]/div</arg>
</arguments>
<msg timestamp="20191107 14:30:33.602" level="INFO">Clicking element 'xpath://*[@id="initialView"]/div[2]/div[3]/div/div/span[1]/div[2]/div'.</msg>
<status status="PASS" starttime="20191107 14:30:33.602" endtime="20191107 14:30:36.074"></status>
</kw>
<kw name="Input Text" library="SeleniumLibrary">
<doc>Types the given ``text`` into the text field identified by ``locator``.</doc>
<arguments>
<arg>name:lastName</arg>
<arg>tan</arg>
</arguments>
<msg timestamp="20191107 14:30:36.074" level="INFO">Typing text 'tan' into text field 'name:lastName'.</msg>
<status status="PASS" starttime="20191107 14:30:36.074" endtime="20191107 14:30:40.134"></status>
</kw>
<kw name="Input Text" library="SeleniumLibrary">
<doc>Types the given ``text`` into the text field identified by ``locator``.</doc>
<arguments>
<arg>name:firstName</arg>
<arg>nguyen</arg>
</arguments>
<msg timestamp="20191107 14:30:40.134" level="INFO">Typing text 'nguyen' into text field 'name:firstName'.</msg>
<status status="PASS" starttime="20191107 14:30:40.134" endtime="20191107 14:30:43.842"></status>
</kw>
<kw name="Clear Element Text" library="SeleniumLibrary">
<doc>Clears the value of the text-input-element identified by ``locator``.</doc>
<arguments>
<arg>name:Username</arg>
</arguments>
<status status="PASS" starttime="20191107 14:30:43.842" endtime="20191107 14:30:46.175"></status>
</kw>
<kw name="Input Text" library="SeleniumLibrary">
<doc>Types the given ``text`` into the text field identified by ``locator``.</doc>
<arguments>
<arg>name:Username</arg>
<arg>nguyentan07112019</arg>
</arguments>
<msg timestamp="20191107 14:30:46.175" level="INFO">Typing text 'nguyentan07112019' into text field 'name:Username'.</msg>
<status status="PASS" starttime="20191107 14:30:46.175" endtime="20191107 14:30:50.211"></status>
</kw>
<kw name="Input Text" library="SeleniumLibrary">
<doc>Types the given ``text`` into the text field identified by ``locator``.</doc>
<arguments>
<arg>name:Passwd</arg>
<arg>Q1234567890poiuytrew</arg>
</arguments>
<msg timestamp="20191107 14:30:50.211" level="INFO">Typing text 'Q1234567890poiuytrew' into text field 'name:Passwd'.</msg>
<status status="PASS" starttime="20191107 14:30:50.211" endtime="20191107 14:30:54.279"></status>
</kw>
<kw name="Input Text" library="SeleniumLibrary">
<doc>Types the given ``text`` into the text field identified by ``locator``.</doc>
<arguments>
<arg>name:ConfirmPasswd</arg>
<arg>Q1234567890poiuytrew</arg>
</arguments>
<msg timestamp="20191107 14:30:54.279" level="INFO">Typing text 'Q1234567890poiuytrew' into text field 'name:ConfirmPasswd'.</msg>
<status status="PASS" starttime="20191107 14:30:54.279" endtime="20191107 14:30:58.455"></status>
</kw>
<kw name="Click Element" library="SeleniumLibrary">
<doc>Click the element identified by ``locator``.</doc>
<arguments>
<arg>xpath://*[@id="accountDetailsNext"]/span/span</arg>
</arguments>
<msg timestamp="20191107 14:30:58.455" level="INFO">Clicking element 'xpath://*[@id="accountDetailsNext"]/span/span'.</msg>
<status status="PASS" starttime="20191107 14:30:58.455" endtime="20191107 14:31:01.356"></status>
</kw>
<kw name="Sleep" library="BuiltIn">
<doc>Pauses the test executed for the given time.</doc>
<arguments>
<arg>3s</arg>
</arguments>
<msg timestamp="20191107 14:31:04.356" level="INFO">Slept 3 seconds</msg>
<status status="PASS" starttime="20191107 14:31:01.356" endtime="20191107 14:31:04.356"></status>
</kw>
<status status="PASS" starttime="20191107 14:30:19.882" endtime="20191107 14:31:04.356"></status>
</kw>
<kw name="Close All Browsers" library="SeleniumLibrary">
<doc>Closes all open browsers and resets the browser cache.</doc>
<status status="PASS" starttime="20191107 14:31:04.356" endtime="20191107 14:31:13.573"></status>
</kw>
<status status="PASS" starttime="20191107 14:30:15.758" endtime="20191107 14:31:13.573" critical="yes"></status>
</test>
<status status="PASS" starttime="20191107 14:28:31.352" endtime="20191107 14:31:13.577"></status>
</suite>
<status status="PASS" starttime="20191107 14:28:31.320" endtime="20191107 14:31:13.585"></status>
</suite>
<statistics>
<total>
<stat pass="3" fail="0">Critical Tests</stat>
<stat pass="3" fail="0">All Tests</stat>
</total>
<tag>
</tag>
<suite>
<stat pass="3" fail="0" id="s1" name="Tests">Tests</stat>
<stat pass="3" fail="0" id="s1-s1" name="Test Create Account Gg">Tests.Test Create Account Gg</stat>
</suite>
</statistics>
<errors>
</errors>
</robot>
