<?xml version="1.0" encoding="UTF-8"?>
<robot generator="Robot 3.1.2 (Python 3.7.4 on win32)" generated="20191106 11:31:58.982" rpa="false">
<suite id="s1" name="Tests" source="C:\development\test_automation\CaptureScreen\tests">
<suite id="s1-s1" name="CaptureScreen" source="C:\development\test_automation\CaptureScreen\tests\CaptureScreen.robot">
<test id="s1-s1-t1" name="LoginTCch">
<kw name="Open Browser" library="SeleniumLibrary">
<doc>Opens a new browser instance to the given ``url``.</doc>
<arguments>
<arg>${URL}</arg>
<arg>${Browserch}</arg>
</arguments>
<msg timestamp="20191106 11:31:59.196" level="INFO">Opening browser 'chrome' to base url 'https://opensource-demo.orangehrmlive.com/'.</msg>
<status status="PASS" starttime="20191106 11:31:59.196" endtime="20191106 11:32:06.926"></status>
</kw>
<kw name="Maximize Browser Window" library="SeleniumLibrary">
<doc>Maximizes current browser window.</doc>
<status status="PASS" starttime="20191106 11:32:06.926" endtime="20191106 11:32:11.087"></status>
</kw>
<kw name="Set Selenium Speed" library="SeleniumLibrary">
<doc>Sets the delay that is waited after each Selenium command.</doc>
<arguments>
<arg>2s</arg>
</arguments>
<status status="PASS" starttime="20191106 11:32:11.087" endtime="20191106 11:32:11.087"></status>
</kw>
<kw name="TestSpeedTests">
<kw name="Input Text" library="SeleniumLibrary">
<doc>Types the given ``text`` into the text field identified by ``locator``.</doc>
<arguments>
<arg>id:txtUsername</arg>
<arg>Admin</arg>
</arguments>
<msg timestamp="20191106 11:32:11.087" level="INFO">Typing text 'Admin' into text field 'id:txtUsername'.</msg>
<status status="PASS" starttime="20191106 11:32:11.087" endtime="20191106 11:32:17.310"></status>
</kw>
<kw name="Input Text" library="SeleniumLibrary">
<doc>Types the given ``text`` into the text field identified by ``locator``.</doc>
<arguments>
<arg>id:txtPassword</arg>
<arg>admin123</arg>
</arguments>
<msg timestamp="20191106 11:32:17.311" level="INFO">Typing text 'admin123' into text field 'id:txtPassword'.</msg>
<status status="PASS" starttime="20191106 11:32:17.310" endtime="20191106 11:32:23.511"></status>
</kw>
<kw name="Capture Element Screenshot" library="SeleniumLibrary">
<doc>Captures a screenshot from the element identified by ``locator`` and embeds it into log file.</doc>
<arguments>
<arg>xpath://*[@id="divLogo"]/img</arg>
<arg>C:/development/test_automation/CaptureScreen/image/logo.png</arg>
</arguments>
<msg timestamp="20191106 11:32:27.888" level="INFO" html="yes">&lt;/td&gt;&lt;/tr&gt;&lt;tr&gt;&lt;td colspan="3"&gt;&lt;a href="../image/logo.png"&gt;&lt;img src="../image/logo.png" width="400px"&gt;&lt;/a&gt;</msg>
<status status="PASS" starttime="20191106 11:32:23.511" endtime="20191106 11:32:27.889"></status>
</kw>
<kw name="Capture Page Screenshot" library="SeleniumLibrary">
<doc>Takes a screenshot of the current page and embeds it into a log file.</doc>
<arguments>
<arg>C:/development/test_automation/CaptureScreen/image/LoginTC.png</arg>
</arguments>
<msg timestamp="20191106 11:32:30.274" level="INFO" html="yes">&lt;/td&gt;&lt;/tr&gt;&lt;tr&gt;&lt;td colspan="3"&gt;&lt;a href="../image/LoginTC.png"&gt;&lt;img src="../image/LoginTC.png" width="800px"&gt;&lt;/a&gt;</msg>
<status status="PASS" starttime="20191106 11:32:27.889" endtime="20191106 11:32:30.274"></status>
</kw>
<status status="PASS" starttime="20191106 11:32:11.087" endtime="20191106 11:32:30.274"></status>
</kw>
<kw name="Close All Browsers" library="SeleniumLibrary">
<doc>Closes all open browsers and resets the browser cache.</doc>
<status status="PASS" starttime="20191106 11:32:30.275" endtime="20191106 11:32:34.397"></status>
</kw>
<status status="PASS" starttime="20191106 11:31:59.196" endtime="20191106 11:32:34.399" critical="yes"></status>
</test>
<status status="PASS" starttime="20191106 11:31:58.996" endtime="20191106 11:32:34.403"></status>
</suite>
<status status="PASS" starttime="20191106 11:31:58.983" endtime="20191106 11:32:34.416"></status>
</suite>
<statistics>
<total>
<stat pass="1" fail="0">Critical Tests</stat>
<stat pass="1" fail="0">All Tests</stat>
</total>
<tag>
</tag>
<suite>
<stat pass="1" fail="0" id="s1" name="Tests">Tests</stat>
<stat pass="1" fail="0" id="s1-s1" name="CaptureScreen">Tests.CaptureScreen</stat>
</suite>
</statistics>
<errors>
</errors>
</robot>
