<?xml version="1.0" encoding="UTF-8"?>
<robot generator="Robot 3.1.2 (Python 3.7.4 on win32)" generated="20191108 15:53:21.526" rpa="false">
<suite id="s1" name="Tests" source="C:\development\test_automation\Tagging\tests">
<suite id="s1-s1" name="Tagging" source="C:\development\test_automation\Tagging\tests\Tagging.robot">
<test id="s1-s1-t1" name="TC1 User RegistrationTest">
<kw name="Log To Console" library="BuiltIn">
<doc>Logs the given message to the console.</doc>
<arguments>
<arg>This is use reg test</arg>
</arguments>
<status status="PASS" starttime="20191108 15:53:21.650" endtime="20191108 15:53:21.654"></status>
</kw>
<kw name="Log To Console" library="BuiltIn">
<doc>Logs the given message to the console.</doc>
<arguments>
<arg>user registration test is over</arg>
</arguments>
<status status="PASS" starttime="20191108 15:53:21.658" endtime="20191108 15:53:21.658"></status>
</kw>
<tags>
<tag>regression</tag>
</tags>
<status status="PASS" starttime="20191108 15:53:21.646" endtime="20191108 15:53:21.662" critical="yes"></status>
</test>
<test id="s1-s1-t2" name="TC3 Change user settings">
<kw name="Log To Console" library="BuiltIn">
<doc>Logs the given message to the console.</doc>
<arguments>
<arg>this is changin user settings test</arg>
</arguments>
<status status="PASS" starttime="20191108 15:53:21.678" endtime="20191108 15:53:21.678"></status>
</kw>
<kw name="Log To Console" library="BuiltIn">
<doc>Logs the given message to the console.</doc>
<arguments>
<arg>this is logout test</arg>
</arguments>
<status status="PASS" starttime="20191108 15:53:21.682" endtime="20191108 15:53:21.686"></status>
</kw>
<tags>
<tag>regression</tag>
</tags>
<status status="PASS" starttime="20191108 15:53:21.674" endtime="20191108 15:53:21.690" critical="yes"></status>
</test>
<status status="PASS" starttime="20191108 15:53:21.634" endtime="20191108 15:53:21.694"></status>
</suite>
<status status="PASS" starttime="20191108 15:53:21.534" endtime="20191108 15:53:21.702"></status>
</suite>
<statistics>
<total>
<stat pass="2" fail="0">Critical Tests</stat>
<stat pass="2" fail="0">All Tests</stat>
</total>
<tag>
<stat pass="2" fail="0">regression</stat>
</tag>
<suite>
<stat pass="2" fail="0" id="s1" name="Tests">Tests</stat>
<stat pass="2" fail="0" id="s1-s1" name="Tagging">Tests.Tagging</stat>
</suite>
</statistics>
<errors>
</errors>
</robot>
