<?xml version="1.0" encoding="UTF-8"?>
<robot generator="Robot 3.1.2 (Python 3.7.4 on win32)" generated="20191002 15:26:42.723" rpa="false">
<suite id="s1" name="Locators" source="C:\development\robot-scripts\locators\tests\locators.robot">
<test id="s1-t1" name="Should be able to search for product">
<kw name="Open Browser" library="SeleniumLibrary">
<doc>Opens a new browser instance to the given ``url``.</doc>
<arguments>
<arg>http://www.amazon.com</arg>
<arg>chrome</arg>
</arguments>
<msg timestamp="20191002 15:26:43.018" level="INFO">Opening browser 'chrome' to base url 'http://www.amazon.com'.</msg>
<status status="PASS" starttime="20191002 15:26:43.018" endtime="20191002 15:26:51.937"></status>
</kw>
<kw name="Sleep" library="BuiltIn">
<doc>Pauses the test executed for the given time.</doc>
<arguments>
<arg>3s</arg>
</arguments>
<msg timestamp="20191002 15:26:55.016" level="INFO">Slept 3 seconds</msg>
<status status="PASS" starttime="20191002 15:26:51.987" endtime="20191002 15:26:55.016"></status>
</kw>
<kw name="Input Text" library="SeleniumLibrary">
<doc>Types the given ``text`` into the text field identified by ``locator``.</doc>
<arguments>
<arg>id=twotabsearchtextbox</arg>
<arg>Ferrari 458</arg>
</arguments>
<msg timestamp="20191002 15:26:55.095" level="INFO">Typing text 'Ferrari 458' into text field 'id=twotabsearchtextbox'.</msg>
<status status="PASS" starttime="20191002 15:26:55.095" endtime="20191002 15:26:55.972"></status>
</kw>
<kw name="Sleep" library="BuiltIn">
<doc>Pauses the test executed for the given time.</doc>
<arguments>
<arg>3s</arg>
</arguments>
<msg timestamp="20191002 15:26:58.995" level="INFO">Slept 3 seconds</msg>
<status status="PASS" starttime="20191002 15:26:55.990" endtime="20191002 15:26:58.995"></status>
</kw>
<kw name="Click Button" library="SeleniumLibrary">
<doc>Clicks the button identified by ``locator``.</doc>
<arguments>
<arg>xpath=//*[@id="nav-search"]/form/div[2]/div/input</arg>
</arguments>
<msg timestamp="20191002 15:26:59.021" level="INFO">Clicking button 'xpath=//*[@id="nav-search"]/form/div[2]/div/input'.</msg>
<status status="PASS" starttime="20191002 15:26:59.021" endtime="20191002 15:27:03.014"></status>
</kw>
<kw name="Sleep" library="BuiltIn">
<doc>Pauses the test executed for the given time.</doc>
<arguments>
<arg>3s</arg>
</arguments>
<msg timestamp="20191002 15:27:06.065" level="INFO">Slept 3 seconds</msg>
<status status="PASS" starttime="20191002 15:27:03.062" endtime="20191002 15:27:06.065"></status>
</kw>
<kw name="Click Link" library="SeleniumLibrary">
<doc>Clicks a link identified by ``locator``.</doc>
<arguments>
<arg>xpath=//*[@id="search"]/div[1]/div[2]/div/span[3]/div[1]/div[1]/div/span/div/div/div[2]/div[3]/div/div/h2/a</arg>
</arguments>
<msg timestamp="20191002 15:27:06.066" level="INFO">Clicking link 'xpath=//*[@id="search"]/div[1]/div[2]/div/span[3]/div[1]/div[1]/div/span/div/div/div[2]/div[3]/div/div/h2/a'.</msg>
<status status="PASS" starttime="20191002 15:27:06.065" endtime="20191002 15:27:09.026"></status>
</kw>
<kw name="Sleep" library="BuiltIn">
<doc>Pauses the test executed for the given time.</doc>
<arguments>
<arg>3s</arg>
</arguments>
<msg timestamp="20191002 15:27:12.029" level="INFO">Slept 3 seconds</msg>
<status status="PASS" starttime="20191002 15:27:09.027" endtime="20191002 15:27:12.029"></status>
</kw>
<kw name="Click Link" library="SeleniumLibrary">
<doc>Clicks a link identified by ``locator``.</doc>
<arguments>
<arg>xpath=//*[@id="nav-logo"]/a</arg>
</arguments>
<msg timestamp="20191002 15:27:12.029" level="INFO">Clicking link 'xpath=//*[@id="nav-logo"]/a'.</msg>
<status status="PASS" starttime="20191002 15:27:12.029" endtime="20191002 15:27:14.465"></status>
</kw>
<kw name="Sleep" library="BuiltIn">
<doc>Pauses the test executed for the given time.</doc>
<arguments>
<arg>3s</arg>
</arguments>
<msg timestamp="20191002 15:27:17.478" level="INFO">Slept 3 seconds</msg>
<status status="PASS" starttime="20191002 15:27:14.468" endtime="20191002 15:27:17.478"></status>
</kw>
<kw name="Click Image" library="SeleniumLibrary">
<doc>Clicks an image identified by ``locator``.</doc>
<arguments>
<arg>Cellphones</arg>
</arguments>
<msg timestamp="20191002 15:27:17.478" level="INFO">Clicking image 'Cellphones'.</msg>
<status status="PASS" starttime="20191002 15:27:17.478" endtime="20191002 15:27:19.277"></status>
</kw>
<kw name="Sleep" library="BuiltIn">
<doc>Pauses the test executed for the given time.</doc>
<arguments>
<arg>3s</arg>
</arguments>
<msg timestamp="20191002 15:27:22.287" level="INFO">Slept 3 seconds</msg>
<status status="PASS" starttime="20191002 15:27:19.285" endtime="20191002 15:27:22.287"></status>
</kw>
<kw name="Close Browser" library="SeleniumLibrary">
<doc>Closes the current browser.</doc>
<status status="PASS" starttime="20191002 15:27:22.287" endtime="20191002 15:27:25.905"></status>
</kw>
<status status="PASS" starttime="20191002 15:26:43.016" endtime="20191002 15:27:25.905" critical="yes"></status>
</test>
<doc>This is some basic info about the whole suite</doc>
<status status="PASS" starttime="20191002 15:26:42.725" endtime="20191002 15:27:25.905"></status>
</suite>
<statistics>
<total>
<stat pass="1" fail="0">Critical Tests</stat>
<stat pass="1" fail="0">All Tests</stat>
</total>
<tag>
</tag>
<suite>
<stat pass="1" fail="0" id="s1" name="Locators">Locators</stat>
</suite>
</statistics>
<errors>
</errors>
</robot>
