<?xml version="1.0" encoding="UTF-8"?>
<robot generator="Robot 3.1.2 (Python 3.7.4 on win32)" generated="20191011 16:54:00.924" rpa="false">
<suite id="s1" name="Cars" source="C:\development\robot-scripts\data-driven-builtin\tests\Cars.robot">
<test id="s1-t1" name="Invalid login scenarios should display correct error messages">
<kw name="Begin Web Test" library="Common" type="setup">
<kw name="Open Browser" library="SeleniumLibrary">
<doc>Opens a new browser instance to the given ``url``.</doc>
<arguments>
<arg>about:blank</arg>
<arg>${BROWSER}</arg>
</arguments>
<msg timestamp="20191011 16:54:01.155" level="INFO">Opening browser 'chrome' to base url 'about:blank'.</msg>
<status status="PASS" starttime="20191011 16:54:01.155" endtime="20191011 16:54:06.476"></status>
</kw>
<status status="PASS" starttime="20191011 16:54:01.155" endtime="20191011 16:54:06.476"></status>
</kw>
<kw name="Test Multiple Login Scenarios" library="CarsApp">
<arguments>
<arg>${UNREGISTERED_USER}</arg>
</arguments>
<kw name="Navigate to Sign In Page" library="CarsApp">
<kw name="Navigate To" library="SignIn">
<kw name="Catenate" library="BuiltIn">
<doc>Catenates the given items together and returns the resulted string.</doc>
<arguments>
<arg>SEPARATOR=/</arg>
<arg>${BASE_URL.${ENVIRONMENT}}</arg>
<arg>${LOGIN_URL}</arg>
</arguments>
<assign>
<var>${SignInUrl}</var>
</assign>
<msg timestamp="20191011 16:54:06.481" level="INFO">${SignInUrl} = https://www.cars.com//profile/secure/login</msg>
<status status="PASS" starttime="20191011 16:54:06.479" endtime="20191011 16:54:06.481"></status>
</kw>
<kw name="Go To" library="SeleniumLibrary">
<doc>Navigates the current browser window to the provided ``url``.</doc>
<arguments>
<arg>${SignInUrl}</arg>
</arguments>
<msg timestamp="20191011 16:54:06.481" level="INFO">Opening url 'https://www.cars.com//profile/secure/login'</msg>
<status status="PASS" starttime="20191011 16:54:06.481" endtime="20191011 16:54:07.014"></status>
</kw>
<status status="PASS" starttime="20191011 16:54:06.479" endtime="20191011 16:54:07.014"></status>
</kw>
<status status="PASS" starttime="20191011 16:54:06.478" endtime="20191011 16:54:07.015"></status>
</kw>
<kw name="Attempt Login" library="CarsApp">
<arguments>
<arg>${Credentials}</arg>
</arguments>
<kw name="Enter Credentials" library="SignIn">
<arguments>
<arg>${Credentials}</arg>
</arguments>
<kw name="Run Keyword Unless" library="BuiltIn">
<doc>Runs the given keyword with the given arguments if ``condition`` is false.</doc>
<arguments>
<arg>'${Credentials.Email}' == '#BLANK'</arg>
<arg>Input Text</arg>
<arg>${SIGN_IN_EMAIL}</arg>
<arg>${Credentials.Email}</arg>
</arguments>
<kw name="Input Text" library="SeleniumLibrary">
<doc>Types the given ``text`` into the text field identified by ``locator``.</doc>
<arguments>
<arg>${SIGN_IN_EMAIL}</arg>
<arg>${Credentials.Email}</arg>
</arguments>
<msg timestamp="20191011 16:54:07.018" level="INFO">Typing text 'admin@robotframeworktutorial.com' into text field 'xpath=/html/body/div[2]/section/cars-profiles-lsp/cui-tabs/div/ul[2]/li[1]/div/cars-login-form/div/div[3]/form/input[1]'.</msg>
<kw name="Capture Page Screenshot" library="SeleniumLibrary">
<doc>Takes a screenshot of the current page and embeds it into a log file.</doc>
<msg timestamp="20191011 16:54:07.359" level="INFO" html="yes">&lt;/td&gt;&lt;/tr&gt;&lt;tr&gt;&lt;td colspan="3"&gt;&lt;a href="selenium-screenshot-13.png"&gt;&lt;img src="selenium-screenshot-13.png" width="800px"&gt;&lt;/a&gt;</msg>
<status status="PASS" starttime="20191011 16:54:07.039" endtime="20191011 16:54:07.359"></status>
</kw>
<msg timestamp="20191011 16:54:07.385" level="FAIL">Element with locator 'xpath=/html/body/div[2]/section/cars-profiles-lsp/cui-tabs/div/ul[2]/li[1]/div/cars-login-form/div/div[3]/form/input[1]' not found.</msg>
<status status="FAIL" starttime="20191011 16:54:07.017" endtime="20191011 16:54:07.385"></status>
</kw>
<status status="FAIL" starttime="20191011 16:54:07.016" endtime="20191011 16:54:07.385"></status>
</kw>
<status status="FAIL" starttime="20191011 16:54:07.015" endtime="20191011 16:54:07.385"></status>
</kw>
<status status="FAIL" starttime="20191011 16:54:07.015" endtime="20191011 16:54:07.385"></status>
</kw>
<status status="FAIL" starttime="20191011 16:54:06.478" endtime="20191011 16:54:07.385"></status>
</kw>
<kw name="Test Multiple Login Scenarios" library="CarsApp">
<arguments>
<arg>${INVALID_PASSWORD_USER}</arg>
</arguments>
<kw name="Navigate to Sign In Page" library="CarsApp">
<kw name="Navigate To" library="SignIn">
<kw name="Catenate" library="BuiltIn">
<doc>Catenates the given items together and returns the resulted string.</doc>
<arguments>
<arg>SEPARATOR=/</arg>
<arg>${BASE_URL.${ENVIRONMENT}}</arg>
<arg>${LOGIN_URL}</arg>
</arguments>
<assign>
<var>${SignInUrl}</var>
</assign>
<msg timestamp="20191011 16:54:07.387" level="INFO">${SignInUrl} = https://www.cars.com//profile/secure/login</msg>
<status status="PASS" starttime="20191011 16:54:07.386" endtime="20191011 16:54:07.387"></status>
</kw>
<kw name="Go To" library="SeleniumLibrary">
<doc>Navigates the current browser window to the provided ``url``.</doc>
<arguments>
<arg>${SignInUrl}</arg>
</arguments>
<msg timestamp="20191011 16:54:07.387" level="INFO">Opening url 'https://www.cars.com//profile/secure/login'</msg>
<status status="PASS" starttime="20191011 16:54:07.387" endtime="20191011 16:54:10.626"></status>
</kw>
<status status="PASS" starttime="20191011 16:54:07.386" endtime="20191011 16:54:10.626"></status>
</kw>
<status status="PASS" starttime="20191011 16:54:07.386" endtime="20191011 16:54:10.627"></status>
</kw>
<kw name="Attempt Login" library="CarsApp">
<arguments>
<arg>${Credentials}</arg>
</arguments>
<kw name="Enter Credentials" library="SignIn">
<arguments>
<arg>${Credentials}</arg>
</arguments>
<kw name="Run Keyword Unless" library="BuiltIn">
<doc>Runs the given keyword with the given arguments if ``condition`` is false.</doc>
<arguments>
<arg>'${Credentials.Email}' == '#BLANK'</arg>
<arg>Input Text</arg>
<arg>${SIGN_IN_EMAIL}</arg>
<arg>${Credentials.Email}</arg>
</arguments>
<kw name="Input Text" library="SeleniumLibrary">
<doc>Types the given ``text`` into the text field identified by ``locator``.</doc>
<arguments>
<arg>${SIGN_IN_EMAIL}</arg>
<arg>${Credentials.Email}</arg>
</arguments>
<msg timestamp="20191011 16:54:10.629" level="INFO">Typing text 'bryan@bryanlamb.com' into text field 'xpath=/html/body/div[2]/section/cars-profiles-lsp/cui-tabs/div/ul[2]/li[1]/div/cars-login-form/div/div[3]/form/input[1]'.</msg>
<status status="PASS" starttime="20191011 16:54:10.629" endtime="20191011 16:54:10.888"></status>
</kw>
<status status="PASS" starttime="20191011 16:54:10.628" endtime="20191011 16:54:10.888"></status>
</kw>
<kw name="Run Keyword Unless" library="BuiltIn">
<doc>Runs the given keyword with the given arguments if ``condition`` is false.</doc>
<arguments>
<arg>'${Credentials.Password}' == '#BLANK'</arg>
<arg>Input Text</arg>
<arg>${SIGN_IN_PASSWORD}</arg>
<arg>${Credentials.Password}</arg>
</arguments>
<kw name="Input Text" library="SeleniumLibrary">
<doc>Types the given ``text`` into the text field identified by ``locator``.</doc>
<arguments>
<arg>${SIGN_IN_PASSWORD}</arg>
<arg>${Credentials.Password}</arg>
</arguments>
<msg timestamp="20191011 16:54:10.890" level="INFO">Typing text 'TestPassword!' into text field 'xpath=/html/body/div[2]/section/cars-profiles-lsp/cui-tabs/div/ul[2]/li[1]/div/cars-login-form/div/div[3]/form/input[2]'.</msg>
<status status="PASS" starttime="20191011 16:54:10.889" endtime="20191011 16:54:11.060"></status>
</kw>
<status status="PASS" starttime="20191011 16:54:10.888" endtime="20191011 16:54:11.060"></status>
</kw>
<status status="PASS" starttime="20191011 16:54:10.628" endtime="20191011 16:54:11.060"></status>
</kw>
<kw name="Click Submit" library="SignIn">
<kw name="Click Button" library="SeleniumLibrary">
<doc>Clicks the button identified by ``locator``.</doc>
<arguments>
<arg>${LOGIN_SUBMIT_BUTTON}</arg>
</arguments>
<msg timestamp="20191011 16:54:11.061" level="INFO">Clicking button 'xpath=/html/body/div[2]/section/cars-profiles-lsp/cui-tabs/div/ul[2]/li[1]/div/cars-login-form/div/div[3]/form/button'.</msg>
<status status="PASS" starttime="20191011 16:54:11.061" endtime="20191011 16:54:11.153"></status>
</kw>
<status status="PASS" starttime="20191011 16:54:11.061" endtime="20191011 16:54:11.154"></status>
</kw>
<kw name="Sleep" library="BuiltIn">
<doc>Pauses the test executed for the given time.</doc>
<arguments>
<arg>5s</arg>
</arguments>
<msg timestamp="20191011 16:54:16.169" level="INFO">Slept 5 seconds</msg>
<status status="PASS" starttime="20191011 16:54:11.154" endtime="20191011 16:54:16.169"></status>
</kw>
<status status="PASS" starttime="20191011 16:54:10.627" endtime="20191011 16:54:16.169"></status>
</kw>
<kw name="Verify Login Page Error Message" library="CarsApp">
<arguments>
<arg>${Credentials.ExpectedErrorMessage}</arg>
</arguments>
<kw name="Verify Error Message" library="SignIn">
<arguments>
<arg>${ExpectedErrorMessage}</arg>
</arguments>
<kw name="Page Should Contain" library="SeleniumLibrary">
<doc>Verifies that current page contains ``text``.</doc>
<arguments>
<arg>${ExpectedErrorMessage}</arg>
</arguments>
<kw name="Capture Page Screenshot" library="SeleniumLibrary">
<doc>Takes a screenshot of the current page and embeds it into a log file.</doc>
<msg timestamp="20191011 16:54:17.036" level="INFO" html="yes">&lt;/td&gt;&lt;/tr&gt;&lt;tr&gt;&lt;td colspan="3"&gt;&lt;a href="selenium-screenshot-14.png"&gt;&lt;img src="selenium-screenshot-14.png" width="800px"&gt;&lt;/a&gt;</msg>
<status status="PASS" starttime="20191011 16:54:16.638" endtime="20191011 16:54:17.036"></status>
</kw>
<msg timestamp="20191011 16:54:17.036" level="FAIL">Page should have contained text 'Please double check your password. It should be 6 or more characters with no spaces.' but did not.</msg>
<status status="FAIL" starttime="20191011 16:54:16.169" endtime="20191011 16:54:17.036"></status>
</kw>
<status status="FAIL" starttime="20191011 16:54:16.169" endtime="20191011 16:54:17.036"></status>
</kw>
<status status="FAIL" starttime="20191011 16:54:16.169" endtime="20191011 16:54:17.036"></status>
</kw>
<status status="FAIL" starttime="20191011 16:54:07.385" endtime="20191011 16:54:17.036"></status>
</kw>
<kw name="Test Multiple Login Scenarios" library="CarsApp">
<arguments>
<arg>${BLANK_CREDENTIALS_USER}</arg>
</arguments>
<kw name="Navigate to Sign In Page" library="CarsApp">
<kw name="Navigate To" library="SignIn">
<kw name="Catenate" library="BuiltIn">
<doc>Catenates the given items together and returns the resulted string.</doc>
<arguments>
<arg>SEPARATOR=/</arg>
<arg>${BASE_URL.${ENVIRONMENT}}</arg>
<arg>${LOGIN_URL}</arg>
</arguments>
<assign>
<var>${SignInUrl}</var>
</assign>
<msg timestamp="20191011 16:54:17.036" level="INFO">${SignInUrl} = https://www.cars.com//profile/secure/login</msg>
<status status="PASS" starttime="20191011 16:54:17.036" endtime="20191011 16:54:17.036"></status>
</kw>
<kw name="Go To" library="SeleniumLibrary">
<doc>Navigates the current browser window to the provided ``url``.</doc>
<arguments>
<arg>${SignInUrl}</arg>
</arguments>
<msg timestamp="20191011 16:54:17.036" level="INFO">Opening url 'https://www.cars.com//profile/secure/login'</msg>
<status status="PASS" starttime="20191011 16:54:17.036" endtime="20191011 16:54:19.438"></status>
</kw>
<status status="PASS" starttime="20191011 16:54:17.036" endtime="20191011 16:54:19.438"></status>
</kw>
<status status="PASS" starttime="20191011 16:54:17.036" endtime="20191011 16:54:19.438"></status>
</kw>
<kw name="Attempt Login" library="CarsApp">
<arguments>
<arg>${Credentials}</arg>
</arguments>
<kw name="Enter Credentials" library="SignIn">
<arguments>
<arg>${Credentials}</arg>
</arguments>
<kw name="Run Keyword Unless" library="BuiltIn">
<doc>Runs the given keyword with the given arguments if ``condition`` is false.</doc>
<arguments>
<arg>'${Credentials.Email}' == '#BLANK'</arg>
<arg>Input Text</arg>
<arg>${SIGN_IN_EMAIL}</arg>
<arg>${Credentials.Email}</arg>
</arguments>
<status status="PASS" starttime="20191011 16:54:19.440" endtime="20191011 16:54:19.440"></status>
</kw>
<kw name="Run Keyword Unless" library="BuiltIn">
<doc>Runs the given keyword with the given arguments if ``condition`` is false.</doc>
<arguments>
<arg>'${Credentials.Password}' == '#BLANK'</arg>
<arg>Input Text</arg>
<arg>${SIGN_IN_PASSWORD}</arg>
<arg>${Credentials.Password}</arg>
</arguments>
<status status="PASS" starttime="20191011 16:54:19.441" endtime="20191011 16:54:19.441"></status>
</kw>
<status status="PASS" starttime="20191011 16:54:19.439" endtime="20191011 16:54:19.441"></status>
</kw>
<kw name="Click Submit" library="SignIn">
<kw name="Click Button" library="SeleniumLibrary">
<doc>Clicks the button identified by ``locator``.</doc>
<arguments>
<arg>${LOGIN_SUBMIT_BUTTON}</arg>
</arguments>
<msg timestamp="20191011 16:54:19.443" level="INFO">Clicking button 'xpath=/html/body/div[2]/section/cars-profiles-lsp/cui-tabs/div/ul[2]/li[1]/div/cars-login-form/div/div[3]/form/button'.</msg>
<status status="PASS" starttime="20191011 16:54:19.442" endtime="20191011 16:54:19.573"></status>
</kw>
<status status="PASS" starttime="20191011 16:54:19.442" endtime="20191011 16:54:19.573"></status>
</kw>
<kw name="Sleep" library="BuiltIn">
<doc>Pauses the test executed for the given time.</doc>
<arguments>
<arg>5s</arg>
</arguments>
<msg timestamp="20191011 16:54:24.584" level="INFO">Slept 5 seconds</msg>
<status status="PASS" starttime="20191011 16:54:19.573" endtime="20191011 16:54:24.584"></status>
</kw>
<status status="PASS" starttime="20191011 16:54:19.438" endtime="20191011 16:54:24.584"></status>
</kw>
<kw name="Verify Login Page Error Message" library="CarsApp">
<arguments>
<arg>${Credentials.ExpectedErrorMessage}</arg>
</arguments>
<kw name="Verify Error Message" library="SignIn">
<arguments>
<arg>${ExpectedErrorMessage}</arg>
</arguments>
<kw name="Page Should Contain" library="SeleniumLibrary">
<doc>Verifies that current page contains ``text``.</doc>
<arguments>
<arg>${ExpectedErrorMessage}</arg>
</arguments>
<kw name="Capture Page Screenshot" library="SeleniumLibrary">
<doc>Takes a screenshot of the current page and embeds it into a log file.</doc>
<msg timestamp="20191011 16:54:25.260" level="INFO" html="yes">&lt;/td&gt;&lt;/tr&gt;&lt;tr&gt;&lt;td colspan="3"&gt;&lt;a href="selenium-screenshot-15.png"&gt;&lt;img src="selenium-screenshot-15.png" width="800px"&gt;&lt;/a&gt;</msg>
<status status="PASS" starttime="20191011 16:54:24.923" endtime="20191011 16:54:25.260"></status>
</kw>
<msg timestamp="20191011 16:54:25.260" level="FAIL">Page should have contained text 'ErrorMessage=Please your email address and password.' but did not.</msg>
<status status="FAIL" starttime="20191011 16:54:24.584" endtime="20191011 16:54:25.260"></status>
</kw>
<status status="FAIL" starttime="20191011 16:54:24.584" endtime="20191011 16:54:25.260"></status>
</kw>
<status status="FAIL" starttime="20191011 16:54:24.584" endtime="20191011 16:54:25.260"></status>
</kw>
<status status="FAIL" starttime="20191011 16:54:17.036" endtime="20191011 16:54:25.260"></status>
</kw>
<kw name="End Web Test" library="Common" type="teardown">
<kw name="Close All Browsers" library="SeleniumLibrary">
<doc>Closes all open browsers and resets the browser cache.</doc>
<status status="PASS" starttime="20191011 16:54:25.260" endtime="20191011 16:54:27.503"></status>
</kw>
<status status="PASS" starttime="20191011 16:54:25.260" endtime="20191011 16:54:27.503"></status>
</kw>
<status status="FAIL" starttime="20191011 16:54:01.155" endtime="20191011 16:54:27.518" critical="yes">Several failures occurred:

1) Element with locator 'xpath=/html/body/div[2]/section/cars-profiles-lsp/cui-tabs/div/ul[2]/li[1]/div/cars-login-form/div/div[3]/form/input[1]' not found.

2) Page should have contained text 'Please double check your password. It should be 6 or more characters with no spaces.' but did not.

3) Page should have contained text 'ErrorMessage=Please your email address and password.' but did not.</status>
</test>
<doc>Demonstrate a need for data-driven testing</doc>
<status status="FAIL" starttime="20191011 16:54:00.940" endtime="20191011 16:54:27.534"></status>
</suite>
<statistics>
<total>
<stat pass="0" fail="1">Critical Tests</stat>
<stat pass="0" fail="1">All Tests</stat>
</total>
<tag>
</tag>
<suite>
<stat pass="0" fail="1" id="s1" name="Cars">Cars</stat>
</suite>
</statistics>
<errors>
</errors>
</robot>
