<?xml version="1.0" encoding="UTF-8"?>
<robot generator="Robot 3.1.2 (Python 3.7.4 on win32)" generated="20191105 16:29:37.373" rpa="false">
<suite id="s1" name="Tests" source="C:\development\test_automation\Frames\tests">
<suite id="s1-s1" name="Frames" source="C:\development\test_automation\Frames\tests\Frames.robot">
<test id="s1-s1-t1" name="testing framesch">
<kw name="Open Browser" library="SeleniumLibrary">
<doc>Opens a new browser instance to the given ``url``.</doc>
<arguments>
<arg>${URL}</arg>
<arg>${Browserch}</arg>
</arguments>
<msg timestamp="20191105 16:29:37.653" level="INFO">Opening browser 'chrome' to base url 'https://selenium.dev/selenium/docs/api/java/index'.</msg>
<status status="PASS" starttime="20191105 16:29:37.653" endtime="20191105 16:29:44.982"></status>
</kw>
<kw name="Maximize Browser Window" library="SeleniumLibrary">
<doc>Maximizes current browser window.</doc>
<status status="PASS" starttime="20191105 16:29:44.982" endtime="20191105 16:29:49.117"></status>
</kw>
<kw name="TestSpeedTests">
<kw name="Set Selenium Speed" library="SeleniumLibrary">
<doc>Sets the delay that is waited after each Selenium command.</doc>
<arguments>
<arg>1seconds</arg>
</arguments>
<status status="PASS" starttime="20191105 16:29:49.117" endtime="20191105 16:29:49.117"></status>
</kw>
<kw name="Select Frame" library="SeleniumLibrary">
<doc>Sets frame identified by ``locator`` as the current frame.</doc>
<arguments>
<arg>packageListFrame</arg>
</arguments>
<msg timestamp="20191105 16:29:49.117" level="INFO">Selecting frame 'packageListFrame'.</msg>
<status status="PASS" starttime="20191105 16:29:49.117" endtime="20191105 16:29:51.153"></status>
</kw>
<kw name="Click Link" library="SeleniumLibrary">
<doc>Clicks a link identified by ``locator``.</doc>
<arguments>
<arg>org.openqa.selenium</arg>
</arguments>
<msg timestamp="20191105 16:29:51.153" level="INFO">Clicking link 'org.openqa.selenium'.</msg>
<status status="PASS" starttime="20191105 16:29:51.153" endtime="20191105 16:29:54.264"></status>
</kw>
<kw name="Unselect Frame" library="SeleniumLibrary">
<doc>Sets the main frame as the current frame.</doc>
<status status="PASS" starttime="20191105 16:29:54.264" endtime="20191105 16:29:55.275"></status>
</kw>
<kw name="Sleep" library="BuiltIn">
<doc>Pauses the test executed for the given time.</doc>
<arguments>
<arg>2s</arg>
</arguments>
<msg timestamp="20191105 16:29:57.277" level="INFO">Slept 2 seconds</msg>
<status status="PASS" starttime="20191105 16:29:55.275" endtime="20191105 16:29:57.277"></status>
</kw>
<kw name="Select Frame" library="SeleniumLibrary">
<doc>Sets frame identified by ``locator`` as the current frame.</doc>
<arguments>
<arg>packageFrame</arg>
</arguments>
<msg timestamp="20191105 16:29:57.277" level="INFO">Selecting frame 'packageFrame'.</msg>
<status status="PASS" starttime="20191105 16:29:57.277" endtime="20191105 16:29:59.379"></status>
</kw>
<kw name="Click Link" library="SeleniumLibrary">
<doc>Clicks a link identified by ``locator``.</doc>
<arguments>
<arg>WebDriver.Window</arg>
</arguments>
<msg timestamp="20191105 16:29:59.379" level="INFO">Clicking link 'WebDriver.Window'.</msg>
<status status="PASS" starttime="20191105 16:29:59.379" endtime="20191105 16:30:02.717"></status>
</kw>
<kw name="Unselect Frame" library="SeleniumLibrary">
<doc>Sets the main frame as the current frame.</doc>
<status status="PASS" starttime="20191105 16:30:02.717" endtime="20191105 16:30:03.725"></status>
</kw>
<kw name="Sleep" library="BuiltIn">
<doc>Pauses the test executed for the given time.</doc>
<arguments>
<arg>2s</arg>
</arguments>
<msg timestamp="20191105 16:30:05.730" level="INFO">Slept 2 seconds</msg>
<status status="PASS" starttime="20191105 16:30:03.725" endtime="20191105 16:30:05.730"></status>
</kw>
<kw name="Select Frame" library="SeleniumLibrary">
<doc>Sets frame identified by ``locator`` as the current frame.</doc>
<arguments>
<arg>classFrame</arg>
</arguments>
<msg timestamp="20191105 16:30:05.730" level="INFO">Selecting frame 'classFrame'.</msg>
<status status="PASS" starttime="20191105 16:30:05.730" endtime="20191105 16:30:07.836"></status>
</kw>
<kw name="Click Link" library="SeleniumLibrary">
<doc>Clicks a link identified by ``locator``.</doc>
<arguments>
<arg>Help</arg>
</arguments>
<msg timestamp="20191105 16:30:07.836" level="INFO">Clicking link 'Help'.</msg>
<status status="PASS" starttime="20191105 16:30:07.836" endtime="20191105 16:30:11.151"></status>
</kw>
<kw name="Unselect Frame" library="SeleniumLibrary">
<doc>Sets the main frame as the current frame.</doc>
<status status="PASS" starttime="20191105 16:30:11.151" endtime="20191105 16:30:12.162"></status>
</kw>
<kw name="Select Frame" library="SeleniumLibrary">
<doc>Sets frame identified by ``locator`` as the current frame.</doc>
<arguments>
<arg>classFrame</arg>
</arguments>
<msg timestamp="20191105 16:30:12.162" level="INFO">Selecting frame 'classFrame'.</msg>
<status status="PASS" starttime="20191105 16:30:12.162" endtime="20191105 16:30:14.227"></status>
</kw>
<kw name="Click Link" library="SeleniumLibrary">
<doc>Clicks a link identified by ``locator``.</doc>
<arguments>
<arg>Index</arg>
</arguments>
<msg timestamp="20191105 16:30:14.227" level="INFO">Clicking link 'Index'.</msg>
<status status="PASS" starttime="20191105 16:30:14.227" endtime="20191105 16:30:17.508"></status>
</kw>
<kw name="Unselect Frame" library="SeleniumLibrary">
<doc>Sets the main frame as the current frame.</doc>
<status status="PASS" starttime="20191105 16:30:17.508" endtime="20191105 16:30:18.868"></status>
</kw>
<status status="PASS" starttime="20191105 16:29:49.117" endtime="20191105 16:30:18.868"></status>
</kw>
<status status="PASS" starttime="20191105 16:29:37.653" endtime="20191105 16:30:18.868" critical="yes"></status>
</test>
<test id="s1-s1-t2" name="testing framesff">
<kw name="Open Browser" library="SeleniumLibrary">
<doc>Opens a new browser instance to the given ``url``.</doc>
<arguments>
<arg>${URL}</arg>
<arg>${Browserff}</arg>
</arguments>
<msg timestamp="20191105 16:30:18.876" level="INFO">Opening browser 'ff' to base url 'https://selenium.dev/selenium/docs/api/java/index'.</msg>
<msg timestamp="20191105 16:30:18.880" level="INFO">Firefox driver log is always forced to to: C:\development\test_automation\Frames\Result\geckodriver-2.log</msg>
<status status="PASS" starttime="20191105 16:30:18.876" endtime="20191105 16:30:26.974"></status>
</kw>
<kw name="Maximize Browser Window" library="SeleniumLibrary">
<doc>Maximizes current browser window.</doc>
<status status="PASS" starttime="20191105 16:30:26.974" endtime="20191105 16:30:28.292"></status>
</kw>
<kw name="TestSpeedTests">
<kw name="Set Selenium Speed" library="SeleniumLibrary">
<doc>Sets the delay that is waited after each Selenium command.</doc>
<arguments>
<arg>1seconds</arg>
</arguments>
<status status="PASS" starttime="20191105 16:30:28.292" endtime="20191105 16:30:28.292"></status>
</kw>
<kw name="Select Frame" library="SeleniumLibrary">
<doc>Sets frame identified by ``locator`` as the current frame.</doc>
<arguments>
<arg>packageListFrame</arg>
</arguments>
<msg timestamp="20191105 16:30:28.296" level="INFO">Selecting frame 'packageListFrame'.</msg>
<status status="PASS" starttime="20191105 16:30:28.292" endtime="20191105 16:30:30.325"></status>
</kw>
<kw name="Click Link" library="SeleniumLibrary">
<doc>Clicks a link identified by ``locator``.</doc>
<arguments>
<arg>org.openqa.selenium</arg>
</arguments>
<msg timestamp="20191105 16:30:30.325" level="INFO">Clicking link 'org.openqa.selenium'.</msg>
<status status="PASS" starttime="20191105 16:30:30.325" endtime="20191105 16:30:33.615"></status>
</kw>
<kw name="Unselect Frame" library="SeleniumLibrary">
<doc>Sets the main frame as the current frame.</doc>
<status status="PASS" starttime="20191105 16:30:33.615" endtime="20191105 16:30:34.631"></status>
</kw>
<kw name="Sleep" library="BuiltIn">
<doc>Pauses the test executed for the given time.</doc>
<arguments>
<arg>2s</arg>
</arguments>
<msg timestamp="20191105 16:30:36.635" level="INFO">Slept 2 seconds</msg>
<status status="PASS" starttime="20191105 16:30:34.631" endtime="20191105 16:30:36.635"></status>
</kw>
<kw name="Select Frame" library="SeleniumLibrary">
<doc>Sets frame identified by ``locator`` as the current frame.</doc>
<arguments>
<arg>packageFrame</arg>
</arguments>
<msg timestamp="20191105 16:30:36.635" level="INFO">Selecting frame 'packageFrame'.</msg>
<status status="PASS" starttime="20191105 16:30:36.635" endtime="20191105 16:30:38.667"></status>
</kw>
<kw name="Click Link" library="SeleniumLibrary">
<doc>Clicks a link identified by ``locator``.</doc>
<arguments>
<arg>WebDriver.Window</arg>
</arguments>
<msg timestamp="20191105 16:30:38.667" level="INFO">Clicking link 'WebDriver.Window'.</msg>
<status status="PASS" starttime="20191105 16:30:38.667" endtime="20191105 16:30:41.942"></status>
</kw>
<kw name="Unselect Frame" library="SeleniumLibrary">
<doc>Sets the main frame as the current frame.</doc>
<status status="PASS" starttime="20191105 16:30:41.942" endtime="20191105 16:30:42.950"></status>
</kw>
<kw name="Sleep" library="BuiltIn">
<doc>Pauses the test executed for the given time.</doc>
<arguments>
<arg>2s</arg>
</arguments>
<msg timestamp="20191105 16:30:44.953" level="INFO">Slept 2 seconds</msg>
<status status="PASS" starttime="20191105 16:30:42.950" endtime="20191105 16:30:44.953"></status>
</kw>
<kw name="Select Frame" library="SeleniumLibrary">
<doc>Sets frame identified by ``locator`` as the current frame.</doc>
<arguments>
<arg>classFrame</arg>
</arguments>
<msg timestamp="20191105 16:30:44.953" level="INFO">Selecting frame 'classFrame'.</msg>
<status status="PASS" starttime="20191105 16:30:44.953" endtime="20191105 16:30:46.979"></status>
</kw>
<kw name="Click Link" library="SeleniumLibrary">
<doc>Clicks a link identified by ``locator``.</doc>
<arguments>
<arg>Help</arg>
</arguments>
<msg timestamp="20191105 16:30:46.979" level="INFO">Clicking link 'Help'.</msg>
<status status="PASS" starttime="20191105 16:30:46.979" endtime="20191105 16:30:50.565"></status>
</kw>
<kw name="Unselect Frame" library="SeleniumLibrary">
<doc>Sets the main frame as the current frame.</doc>
<status status="PASS" starttime="20191105 16:30:50.565" endtime="20191105 16:30:51.575"></status>
</kw>
<kw name="Select Frame" library="SeleniumLibrary">
<doc>Sets frame identified by ``locator`` as the current frame.</doc>
<arguments>
<arg>classFrame</arg>
</arguments>
<msg timestamp="20191105 16:30:51.575" level="INFO">Selecting frame 'classFrame'.</msg>
<status status="PASS" starttime="20191105 16:30:51.575" endtime="20191105 16:30:53.593"></status>
</kw>
<kw name="Click Link" library="SeleniumLibrary">
<doc>Clicks a link identified by ``locator``.</doc>
<arguments>
<arg>Index</arg>
</arguments>
<msg timestamp="20191105 16:30:53.593" level="INFO">Clicking link 'Index'.</msg>
<status status="PASS" starttime="20191105 16:30:53.593" endtime="20191105 16:30:57.634"></status>
</kw>
<kw name="Unselect Frame" library="SeleniumLibrary">
<doc>Sets the main frame as the current frame.</doc>
<status status="PASS" starttime="20191105 16:30:57.634" endtime="20191105 16:30:58.642"></status>
</kw>
<status status="PASS" starttime="20191105 16:30:28.292" endtime="20191105 16:30:58.642"></status>
</kw>
<status status="PASS" starttime="20191105 16:30:18.872" endtime="20191105 16:30:58.642" critical="yes"></status>
</test>
<test id="s1-s1-t3" name="testing framesie">
<kw name="Open Browser" library="SeleniumLibrary">
<doc>Opens a new browser instance to the given ``url``.</doc>
<arguments>
<arg>${URL}</arg>
<arg>${Browserie}</arg>
</arguments>
<msg timestamp="20191105 16:30:58.650" level="INFO">Opening browser 'ie' to base url 'https://selenium.dev/selenium/docs/api/java/index'.</msg>
<status status="PASS" starttime="20191105 16:30:58.646" endtime="20191105 16:31:01.663"></status>
</kw>
<kw name="Maximize Browser Window" library="SeleniumLibrary">
<doc>Maximizes current browser window.</doc>
<status status="PASS" starttime="20191105 16:31:01.663" endtime="20191105 16:31:02.681"></status>
</kw>
<kw name="TestSpeedTests">
<kw name="Set Selenium Speed" library="SeleniumLibrary">
<doc>Sets the delay that is waited after each Selenium command.</doc>
<arguments>
<arg>1seconds</arg>
</arguments>
<status status="PASS" starttime="20191105 16:31:02.681" endtime="20191105 16:31:02.681"></status>
</kw>
<kw name="Select Frame" library="SeleniumLibrary">
<doc>Sets frame identified by ``locator`` as the current frame.</doc>
<arguments>
<arg>packageListFrame</arg>
</arguments>
<msg timestamp="20191105 16:31:02.681" level="INFO">Selecting frame 'packageListFrame'.</msg>
<status status="PASS" starttime="20191105 16:31:02.681" endtime="20191105 16:31:04.951"></status>
</kw>
<kw name="Click Link" library="SeleniumLibrary">
<doc>Clicks a link identified by ``locator``.</doc>
<arguments>
<arg>org.openqa.selenium</arg>
</arguments>
<msg timestamp="20191105 16:31:04.951" level="INFO">Clicking link 'org.openqa.selenium'.</msg>
<status status="PASS" starttime="20191105 16:31:04.951" endtime="20191105 16:31:08.987"></status>
</kw>
<kw name="Unselect Frame" library="SeleniumLibrary">
<doc>Sets the main frame as the current frame.</doc>
<status status="PASS" starttime="20191105 16:31:08.987" endtime="20191105 16:31:10.006"></status>
</kw>
<kw name="Sleep" library="BuiltIn">
<doc>Pauses the test executed for the given time.</doc>
<arguments>
<arg>2s</arg>
</arguments>
<msg timestamp="20191105 16:31:12.009" level="INFO">Slept 2 seconds</msg>
<status status="PASS" starttime="20191105 16:31:10.006" endtime="20191105 16:31:12.009"></status>
</kw>
<kw name="Select Frame" library="SeleniumLibrary">
<doc>Sets frame identified by ``locator`` as the current frame.</doc>
<arguments>
<arg>packageFrame</arg>
</arguments>
<msg timestamp="20191105 16:31:12.009" level="INFO">Selecting frame 'packageFrame'.</msg>
<status status="PASS" starttime="20191105 16:31:12.009" endtime="20191105 16:31:14.288"></status>
</kw>
<kw name="Click Link" library="SeleniumLibrary">
<doc>Clicks a link identified by ``locator``.</doc>
<arguments>
<arg>WebDriver.Window</arg>
</arguments>
<msg timestamp="20191105 16:31:14.288" level="INFO">Clicking link 'WebDriver.Window'.</msg>
<status status="PASS" starttime="20191105 16:31:14.288" endtime="20191105 16:31:18.641"></status>
</kw>
<kw name="Unselect Frame" library="SeleniumLibrary">
<doc>Sets the main frame as the current frame.</doc>
<status status="PASS" starttime="20191105 16:31:18.641" endtime="20191105 16:31:19.658"></status>
</kw>
<kw name="Sleep" library="BuiltIn">
<doc>Pauses the test executed for the given time.</doc>
<arguments>
<arg>2s</arg>
</arguments>
<msg timestamp="20191105 16:31:21.660" level="INFO">Slept 2 seconds</msg>
<status status="PASS" starttime="20191105 16:31:19.658" endtime="20191105 16:31:21.660"></status>
</kw>
<kw name="Select Frame" library="SeleniumLibrary">
<doc>Sets frame identified by ``locator`` as the current frame.</doc>
<arguments>
<arg>classFrame</arg>
</arguments>
<msg timestamp="20191105 16:31:21.660" level="INFO">Selecting frame 'classFrame'.</msg>
<status status="PASS" starttime="20191105 16:31:21.660" endtime="20191105 16:31:23.950"></status>
</kw>
<kw name="Click Link" library="SeleniumLibrary">
<doc>Clicks a link identified by ``locator``.</doc>
<arguments>
<arg>Help</arg>
</arguments>
<msg timestamp="20191105 16:31:23.950" level="INFO">Clicking link 'Help'.</msg>
<status status="PASS" starttime="20191105 16:31:23.950" endtime="20191105 16:31:28.111"></status>
</kw>
<kw name="Unselect Frame" library="SeleniumLibrary">
<doc>Sets the main frame as the current frame.</doc>
<status status="PASS" starttime="20191105 16:31:28.111" endtime="20191105 16:31:29.130"></status>
</kw>
<kw name="Select Frame" library="SeleniumLibrary">
<doc>Sets frame identified by ``locator`` as the current frame.</doc>
<arguments>
<arg>classFrame</arg>
</arguments>
<msg timestamp="20191105 16:31:29.130" level="INFO">Selecting frame 'classFrame'.</msg>
<status status="PASS" starttime="20191105 16:31:29.130" endtime="20191105 16:31:31.391"></status>
</kw>
<kw name="Click Link" library="SeleniumLibrary">
<doc>Clicks a link identified by ``locator``.</doc>
<arguments>
<arg>Index</arg>
</arguments>
<msg timestamp="20191105 16:31:31.391" level="INFO">Clicking link 'Index'.</msg>
<status status="PASS" starttime="20191105 16:31:31.391" endtime="20191105 16:31:36.109"></status>
</kw>
<kw name="Unselect Frame" library="SeleniumLibrary">
<doc>Sets the main frame as the current frame.</doc>
<status status="PASS" starttime="20191105 16:31:36.109" endtime="20191105 16:31:37.126"></status>
</kw>
<status status="PASS" starttime="20191105 16:31:02.681" endtime="20191105 16:31:37.126"></status>
</kw>
<kw name="Sleep" library="BuiltIn">
<doc>Pauses the test executed for the given time.</doc>
<arguments>
<arg>2s</arg>
</arguments>
<msg timestamp="20191105 16:31:39.129" level="INFO">Slept 2 seconds</msg>
<status status="PASS" starttime="20191105 16:31:37.126" endtime="20191105 16:31:39.129"></status>
</kw>
<kw name="Close All Browsers" library="SeleniumLibrary">
<doc>Closes all open browsers and resets the browser cache.</doc>
<status status="PASS" starttime="20191105 16:31:39.129" endtime="20191105 16:31:48.314"></status>
</kw>
<status status="PASS" starttime="20191105 16:30:58.646" endtime="20191105 16:31:48.314" critical="yes"></status>
</test>
<status status="PASS" starttime="20191105 16:29:37.401" endtime="20191105 16:31:48.326"></status>
</suite>
<status status="PASS" starttime="20191105 16:29:37.373" endtime="20191105 16:31:48.346"></status>
</suite>
<statistics>
<total>
<stat pass="3" fail="0">Critical Tests</stat>
<stat pass="3" fail="0">All Tests</stat>
</total>
<tag>
</tag>
<suite>
<stat pass="3" fail="0" id="s1" name="Tests">Tests</stat>
<stat pass="3" fail="0" id="s1-s1" name="Frames">Tests.Frames</stat>
</suite>
</statistics>
<errors>
</errors>
</robot>
