<?xml version="1.0" encoding="UTF-8"?>
<robot generator="Robot 3.1.2 (Python 3.7.4 on win32)" generated="20191104 16:19:54.802" rpa="false">
<suite id="s1" name="Tests" source="C:\development\test_automation\test1\tests">
<suite id="s1-s1" name="Test1" source="C:\development\test_automation\test1\tests\test1.robot">
<test id="s1-s1-t1" name="LoginTestch">
<kw name="Open Browser" library="SeleniumLibrary">
<doc>Opens a new browser instance to the given ``url``.</doc>
<arguments>
<arg>${URL}</arg>
<arg>${Browserch}</arg>
</arguments>
<msg timestamp="20191104 16:19:55.220" level="INFO">Opening browser 'chrome' to base url 'https://demo.nopcommerce.com'.</msg>
<status status="PASS" starttime="20191104 16:19:55.220" endtime="20191104 16:20:03.322"></status>
</kw>
<kw name="LoginToApplication">
<kw name="Sleep" library="BuiltIn">
<doc>Pauses the test executed for the given time.</doc>
<arguments>
<arg>2s</arg>
</arguments>
<msg timestamp="20191104 16:20:05.325" level="INFO">Slept 2 seconds</msg>
<status status="PASS" starttime="20191104 16:20:03.323" endtime="20191104 16:20:05.325"></status>
</kw>
<kw name="Click Link" library="SeleniumLibrary">
<doc>Clicks a link identified by ``locator``.</doc>
<arguments>
<arg>xpath://html/body/div[6]/div[1]/div[1]/div[2]/div[1]/ul/li[2]/a</arg>
</arguments>
<msg timestamp="20191104 16:20:05.325" level="INFO">Clicking link 'xpath://html/body/div[6]/div[1]/div[1]/div[2]/div[1]/ul/li[2]/a'.</msg>
<status status="PASS" starttime="20191104 16:20:05.325" endtime="20191104 16:20:06.805"></status>
</kw>
<kw name="Sleep" library="BuiltIn">
<doc>Pauses the test executed for the given time.</doc>
<arguments>
<arg>2s</arg>
</arguments>
<msg timestamp="20191104 16:20:08.807" level="INFO">Slept 2 seconds</msg>
<status status="PASS" starttime="20191104 16:20:06.806" endtime="20191104 16:20:08.807"></status>
</kw>
<kw name="Input Text" library="SeleniumLibrary">
<doc>Types the given ``text`` into the text field identified by ``locator``.</doc>
<arguments>
<arg>id:Email</arg>
<arg>tan.nguyen@paptech.com</arg>
</arguments>
<msg timestamp="20191104 16:20:08.808" level="INFO">Typing text 'tan.nguyen@paptech.com' into text field 'id:Email'.</msg>
<status status="PASS" starttime="20191104 16:20:08.808" endtime="20191104 16:20:08.989"></status>
</kw>
<kw name="Sleep" library="BuiltIn">
<doc>Pauses the test executed for the given time.</doc>
<arguments>
<arg>2s</arg>
</arguments>
<msg timestamp="20191104 16:20:10.991" level="INFO">Slept 2 seconds</msg>
<status status="PASS" starttime="20191104 16:20:08.989" endtime="20191104 16:20:10.991"></status>
</kw>
<kw name="Input Text" library="SeleniumLibrary">
<doc>Types the given ``text`` into the text field identified by ``locator``.</doc>
<arguments>
<arg>id:Password</arg>
<arg>Test@123</arg>
</arguments>
<msg timestamp="20191104 16:20:10.992" level="INFO">Typing text 'Test@123' into text field 'id:Password'.</msg>
<status status="PASS" starttime="20191104 16:20:10.992" endtime="20191104 16:20:11.247"></status>
</kw>
<kw name="Sleep" library="BuiltIn">
<doc>Pauses the test executed for the given time.</doc>
<arguments>
<arg>2s</arg>
</arguments>
<msg timestamp="20191104 16:20:13.249" level="INFO">Slept 2 seconds</msg>
<status status="PASS" starttime="20191104 16:20:11.247" endtime="20191104 16:20:13.249"></status>
</kw>
<kw name="Click Button" library="SeleniumLibrary">
<doc>Clicks the button identified by ``locator``.</doc>
<arguments>
<arg>xpath://html/body/div[6]/div[3]/div/div/div/div[2]/div[1]/div[2]/form/div[3]/input</arg>
</arguments>
<msg timestamp="20191104 16:20:13.250" level="INFO">Clicking button 'xpath://html/body/div[6]/div[3]/div/div/div/div[2]/div[1]/div[2]/form/div[3]/input'.</msg>
<status status="PASS" starttime="20191104 16:20:13.250" endtime="20191104 16:20:15.048"></status>
</kw>
<kw name="Sleep" library="BuiltIn">
<doc>Pauses the test executed for the given time.</doc>
<arguments>
<arg>2s</arg>
</arguments>
<msg timestamp="20191104 16:20:17.051" level="INFO">Slept 2 seconds</msg>
<status status="PASS" starttime="20191104 16:20:15.049" endtime="20191104 16:20:17.051"></status>
</kw>
<status status="PASS" starttime="20191104 16:20:03.323" endtime="20191104 16:20:17.052"></status>
</kw>
<kw name="Close Browser" library="SeleniumLibrary">
<doc>Closes the current browser.</doc>
<status status="PASS" starttime="20191104 16:20:17.053" endtime="20191104 16:20:19.310"></status>
</kw>
<status status="PASS" starttime="20191104 16:19:55.219" endtime="20191104 16:20:19.312" critical="yes"></status>
</test>
<test id="s1-s1-t2" name="Logintestff">
<kw name="Open Browser" library="SeleniumLibrary">
<doc>Opens a new browser instance to the given ``url``.</doc>
<arguments>
<arg>${URL}</arg>
<arg>${Browserff}</arg>
</arguments>
<msg timestamp="20191104 16:20:19.322" level="INFO">Opening browser 'ff' to base url 'https://demo.nopcommerce.com'.</msg>
<msg timestamp="20191104 16:20:19.327" level="INFO">Firefox driver log is always forced to to: C:\development\test_automation\test1\Result\geckodriver-4.log</msg>
<status status="PASS" starttime="20191104 16:20:19.321" endtime="20191104 16:20:28.099"></status>
</kw>
<kw name="LoginToApplication">
<kw name="Sleep" library="BuiltIn">
<doc>Pauses the test executed for the given time.</doc>
<arguments>
<arg>2s</arg>
</arguments>
<msg timestamp="20191104 16:20:30.113" level="INFO">Slept 2 seconds</msg>
<status status="PASS" starttime="20191104 16:20:28.111" endtime="20191104 16:20:30.113"></status>
</kw>
<kw name="Click Link" library="SeleniumLibrary">
<doc>Clicks a link identified by ``locator``.</doc>
<arguments>
<arg>xpath://html/body/div[6]/div[1]/div[1]/div[2]/div[1]/ul/li[2]/a</arg>
</arguments>
<msg timestamp="20191104 16:20:30.114" level="INFO">Clicking link 'xpath://html/body/div[6]/div[1]/div[1]/div[2]/div[1]/ul/li[2]/a'.</msg>
<status status="PASS" starttime="20191104 16:20:30.114" endtime="20191104 16:20:31.853"></status>
</kw>
<kw name="Sleep" library="BuiltIn">
<doc>Pauses the test executed for the given time.</doc>
<arguments>
<arg>2s</arg>
</arguments>
<msg timestamp="20191104 16:20:33.853" level="INFO">Slept 2 seconds</msg>
<status status="PASS" starttime="20191104 16:20:31.853" endtime="20191104 16:20:33.853"></status>
</kw>
<kw name="Input Text" library="SeleniumLibrary">
<doc>Types the given ``text`` into the text field identified by ``locator``.</doc>
<arguments>
<arg>id:Email</arg>
<arg>tan.nguyen@paptech.com</arg>
</arguments>
<msg timestamp="20191104 16:20:33.854" level="INFO">Typing text 'tan.nguyen@paptech.com' into text field 'id:Email'.</msg>
<status status="PASS" starttime="20191104 16:20:33.854" endtime="20191104 16:20:34.060"></status>
</kw>
<kw name="Sleep" library="BuiltIn">
<doc>Pauses the test executed for the given time.</doc>
<arguments>
<arg>2s</arg>
</arguments>
<msg timestamp="20191104 16:20:36.062" level="INFO">Slept 2 seconds</msg>
<status status="PASS" starttime="20191104 16:20:34.060" endtime="20191104 16:20:36.062"></status>
</kw>
<kw name="Input Text" library="SeleniumLibrary">
<doc>Types the given ``text`` into the text field identified by ``locator``.</doc>
<arguments>
<arg>id:Password</arg>
<arg>Test@123</arg>
</arguments>
<msg timestamp="20191104 16:20:36.064" level="INFO">Typing text 'Test@123' into text field 'id:Password'.</msg>
<status status="PASS" starttime="20191104 16:20:36.063" endtime="20191104 16:20:36.206"></status>
</kw>
<kw name="Sleep" library="BuiltIn">
<doc>Pauses the test executed for the given time.</doc>
<arguments>
<arg>2s</arg>
</arguments>
<msg timestamp="20191104 16:20:38.207" level="INFO">Slept 2 seconds</msg>
<status status="PASS" starttime="20191104 16:20:36.206" endtime="20191104 16:20:38.207"></status>
</kw>
<kw name="Click Button" library="SeleniumLibrary">
<doc>Clicks the button identified by ``locator``.</doc>
<arguments>
<arg>xpath://html/body/div[6]/div[3]/div/div/div/div[2]/div[1]/div[2]/form/div[3]/input</arg>
</arguments>
<msg timestamp="20191104 16:20:38.208" level="INFO">Clicking button 'xpath://html/body/div[6]/div[3]/div/div/div/div[2]/div[1]/div[2]/form/div[3]/input'.</msg>
<status status="PASS" starttime="20191104 16:20:38.208" endtime="20191104 16:20:39.893"></status>
</kw>
<kw name="Sleep" library="BuiltIn">
<doc>Pauses the test executed for the given time.</doc>
<arguments>
<arg>2s</arg>
</arguments>
<msg timestamp="20191104 16:20:41.896" level="INFO">Slept 2 seconds</msg>
<status status="PASS" starttime="20191104 16:20:39.894" endtime="20191104 16:20:41.896"></status>
</kw>
<status status="PASS" starttime="20191104 16:20:28.108" endtime="20191104 16:20:41.897"></status>
</kw>
<kw name="Close Browser" library="SeleniumLibrary">
<doc>Closes the current browser.</doc>
<status status="PASS" starttime="20191104 16:20:41.898" endtime="20191104 16:20:42.935"></status>
</kw>
<status status="PASS" starttime="20191104 16:20:19.319" endtime="20191104 16:20:42.936" critical="yes"></status>
</test>
<test id="s1-s1-t3" name="Logintestie">
<kw name="Open Browser" library="SeleniumLibrary">
<doc>Opens a new browser instance to the given ``url``.</doc>
<arguments>
<arg>${URL}</arg>
<arg>${Browserie}</arg>
</arguments>
<msg timestamp="20191104 16:20:42.938" level="INFO">Opening browser 'ie' to base url 'https://demo.nopcommerce.com'.</msg>
<status status="PASS" starttime="20191104 16:20:42.937" endtime="20191104 16:20:45.954"></status>
</kw>
<kw name="LoginToApplication">
<kw name="Sleep" library="BuiltIn">
<doc>Pauses the test executed for the given time.</doc>
<arguments>
<arg>2s</arg>
</arguments>
<msg timestamp="20191104 16:20:47.956" level="INFO">Slept 2 seconds</msg>
<status status="PASS" starttime="20191104 16:20:45.956" endtime="20191104 16:20:47.956"></status>
</kw>
<kw name="Click Link" library="SeleniumLibrary">
<doc>Clicks a link identified by ``locator``.</doc>
<arguments>
<arg>xpath://html/body/div[6]/div[1]/div[1]/div[2]/div[1]/ul/li[2]/a</arg>
</arguments>
<msg timestamp="20191104 16:20:47.957" level="INFO">Clicking link 'xpath://html/body/div[6]/div[1]/div[1]/div[2]/div[1]/ul/li[2]/a'.</msg>
<status status="PASS" starttime="20191104 16:20:47.957" endtime="20191104 16:20:50.628"></status>
</kw>
<kw name="Sleep" library="BuiltIn">
<doc>Pauses the test executed for the given time.</doc>
<arguments>
<arg>2s</arg>
</arguments>
<msg timestamp="20191104 16:20:52.629" level="INFO">Slept 2 seconds</msg>
<status status="PASS" starttime="20191104 16:20:50.628" endtime="20191104 16:20:52.629"></status>
</kw>
<kw name="Input Text" library="SeleniumLibrary">
<doc>Types the given ``text`` into the text field identified by ``locator``.</doc>
<arguments>
<arg>id:Email</arg>
<arg>tan.nguyen@paptech.com</arg>
</arguments>
<msg timestamp="20191104 16:20:52.630" level="INFO">Typing text 'tan.nguyen@paptech.com' into text field 'id:Email'.</msg>
<status status="PASS" starttime="20191104 16:20:52.630" endtime="20191104 16:20:54.082"></status>
</kw>
<kw name="Sleep" library="BuiltIn">
<doc>Pauses the test executed for the given time.</doc>
<arguments>
<arg>2s</arg>
</arguments>
<msg timestamp="20191104 16:20:56.084" level="INFO">Slept 2 seconds</msg>
<status status="PASS" starttime="20191104 16:20:54.082" endtime="20191104 16:20:56.085"></status>
</kw>
<kw name="Input Text" library="SeleniumLibrary">
<doc>Types the given ``text`` into the text field identified by ``locator``.</doc>
<arguments>
<arg>id:Password</arg>
<arg>Test@123</arg>
</arguments>
<msg timestamp="20191104 16:20:56.087" level="INFO">Typing text 'Test@123' into text field 'id:Password'.</msg>
<status status="PASS" starttime="20191104 16:20:56.085" endtime="20191104 16:20:57.087"></status>
</kw>
<kw name="Sleep" library="BuiltIn">
<doc>Pauses the test executed for the given time.</doc>
<arguments>
<arg>2s</arg>
</arguments>
<msg timestamp="20191104 16:20:59.090" level="INFO">Slept 2 seconds</msg>
<status status="PASS" starttime="20191104 16:20:57.088" endtime="20191104 16:20:59.090"></status>
</kw>
<kw name="Click Button" library="SeleniumLibrary">
<doc>Clicks the button identified by ``locator``.</doc>
<arguments>
<arg>xpath://html/body/div[6]/div[3]/div/div/div/div[2]/div[1]/div[2]/form/div[3]/input</arg>
</arguments>
<msg timestamp="20191104 16:20:59.091" level="INFO">Clicking button 'xpath://html/body/div[6]/div[3]/div/div/div/div[2]/div[1]/div[2]/form/div[3]/input'.</msg>
<status status="PASS" starttime="20191104 16:20:59.091" endtime="20191104 16:21:01.490"></status>
</kw>
<kw name="Sleep" library="BuiltIn">
<doc>Pauses the test executed for the given time.</doc>
<arguments>
<arg>2s</arg>
</arguments>
<msg timestamp="20191104 16:21:03.491" level="INFO">Slept 2 seconds</msg>
<status status="PASS" starttime="20191104 16:21:01.490" endtime="20191104 16:21:03.491"></status>
</kw>
<status status="PASS" starttime="20191104 16:20:45.955" endtime="20191104 16:21:03.492"></status>
</kw>
<kw name="Close Browser" library="SeleniumLibrary">
<doc>Closes the current browser.</doc>
<status status="PASS" starttime="20191104 16:21:03.493" endtime="20191104 16:21:06.527"></status>
</kw>
<status status="PASS" starttime="20191104 16:20:42.937" endtime="20191104 16:21:06.529" critical="yes"></status>
</test>
<status status="PASS" starttime="20191104 16:19:54.835" endtime="20191104 16:21:06.538"></status>
</suite>
<status status="PASS" starttime="20191104 16:19:54.804" endtime="20191104 16:21:06.558"></status>
</suite>
<statistics>
<total>
<stat pass="3" fail="0">Critical Tests</stat>
<stat pass="3" fail="0">All Tests</stat>
</total>
<tag>
</tag>
<suite>
<stat pass="3" fail="0" id="s1" name="Tests">Tests</stat>
<stat pass="3" fail="0" id="s1-s1" name="Test1">Tests.Test1</stat>
</suite>
</statistics>
<errors>
</errors>
</robot>
