<?xml version="1.0" encoding="UTF-8"?>
<robot generator="Robot 3.1.2 (Python 3.7.4 on win32)" generated="20191011 16:58:42.323" rpa="false">
<suite id="s1" name="Scope" source="C:\development\robot-scripts\variables-scope\tests\Scope.robot">
<test id="s1-t1" name="Create and log a variable">
<kw name="Log" library="BuiltIn">
<doc>Logs the given message with the given level.</doc>
<arguments>
<arg>${MY_VARIABLE}</arg>
</arguments>
<msg timestamp="20191011 16:58:42.354" level="INFO">From the resources file</msg>
<status status="PASS" starttime="20191011 16:58:42.354" endtime="20191011 16:58:42.354"></status>
</kw>
<status status="PASS" starttime="20191011 16:58:42.354" endtime="20191011 16:58:42.354" critical="yes"></status>
</test>
<test id="s1-t2" name="Access a variable">
<kw name="Log" library="BuiltIn">
<doc>Logs the given message with the given level.</doc>
<arguments>
<arg>${MY_VARIABLE}</arg>
</arguments>
<msg timestamp="20191011 16:58:42.354" level="INFO">From the resources file</msg>
<status status="PASS" starttime="20191011 16:58:42.354" endtime="20191011 16:58:42.354"></status>
</kw>
<status status="PASS" starttime="20191011 16:58:42.354" endtime="20191011 16:58:42.354" critical="yes"></status>
</test>
<status status="PASS" starttime="20191011 16:58:42.323" endtime="20191011 16:58:42.354"></status>
</suite>
<statistics>
<total>
<stat pass="2" fail="0">Critical Tests</stat>
<stat pass="2" fail="0">All Tests</stat>
</total>
<tag>
</tag>
<suite>
<stat pass="2" fail="0" id="s1" name="Scope">Scope</stat>
</suite>
</statistics>
<errors>
<msg timestamp="20191011 16:58:42.339" level="ERROR">Error in file 'C:\development\robot-scripts\variables-scope\tests\Scope.robot': Resource file 'Resources\scopee.robot' does not exist.</msg>
</errors>
</robot>
