<?xml version="1.0" encoding="UTF-8"?>
<robot generator="Robot 3.1.2 (Python 3.7.4 on win32)" generated="20191002 16:45:07.217" rpa="false">
<suite id="s1" name="Tests" source="C:\development\robot-scripts\variables-list\tests">
<suite id="s1-s1" name="List" source="C:\development\robot-scripts\variables-list\tests\List.robot">
<test id="s1-s1-t1" name="Variable demonstration">
<kw name="Log" library="BuiltIn">
<doc>Logs the given message with the given level.</doc>
<arguments>
<arg>@{MY_VARIABLE}[0]</arg>
</arguments>
<msg timestamp="20191002 16:45:07.269" level="INFO">Hello there</msg>
<status status="PASS" starttime="20191002 16:45:07.269" endtime="20191002 16:45:07.269"></status>
</kw>
<kw name="Log" library="BuiltIn">
<doc>Logs the given message with the given level.</doc>
<arguments>
<arg>@{MY_VARIABLE}[1]</arg>
</arguments>
<msg timestamp="20191002 16:45:07.271" level="INFO">This is value 2</msg>
<status status="PASS" starttime="20191002 16:45:07.271" endtime="20191002 16:45:07.271"></status>
</kw>
<kw name="Log" library="BuiltIn">
<doc>Logs the given message with the given level.</doc>
<arguments>
<arg>@{MY_VARIABLE}[2]</arg>
</arguments>
<msg timestamp="20191002 16:45:07.272" level="INFO">I am item 3</msg>
<status status="PASS" starttime="20191002 16:45:07.271" endtime="20191002 16:45:07.272"></status>
</kw>
<status status="PASS" starttime="20191002 16:45:07.268" endtime="20191002 16:45:07.272" critical="yes"></status>
</test>
<test id="s1-s1-t2" name="Variable demonstration 2">
<kw name="Create List" library="BuiltIn">
<doc>Returns a list containing given items.</doc>
<arguments>
<arg>Item 1</arg>
<arg>Item 2</arg>
<arg>Item 3</arg>
</arguments>
<assign>
<var>@{my_list_variable}</var>
</assign>
<msg timestamp="20191002 16:45:07.282" level="INFO">@{my_list_variable} = [ Item 1 | Item 2 | Item 3 ]</msg>
<status status="PASS" starttime="20191002 16:45:07.282" endtime="20191002 16:45:07.282"></status>
</kw>
<kw name="Log" library="BuiltIn">
<doc>Logs the given message with the given level.</doc>
<arguments>
<arg>@{my_list_variable}[0]</arg>
</arguments>
<msg timestamp="20191002 16:45:07.283" level="INFO">Item 1</msg>
<status status="PASS" starttime="20191002 16:45:07.283" endtime="20191002 16:45:07.283"></status>
</kw>
<kw name="Log" library="BuiltIn">
<doc>Logs the given message with the given level.</doc>
<arguments>
<arg>@{my_list_variable}[1]</arg>
</arguments>
<msg timestamp="20191002 16:45:07.284" level="INFO">Item 2</msg>
<status status="PASS" starttime="20191002 16:45:07.284" endtime="20191002 16:45:07.284"></status>
</kw>
<kw name="Log" library="BuiltIn">
<doc>Logs the given message with the given level.</doc>
<arguments>
<arg>@{my_list_variable}[2]</arg>
</arguments>
<msg timestamp="20191002 16:45:07.285" level="INFO">Item 3</msg>
<status status="PASS" starttime="20191002 16:45:07.284" endtime="20191002 16:45:07.285"></status>
</kw>
<status status="PASS" starttime="20191002 16:45:07.273" endtime="20191002 16:45:07.285" critical="yes"></status>
</test>
<status status="PASS" starttime="20191002 16:45:07.264" endtime="20191002 16:45:07.291"></status>
</suite>
<status status="PASS" starttime="20191002 16:45:07.219" endtime="20191002 16:45:07.297"></status>
</suite>
<statistics>
<total>
<stat pass="2" fail="0">Critical Tests</stat>
<stat pass="2" fail="0">All Tests</stat>
</total>
<tag>
</tag>
<suite>
<stat pass="2" fail="0" id="s1" name="Tests">Tests</stat>
<stat pass="2" fail="0" id="s1-s1" name="List">Tests.List</stat>
</suite>
</statistics>
<errors>
</errors>
</robot>
