<?xml version="1.0" encoding="UTF-8"?>
<robot generator="Robot 3.1.2 (Python 3.7.4 on win32)" generated="20191010 17:25:42.368" rpa="false">
<suite id="s1" name="Cars" source="C:\development\robot-scripts\data-driven-ext-base\tests\Cars.robot">
<test id="s1-t1" name="Unregistered user should see correct error message at login">
<kw name="Begin Web Test" library="Common" type="setup">
<kw name="Open Browser" library="SeleniumLibrary">
<doc>Opens a new browser instance to the given ``url``.</doc>
<arguments>
<arg>about:blank</arg>
<arg>${BROWSER}</arg>
</arguments>
<msg timestamp="20191010 17:25:42.614" level="INFO">Opening browser 'chrome' to base url 'about:blank'.</msg>
<status status="PASS" starttime="20191010 17:25:42.613" endtime="20191010 17:25:47.919"></status>
</kw>
<status status="PASS" starttime="20191010 17:25:42.613" endtime="20191010 17:25:47.920"></status>
</kw>
<kw name="Navigate to Sign In Page" library="CarsApp">
<kw name="Navigate To" library="SignIn">
<kw name="Catenate" library="BuiltIn">
<doc>Catenates the given items together and returns the resulted string.</doc>
<arguments>
<arg>SEPARATOR=/</arg>
<arg>${BASE_URL.${ENVIRONMENT}}</arg>
<arg>${LOGIN_URL}</arg>
</arguments>
<assign>
<var>${SignInUrl}</var>
</assign>
<msg timestamp="20191010 17:25:47.923" level="INFO">${SignInUrl} = https://www.cars.com//profile/secure/login</msg>
<status status="PASS" starttime="20191010 17:25:47.922" endtime="20191010 17:25:47.923"></status>
</kw>
<kw name="Go To" library="SeleniumLibrary">
<doc>Navigates the current browser window to the provided ``url``.</doc>
<arguments>
<arg>${SignInUrl}</arg>
</arguments>
<msg timestamp="20191010 17:25:47.924" level="INFO">Opening url 'https://www.cars.com//profile/secure/login'</msg>
<status status="PASS" starttime="20191010 17:25:47.923" endtime="20191010 17:25:52.544"></status>
</kw>
<status status="PASS" starttime="20191010 17:25:47.922" endtime="20191010 17:25:52.544"></status>
</kw>
<status status="PASS" starttime="20191010 17:25:47.921" endtime="20191010 17:25:52.544"></status>
</kw>
<kw name="Attempt Login" library="CarsApp">
<arguments>
<arg>${UNREGISTERED_USER}</arg>
</arguments>
<kw name="Enter Credentials" library="SignIn">
<arguments>
<arg>${Credentials}</arg>
</arguments>
<kw name="Run Keyword Unless" library="BuiltIn">
<doc>Runs the given keyword with the given arguments if ``condition`` is false.</doc>
<arguments>
<arg>'${Credentials.Email}' == '#BLANK'</arg>
<arg>Input Text</arg>
<arg>${SIGN_IN_EMAIL}</arg>
<arg>${Credentials.Email}</arg>
</arguments>
<kw name="Input Text" library="SeleniumLibrary">
<doc>Types the given ``text`` into the text field identified by ``locator``.</doc>
<arguments>
<arg>${SIGN_IN_EMAIL}</arg>
<arg>${Credentials.Email}</arg>
</arguments>
<msg timestamp="20191010 17:25:52.548" level="INFO">Typing text 'admin@robotframeworktutorial.com' into text field 'xpath=/html/body/div[2]/section/cars-profiles-lsp/cui-tabs/div/ul[2]/li[1]/div/cars-login-form/div/div[3]/form/input[1]'.</msg>
<status status="PASS" starttime="20191010 17:25:52.548" endtime="20191010 17:25:53.071"></status>
</kw>
<status status="PASS" starttime="20191010 17:25:52.547" endtime="20191010 17:25:53.071"></status>
</kw>
<kw name="Run Keyword Unless" library="BuiltIn">
<doc>Runs the given keyword with the given arguments if ``condition`` is false.</doc>
<arguments>
<arg>'${Credentials.Password}' == '#BLANK'</arg>
<arg>Input Text</arg>
<arg>${SIGN_IN_PASSWORD}</arg>
<arg>${Credentials.Password}</arg>
</arguments>
<kw name="Input Text" library="SeleniumLibrary">
<doc>Types the given ``text`` into the text field identified by ``locator``.</doc>
<arguments>
<arg>${SIGN_IN_PASSWORD}</arg>
<arg>${Credentials.Password}</arg>
</arguments>
<msg timestamp="20191010 17:25:53.072" level="INFO">Typing text 'TestPassword!' into text field 'xpath=/html/body/div[2]/section/cars-profiles-lsp/cui-tabs/div/ul[2]/li[1]/div/cars-login-form/div/div[3]/form/input[2]'.</msg>
<status status="PASS" starttime="20191010 17:25:53.072" endtime="20191010 17:25:53.237"></status>
</kw>
<status status="PASS" starttime="20191010 17:25:53.071" endtime="20191010 17:25:53.237"></status>
</kw>
<status status="PASS" starttime="20191010 17:25:52.546" endtime="20191010 17:25:53.237"></status>
</kw>
<kw name="Click Submit" library="SignIn">
<kw name="Click Button" library="SeleniumLibrary">
<doc>Clicks the button identified by ``locator``.</doc>
<arguments>
<arg>${LOGIN_SUBMIT_BUTTON}</arg>
</arguments>
<msg timestamp="20191010 17:25:53.238" level="INFO">Clicking button 'xpath=/html/body/div[2]/section/cars-profiles-lsp/cui-tabs/div/ul[2]/li[1]/div/cars-login-form/div/div[3]/form/button'.</msg>
<status status="PASS" starttime="20191010 17:25:53.238" endtime="20191010 17:25:53.337"></status>
</kw>
<status status="PASS" starttime="20191010 17:25:53.237" endtime="20191010 17:25:53.337"></status>
</kw>
<kw name="Sleep" library="BuiltIn">
<doc>Pauses the test executed for the given time.</doc>
<arguments>
<arg>5s</arg>
</arguments>
<msg timestamp="20191010 17:25:58.339" level="INFO">Slept 5 seconds</msg>
<status status="PASS" starttime="20191010 17:25:53.337" endtime="20191010 17:25:58.339"></status>
</kw>
<status status="PASS" starttime="20191010 17:25:52.546" endtime="20191010 17:25:58.339"></status>
</kw>
<kw name="Verify Login Page Error Message" library="CarsApp">
<arguments>
<arg>${UNREGISTERED_USER.ExpectedErrorMessage}</arg>
</arguments>
<kw name="Verify Error Message" library="SignIn">
<arguments>
<arg>${ExpectedErrorMessage}</arg>
</arguments>
<kw name="Page Should Contain" library="SeleniumLibrary">
<doc>Verifies that current page contains ``text``.</doc>
<arguments>
<arg>${ExpectedErrorMessage}</arg>
</arguments>
<kw name="Capture Page Screenshot" library="SeleniumLibrary">
<doc>Takes a screenshot of the current page and embeds it into a log file.</doc>
<msg timestamp="20191010 17:25:59.001" level="INFO" html="yes">&lt;/td&gt;&lt;/tr&gt;&lt;tr&gt;&lt;td colspan="3"&gt;&lt;a href="selenium-screenshot-13.png"&gt;&lt;img src="selenium-screenshot-13.png" width="800px"&gt;&lt;/a&gt;</msg>
<status status="PASS" starttime="20191010 17:25:58.669" endtime="20191010 17:25:59.001"></status>
</kw>
<msg timestamp="20191010 17:25:59.002" level="FAIL">Page should have contained text 'Foo haven't signed up yet. try a different email adderss or' but did not.</msg>
<status status="FAIL" starttime="20191010 17:25:58.341" endtime="20191010 17:25:59.002"></status>
</kw>
<status status="FAIL" starttime="20191010 17:25:58.340" endtime="20191010 17:25:59.003"></status>
</kw>
<status status="FAIL" starttime="20191010 17:25:58.340" endtime="20191010 17:25:59.003"></status>
</kw>
<kw name="End Web Test" library="Common" type="teardown">
<kw name="Close All Browsers" library="SeleniumLibrary">
<doc>Closes all open browsers and resets the browser cache.</doc>
<status status="PASS" starttime="20191010 17:25:59.004" endtime="20191010 17:26:01.325"></status>
</kw>
<status status="PASS" starttime="20191010 17:25:59.003" endtime="20191010 17:26:01.325"></status>
</kw>
<status status="FAIL" starttime="20191010 17:25:42.612" endtime="20191010 17:26:01.325" critical="yes">Page should have contained text 'Foo haven't signed up yet. try a different email adderss or' but did not.</status>
</test>
<test id="s1-t2" name="Login with invalid password should show correct error message">
<kw name="Begin Web Test" library="Common" type="setup">
<kw name="Open Browser" library="SeleniumLibrary">
<doc>Opens a new browser instance to the given ``url``.</doc>
<arguments>
<arg>about:blank</arg>
<arg>${BROWSER}</arg>
</arguments>
<msg timestamp="20191010 17:26:01.328" level="INFO">Opening browser 'chrome' to base url 'about:blank'.</msg>
<status status="PASS" starttime="20191010 17:26:01.328" endtime="20191010 17:26:06.553"></status>
</kw>
<status status="PASS" starttime="20191010 17:26:01.327" endtime="20191010 17:26:06.554"></status>
</kw>
<kw name="Navigate to Sign In Page" library="CarsApp">
<kw name="Navigate To" library="SignIn">
<kw name="Catenate" library="BuiltIn">
<doc>Catenates the given items together and returns the resulted string.</doc>
<arguments>
<arg>SEPARATOR=/</arg>
<arg>${BASE_URL.${ENVIRONMENT}}</arg>
<arg>${LOGIN_URL}</arg>
</arguments>
<assign>
<var>${SignInUrl}</var>
</assign>
<msg timestamp="20191010 17:26:06.557" level="INFO">${SignInUrl} = https://www.cars.com//profile/secure/login</msg>
<status status="PASS" starttime="20191010 17:26:06.556" endtime="20191010 17:26:06.557"></status>
</kw>
<kw name="Go To" library="SeleniumLibrary">
<doc>Navigates the current browser window to the provided ``url``.</doc>
<arguments>
<arg>${SignInUrl}</arg>
</arguments>
<msg timestamp="20191010 17:26:06.559" level="INFO">Opening url 'https://www.cars.com//profile/secure/login'</msg>
<status status="PASS" starttime="20191010 17:26:06.558" endtime="20191010 17:26:10.469"></status>
</kw>
<status status="PASS" starttime="20191010 17:26:06.555" endtime="20191010 17:26:10.469"></status>
</kw>
<status status="PASS" starttime="20191010 17:26:06.555" endtime="20191010 17:26:10.469"></status>
</kw>
<kw name="Attempt Login" library="CarsApp">
<arguments>
<arg>${INVALID_PASSWORD_USER}</arg>
</arguments>
<kw name="Enter Credentials" library="SignIn">
<arguments>
<arg>${Credentials}</arg>
</arguments>
<kw name="Run Keyword Unless" library="BuiltIn">
<doc>Runs the given keyword with the given arguments if ``condition`` is false.</doc>
<arguments>
<arg>'${Credentials.Email}' == '#BLANK'</arg>
<arg>Input Text</arg>
<arg>${SIGN_IN_EMAIL}</arg>
<arg>${Credentials.Email}</arg>
</arguments>
<kw name="Input Text" library="SeleniumLibrary">
<doc>Types the given ``text`` into the text field identified by ``locator``.</doc>
<arguments>
<arg>${SIGN_IN_EMAIL}</arg>
<arg>${Credentials.Email}</arg>
</arguments>
<msg timestamp="20191010 17:26:10.473" level="INFO">Typing text 'bryan@bryanlamb.com' into text field 'xpath=/html/body/div[2]/section/cars-profiles-lsp/cui-tabs/div/ul[2]/li[1]/div/cars-login-form/div/div[3]/form/input[1]'.</msg>
<status status="PASS" starttime="20191010 17:26:10.472" endtime="20191010 17:26:10.751"></status>
</kw>
<status status="PASS" starttime="20191010 17:26:10.471" endtime="20191010 17:26:10.751"></status>
</kw>
<kw name="Run Keyword Unless" library="BuiltIn">
<doc>Runs the given keyword with the given arguments if ``condition`` is false.</doc>
<arguments>
<arg>'${Credentials.Password}' == '#BLANK'</arg>
<arg>Input Text</arg>
<arg>${SIGN_IN_PASSWORD}</arg>
<arg>${Credentials.Password}</arg>
</arguments>
<kw name="Input Text" library="SeleniumLibrary">
<doc>Types the given ``text`` into the text field identified by ``locator``.</doc>
<arguments>
<arg>${SIGN_IN_PASSWORD}</arg>
<arg>${Credentials.Password}</arg>
</arguments>
<msg timestamp="20191010 17:26:10.753" level="INFO">Typing text 'TestPassword!' into text field 'xpath=/html/body/div[2]/section/cars-profiles-lsp/cui-tabs/div/ul[2]/li[1]/div/cars-login-form/div/div[3]/form/input[2]'.</msg>
<status status="PASS" starttime="20191010 17:26:10.752" endtime="20191010 17:26:10.985"></status>
</kw>
<status status="PASS" starttime="20191010 17:26:10.752" endtime="20191010 17:26:10.985"></status>
</kw>
<status status="PASS" starttime="20191010 17:26:10.471" endtime="20191010 17:26:10.985"></status>
</kw>
<kw name="Click Submit" library="SignIn">
<kw name="Click Button" library="SeleniumLibrary">
<doc>Clicks the button identified by ``locator``.</doc>
<arguments>
<arg>${LOGIN_SUBMIT_BUTTON}</arg>
</arguments>
<msg timestamp="20191010 17:26:10.986" level="INFO">Clicking button 'xpath=/html/body/div[2]/section/cars-profiles-lsp/cui-tabs/div/ul[2]/li[1]/div/cars-login-form/div/div[3]/form/button'.</msg>
<status status="PASS" starttime="20191010 17:26:10.986" endtime="20191010 17:26:11.101"></status>
</kw>
<status status="PASS" starttime="20191010 17:26:10.985" endtime="20191010 17:26:11.102"></status>
</kw>
<kw name="Sleep" library="BuiltIn">
<doc>Pauses the test executed for the given time.</doc>
<arguments>
<arg>5s</arg>
</arguments>
<msg timestamp="20191010 17:26:16.104" level="INFO">Slept 5 seconds</msg>
<status status="PASS" starttime="20191010 17:26:11.102" endtime="20191010 17:26:16.104"></status>
</kw>
<status status="PASS" starttime="20191010 17:26:10.470" endtime="20191010 17:26:16.104"></status>
</kw>
<kw name="Verify Login Page Error Message" library="CarsApp">
<arguments>
<arg>${INVALID_PASSWORD_USER.ExpectedErrorMessage}</arg>
</arguments>
<kw name="Verify Error Message" library="SignIn">
<arguments>
<arg>${ExpectedErrorMessage}</arg>
</arguments>
<kw name="Page Should Contain" library="SeleniumLibrary">
<doc>Verifies that current page contains ``text``.</doc>
<arguments>
<arg>${ExpectedErrorMessage}</arg>
</arguments>
<kw name="Capture Page Screenshot" library="SeleniumLibrary">
<doc>Takes a screenshot of the current page and embeds it into a log file.</doc>
<msg timestamp="20191010 17:26:16.734" level="INFO" html="yes">&lt;/td&gt;&lt;/tr&gt;&lt;tr&gt;&lt;td colspan="3"&gt;&lt;a href="selenium-screenshot-14.png"&gt;&lt;img src="selenium-screenshot-14.png" width="800px"&gt;&lt;/a&gt;</msg>
<status status="PASS" starttime="20191010 17:26:16.408" endtime="20191010 17:26:16.734"></status>
</kw>
<msg timestamp="20191010 17:26:16.735" level="FAIL">Page should have contained text 'Please double check your password. It should be 6 or more characters with no spaces.' but did not.</msg>
<status status="FAIL" starttime="20191010 17:26:16.105" endtime="20191010 17:26:16.735"></status>
</kw>
<status status="FAIL" starttime="20191010 17:26:16.105" endtime="20191010 17:26:16.735"></status>
</kw>
<status status="FAIL" starttime="20191010 17:26:16.104" endtime="20191010 17:26:16.735"></status>
</kw>
<kw name="End Web Test" library="Common" type="teardown">
<kw name="Close All Browsers" library="SeleniumLibrary">
<doc>Closes all open browsers and resets the browser cache.</doc>
<status status="PASS" starttime="20191010 17:26:16.737" endtime="20191010 17:26:19.086"></status>
</kw>
<status status="PASS" starttime="20191010 17:26:16.736" endtime="20191010 17:26:19.086"></status>
</kw>
<status status="FAIL" starttime="20191010 17:26:01.327" endtime="20191010 17:26:19.086" critical="yes">Page should have contained text 'Please double check your password. It should be 6 or more characters with no spaces.' but did not.</status>
</test>
<test id="s1-t3" name="Login with blank email and password should show correct error message">
<kw name="Begin Web Test" library="Common" type="setup">
<kw name="Open Browser" library="SeleniumLibrary">
<doc>Opens a new browser instance to the given ``url``.</doc>
<arguments>
<arg>about:blank</arg>
<arg>${BROWSER}</arg>
</arguments>
<msg timestamp="20191010 17:26:19.089" level="INFO">Opening browser 'chrome' to base url 'about:blank'.</msg>
<status status="PASS" starttime="20191010 17:26:19.088" endtime="20191010 17:26:24.386"></status>
</kw>
<status status="PASS" starttime="20191010 17:26:19.088" endtime="20191010 17:26:24.386"></status>
</kw>
<kw name="Navigate to Sign In Page" library="CarsApp">
<kw name="Navigate To" library="SignIn">
<kw name="Catenate" library="BuiltIn">
<doc>Catenates the given items together and returns the resulted string.</doc>
<arguments>
<arg>SEPARATOR=/</arg>
<arg>${BASE_URL.${ENVIRONMENT}}</arg>
<arg>${LOGIN_URL}</arg>
</arguments>
<assign>
<var>${SignInUrl}</var>
</assign>
<msg timestamp="20191010 17:26:24.390" level="INFO">${SignInUrl} = https://www.cars.com//profile/secure/login</msg>
<status status="PASS" starttime="20191010 17:26:24.390" endtime="20191010 17:26:24.390"></status>
</kw>
<kw name="Go To" library="SeleniumLibrary">
<doc>Navigates the current browser window to the provided ``url``.</doc>
<arguments>
<arg>${SignInUrl}</arg>
</arguments>
<msg timestamp="20191010 17:26:24.390" level="INFO">Opening url 'https://www.cars.com//profile/secure/login'</msg>
<status status="PASS" starttime="20191010 17:26:24.390" endtime="20191010 17:26:28.271"></status>
</kw>
<status status="PASS" starttime="20191010 17:26:24.389" endtime="20191010 17:26:28.271"></status>
</kw>
<status status="PASS" starttime="20191010 17:26:24.388" endtime="20191010 17:26:28.271"></status>
</kw>
<kw name="Attempt Login" library="CarsApp">
<arguments>
<arg>${BLANK_CREDENTIALS_USER}</arg>
</arguments>
<kw name="Enter Credentials" library="SignIn">
<arguments>
<arg>${Credentials}</arg>
</arguments>
<kw name="Run Keyword Unless" library="BuiltIn">
<doc>Runs the given keyword with the given arguments if ``condition`` is false.</doc>
<arguments>
<arg>'${Credentials.Email}' == '#BLANK'</arg>
<arg>Input Text</arg>
<arg>${SIGN_IN_EMAIL}</arg>
<arg>${Credentials.Email}</arg>
</arguments>
<status status="PASS" starttime="20191010 17:26:28.274" endtime="20191010 17:26:28.274"></status>
</kw>
<kw name="Run Keyword Unless" library="BuiltIn">
<doc>Runs the given keyword with the given arguments if ``condition`` is false.</doc>
<arguments>
<arg>'${Credentials.Password}' == '#BLANK'</arg>
<arg>Input Text</arg>
<arg>${SIGN_IN_PASSWORD}</arg>
<arg>${Credentials.Password}</arg>
</arguments>
<status status="PASS" starttime="20191010 17:26:28.274" endtime="20191010 17:26:28.275"></status>
</kw>
<status status="PASS" starttime="20191010 17:26:28.273" endtime="20191010 17:26:28.275"></status>
</kw>
<kw name="Click Submit" library="SignIn">
<kw name="Click Button" library="SeleniumLibrary">
<doc>Clicks the button identified by ``locator``.</doc>
<arguments>
<arg>${LOGIN_SUBMIT_BUTTON}</arg>
</arguments>
<msg timestamp="20191010 17:26:28.276" level="INFO">Clicking button 'xpath=/html/body/div[2]/section/cars-profiles-lsp/cui-tabs/div/ul[2]/li[1]/div/cars-login-form/div/div[3]/form/button'.</msg>
<status status="PASS" starttime="20191010 17:26:28.276" endtime="20191010 17:26:28.494"></status>
</kw>
<status status="PASS" starttime="20191010 17:26:28.276" endtime="20191010 17:26:28.494"></status>
</kw>
<kw name="Sleep" library="BuiltIn">
<doc>Pauses the test executed for the given time.</doc>
<arguments>
<arg>5s</arg>
</arguments>
<msg timestamp="20191010 17:26:33.495" level="INFO">Slept 5 seconds</msg>
<status status="PASS" starttime="20191010 17:26:28.494" endtime="20191010 17:26:33.495"></status>
</kw>
<status status="PASS" starttime="20191010 17:26:28.272" endtime="20191010 17:26:33.495"></status>
</kw>
<kw name="Verify Login Page Error Message" library="CarsApp">
<arguments>
<arg>${BLANK_CREDENTIALS_USER.ExpectedErrorMessage}</arg>
</arguments>
<kw name="Verify Error Message" library="SignIn">
<arguments>
<arg>${ExpectedErrorMessage}</arg>
</arguments>
<kw name="Page Should Contain" library="SeleniumLibrary">
<doc>Verifies that current page contains ``text``.</doc>
<arguments>
<arg>${ExpectedErrorMessage}</arg>
</arguments>
<kw name="Capture Page Screenshot" library="SeleniumLibrary">
<doc>Takes a screenshot of the current page and embeds it into a log file.</doc>
<msg timestamp="20191010 17:26:34.163" level="INFO" html="yes">&lt;/td&gt;&lt;/tr&gt;&lt;tr&gt;&lt;td colspan="3"&gt;&lt;a href="selenium-screenshot-15.png"&gt;&lt;img src="selenium-screenshot-15.png" width="800px"&gt;&lt;/a&gt;</msg>
<status status="PASS" starttime="20191010 17:26:33.840" endtime="20191010 17:26:34.163"></status>
</kw>
<msg timestamp="20191010 17:26:34.164" level="FAIL">Page should have contained text 'ErrorMessage=Please your email address and password.' but did not.</msg>
<status status="FAIL" starttime="20191010 17:26:33.496" endtime="20191010 17:26:34.164"></status>
</kw>
<status status="FAIL" starttime="20191010 17:26:33.496" endtime="20191010 17:26:34.164"></status>
</kw>
<status status="FAIL" starttime="20191010 17:26:33.496" endtime="20191010 17:26:34.164"></status>
</kw>
<kw name="End Web Test" library="Common" type="teardown">
<kw name="Close All Browsers" library="SeleniumLibrary">
<doc>Closes all open browsers and resets the browser cache.</doc>
<status status="PASS" starttime="20191010 17:26:34.165" endtime="20191010 17:26:36.551"></status>
</kw>
<status status="PASS" starttime="20191010 17:26:34.165" endtime="20191010 17:26:36.551"></status>
</kw>
<status status="FAIL" starttime="20191010 17:26:19.087" endtime="20191010 17:26:36.552" critical="yes">Page should have contained text 'ErrorMessage=Please your email address and password.' but did not.</status>
</test>
<doc>Demonstrate a need for data-driven testing</doc>
<status status="FAIL" starttime="20191010 17:25:42.371" endtime="20191010 17:26:36.553"></status>
</suite>
<statistics>
<total>
<stat pass="0" fail="3">Critical Tests</stat>
<stat pass="0" fail="3">All Tests</stat>
</total>
<tag>
</tag>
<suite>
<stat pass="0" fail="3" id="s1" name="Cars">Cars</stat>
</suite>
</statistics>
<errors>
</errors>
</robot>
