<?xml version="1.0" encoding="UTF-8"?>
<robot generator="Robot 3.1.2 (Python 3.7.4 on win32)" generated="20191108 10:04:23.681" rpa="false">
<suite id="s1" name="DDT2 CSV" source="C:\development\test_automation\login_resources\tests\DDT2_CSV.robot">
<kw name="Open My Browser" library="login_resources" type="setup">
<kw name="Open Browser" library="SeleniumLibrary">
<doc>Opens a new browser instance to the given ``url``.</doc>
<arguments>
<arg>${LOGIN URL}</arg>
<arg>${Browser}</arg>
</arguments>
<msg timestamp="20191108 10:04:23.948" level="INFO">Opening browser 'chrome' to base url 'https://admin-demo.nopcommerce.com'.</msg>
<status status="PASS" starttime="20191108 10:04:23.948" endtime="20191108 10:04:32.757"></status>
</kw>
<kw name="Maximize Browser Window" library="SeleniumLibrary">
<doc>Maximizes current browser window.</doc>
<status status="PASS" starttime="20191108 10:04:32.757" endtime="20191108 10:04:36.899"></status>
</kw>
<kw name="Set Selenium Speed" library="SeleniumLibrary">
<doc>Sets the delay that is waited after each Selenium command.</doc>
<arguments>
<arg>1s</arg>
</arguments>
<status status="PASS" starttime="20191108 10:04:36.899" endtime="20191108 10:04:36.899"></status>
</kw>
<status status="PASS" starttime="20191108 10:04:23.947" endtime="20191108 10:04:36.900"></status>
</kw>
<test id="s1-t1" name="LoginTestWithCSV using admin@yourstore.com and adm">
<kw name="Invalid login">
<arguments>
<arg>admin@yourstore.com</arg>
<arg>adm</arg>
</arguments>
<kw name="Input Username" library="login_resources">
<arguments>
<arg>${Username}</arg>
</arguments>
<kw name="Input Text" library="SeleniumLibrary">
<doc>Types the given ``text`` into the text field identified by ``locator``.</doc>
<arguments>
<arg>id:Email</arg>
<arg>${Username}</arg>
</arguments>
<msg timestamp="20191108 10:04:36.901" level="INFO">Typing text 'admin@yourstore.com' into text field 'id:Email'.</msg>
<status status="PASS" starttime="20191108 10:04:36.901" endtime="20191108 10:04:40.174"></status>
</kw>
<status status="PASS" starttime="20191108 10:04:36.901" endtime="20191108 10:04:40.175"></status>
</kw>
<kw name="Input Password" library="login_resources">
<arguments>
<arg>${Password}</arg>
</arguments>
<kw name="Input Text" library="SeleniumLibrary">
<doc>Types the given ``text`` into the text field identified by ``locator``.</doc>
<arguments>
<arg>id:Password</arg>
<arg>${Password}</arg>
</arguments>
<msg timestamp="20191108 10:04:40.177" level="INFO">Typing text 'adm' into text field 'id:Password'.</msg>
<status status="PASS" starttime="20191108 10:04:40.176" endtime="20191108 10:04:43.436"></status>
</kw>
<status status="PASS" starttime="20191108 10:04:40.175" endtime="20191108 10:04:43.436"></status>
</kw>
<kw name="Click Login Button" library="login_resources">
<kw name="Click Element" library="SeleniumLibrary">
<doc>Click the element identified by ``locator``.</doc>
<arguments>
<arg>xpath://input[@class='button-1 login-button']</arg>
</arguments>
<msg timestamp="20191108 10:04:43.438" level="INFO">Clicking element 'xpath://input[@class='button-1 login-button']'.</msg>
<status status="PASS" starttime="20191108 10:04:43.438" endtime="20191108 10:04:46.880"></status>
</kw>
<status status="PASS" starttime="20191108 10:04:43.437" endtime="20191108 10:04:46.881"></status>
</kw>
<kw name="Error Message Should Be Visible" library="login_resources">
<kw name="Page Should Contain" library="SeleniumLibrary">
<doc>Verifies that current page contains ``text``.</doc>
<arguments>
<arg>Login was unsuccessful. Please correct the errors and try again.</arg>
</arguments>
<msg timestamp="20191108 10:04:48.933" level="INFO">Current page contains text 'Login was unsuccessful. Please correct the errors and try again.'.</msg>
<status status="PASS" starttime="20191108 10:04:46.884" endtime="20191108 10:04:48.933"></status>
</kw>
<status status="PASS" starttime="20191108 10:04:46.882" endtime="20191108 10:04:48.934"></status>
</kw>
<status status="PASS" starttime="20191108 10:04:36.900" endtime="20191108 10:04:48.934"></status>
</kw>
<status status="PASS" starttime="20191108 10:04:36.900" endtime="20191108 10:04:48.935" critical="yes"></status>
</test>
<test id="s1-t2" name="LoginTestWithCSV using adm@yourstore.com and admin">
<kw name="Invalid login">
<arguments>
<arg>adm@yourstore.com</arg>
<arg>admin</arg>
</arguments>
<kw name="Input Username" library="login_resources">
<arguments>
<arg>${Username}</arg>
</arguments>
<kw name="Input Text" library="SeleniumLibrary">
<doc>Types the given ``text`` into the text field identified by ``locator``.</doc>
<arguments>
<arg>id:Email</arg>
<arg>${Username}</arg>
</arguments>
<msg timestamp="20191108 10:04:48.949" level="INFO">Typing text 'adm@yourstore.com' into text field 'id:Email'.</msg>
<status status="PASS" starttime="20191108 10:04:48.948" endtime="20191108 10:04:52.227"></status>
</kw>
<status status="PASS" starttime="20191108 10:04:48.947" endtime="20191108 10:04:52.227"></status>
</kw>
<kw name="Input Password" library="login_resources">
<arguments>
<arg>${Password}</arg>
</arguments>
<kw name="Input Text" library="SeleniumLibrary">
<doc>Types the given ``text`` into the text field identified by ``locator``.</doc>
<arguments>
<arg>id:Password</arg>
<arg>${Password}</arg>
</arguments>
<msg timestamp="20191108 10:04:52.230" level="INFO">Typing text 'admin' into text field 'id:Password'.</msg>
<status status="PASS" starttime="20191108 10:04:52.229" endtime="20191108 10:04:55.457"></status>
</kw>
<status status="PASS" starttime="20191108 10:04:52.228" endtime="20191108 10:04:55.457"></status>
</kw>
<kw name="Click Login Button" library="login_resources">
<kw name="Click Element" library="SeleniumLibrary">
<doc>Click the element identified by ``locator``.</doc>
<arguments>
<arg>xpath://input[@class='button-1 login-button']</arg>
</arguments>
<msg timestamp="20191108 10:04:55.459" level="INFO">Clicking element 'xpath://input[@class='button-1 login-button']'.</msg>
<status status="PASS" starttime="20191108 10:04:55.459" endtime="20191108 10:04:58.041"></status>
</kw>
<status status="PASS" starttime="20191108 10:04:55.458" endtime="20191108 10:04:58.041"></status>
</kw>
<kw name="Error Message Should Be Visible" library="login_resources">
<kw name="Page Should Contain" library="SeleniumLibrary">
<doc>Verifies that current page contains ``text``.</doc>
<arguments>
<arg>Login was unsuccessful. Please correct the errors and try again.</arg>
</arguments>
<msg timestamp="20191108 10:05:00.091" level="INFO">Current page contains text 'Login was unsuccessful. Please correct the errors and try again.'.</msg>
<status status="PASS" starttime="20191108 10:04:58.043" endtime="20191108 10:05:00.091"></status>
</kw>
<status status="PASS" starttime="20191108 10:04:58.042" endtime="20191108 10:05:00.092"></status>
</kw>
<status status="PASS" starttime="20191108 10:04:48.946" endtime="20191108 10:05:00.092"></status>
</kw>
<status status="PASS" starttime="20191108 10:04:48.944" endtime="20191108 10:05:00.093" critical="yes"></status>
</test>
<test id="s1-t3" name="LoginTestWithCSV using admn@yourstore.com and adm">
<kw name="Invalid login">
<arguments>
<arg>admn@yourstore.com</arg>
<arg>adm</arg>
</arguments>
<kw name="Input Username" library="login_resources">
<arguments>
<arg>${Username}</arg>
</arguments>
<kw name="Input Text" library="SeleniumLibrary">
<doc>Types the given ``text`` into the text field identified by ``locator``.</doc>
<arguments>
<arg>id:Email</arg>
<arg>${Username}</arg>
</arguments>
<msg timestamp="20191108 10:05:00.104" level="INFO">Typing text 'admn@yourstore.com' into text field 'id:Email'.</msg>
<status status="PASS" starttime="20191108 10:05:00.104" endtime="20191108 10:05:03.386"></status>
</kw>
<status status="PASS" starttime="20191108 10:05:00.102" endtime="20191108 10:05:03.386"></status>
</kw>
<kw name="Input Password" library="login_resources">
<arguments>
<arg>${Password}</arg>
</arguments>
<kw name="Input Text" library="SeleniumLibrary">
<doc>Types the given ``text`` into the text field identified by ``locator``.</doc>
<arguments>
<arg>id:Password</arg>
<arg>${Password}</arg>
</arguments>
<msg timestamp="20191108 10:05:03.388" level="INFO">Typing text 'adm' into text field 'id:Password'.</msg>
<status status="PASS" starttime="20191108 10:05:03.387" endtime="20191108 10:05:06.607"></status>
</kw>
<status status="PASS" starttime="20191108 10:05:03.386" endtime="20191108 10:05:06.607"></status>
</kw>
<kw name="Click Login Button" library="login_resources">
<kw name="Click Element" library="SeleniumLibrary">
<doc>Click the element identified by ``locator``.</doc>
<arguments>
<arg>xpath://input[@class='button-1 login-button']</arg>
</arguments>
<msg timestamp="20191108 10:05:06.609" level="INFO">Clicking element 'xpath://input[@class='button-1 login-button']'.</msg>
<status status="PASS" starttime="20191108 10:05:06.608" endtime="20191108 10:05:09.497"></status>
</kw>
<status status="PASS" starttime="20191108 10:05:06.607" endtime="20191108 10:05:09.498"></status>
</kw>
<kw name="Error Message Should Be Visible" library="login_resources">
<kw name="Page Should Contain" library="SeleniumLibrary">
<doc>Verifies that current page contains ``text``.</doc>
<arguments>
<arg>Login was unsuccessful. Please correct the errors and try again.</arg>
</arguments>
<msg timestamp="20191108 10:05:11.549" level="INFO">Current page contains text 'Login was unsuccessful. Please correct the errors and try again.'.</msg>
<status status="PASS" starttime="20191108 10:05:09.499" endtime="20191108 10:05:11.549"></status>
</kw>
<status status="PASS" starttime="20191108 10:05:09.498" endtime="20191108 10:05:11.550"></status>
</kw>
<status status="PASS" starttime="20191108 10:05:00.101" endtime="20191108 10:05:11.550"></status>
</kw>
<status status="PASS" starttime="20191108 10:05:00.097" endtime="20191108 10:05:11.551" critical="yes"></status>
</test>
<kw name="Close Browser" library="SeleniumLibrary" type="teardown">
<doc>Closes the current browser.</doc>
<status status="PASS" starttime="20191108 10:05:11.557" endtime="20191108 10:05:14.694"></status>
</kw>
<status status="PASS" starttime="20191108 10:04:23.683" endtime="20191108 10:05:14.694"></status>
</suite>
<statistics>
<total>
<stat pass="3" fail="0">Critical Tests</stat>
<stat pass="3" fail="0">All Tests</stat>
</total>
<tag>
</tag>
<suite>
<stat pass="3" fail="0" id="s1" name="DDT2 CSV">DDT2 CSV</stat>
</suite>
</statistics>
<errors>
</errors>
</robot>
