<?xml version="1.0" encoding="UTF-8"?>
<robot generator="Robot 3.1.2 (Python 3.7.4 on win32)" generated="20191107 11:22:37.708" rpa="false">
<suite id="s1" name="Tests" source="C:\development\test_automation\TableDemo\tests">
<suite id="s1-s1" name="TableDemo" source="C:\development\test_automation\TableDemo\tests\TableDemo.robot">
<test id="s1-s1-t1" name="RegTestch">
<kw name="Open Browser" library="SeleniumLibrary">
<doc>Opens a new browser instance to the given ``url``.</doc>
<arguments>
<arg>${URL}</arg>
<arg>${Browserch}</arg>
</arguments>
<msg timestamp="20191107 11:22:37.950" level="INFO">Opening browser 'chrome' to base url 'http://testautomationpractice.blogspot.com/'.</msg>
<status status="PASS" starttime="20191107 11:22:37.949" endtime="20191107 11:22:47.008"></status>
</kw>
<kw name="Maximize Browser Window" library="SeleniumLibrary">
<doc>Maximizes current browser window.</doc>
<status status="PASS" starttime="20191107 11:22:47.008" endtime="20191107 11:22:51.141"></status>
</kw>
<kw name="Set Selenium Speed" library="SeleniumLibrary">
<doc>Sets the delay that is waited after each Selenium command.</doc>
<arguments>
<arg>1s</arg>
</arguments>
<status status="PASS" starttime="20191107 11:22:51.141" endtime="20191107 11:22:51.142"></status>
</kw>
<kw name="TestSpeedTests">
<kw name="Get Element Count" library="SeleniumLibrary">
<doc>Returns the number of elements matching ``locator``.</doc>
<arguments>
<arg>xpath://table[@name='BookTable']/tbody/tr</arg>
</arguments>
<assign>
<var>${Rows}</var>
</assign>
<msg timestamp="20191107 11:22:52.164" level="INFO">${Rows} = 7</msg>
<status status="PASS" starttime="20191107 11:22:51.142" endtime="20191107 11:22:52.164"></status>
</kw>
<kw name="Get Element Count" library="SeleniumLibrary">
<doc>Returns the number of elements matching ``locator``.</doc>
<arguments>
<arg>xpath://table[@name='BookTable']/tbody/tr[1]/th</arg>
</arguments>
<assign>
<var>${Columns}</var>
</assign>
<msg timestamp="20191107 11:22:53.204" level="INFO">${Columns} = 4</msg>
<status status="PASS" starttime="20191107 11:22:52.165" endtime="20191107 11:22:53.204"></status>
</kw>
<kw name="Log To Console" library="BuiltIn">
<doc>Logs the given message to the console.</doc>
<arguments>
<arg>${Rows}</arg>
</arguments>
<status status="PASS" starttime="20191107 11:22:53.204" endtime="20191107 11:22:53.204"></status>
</kw>
<kw name="Log To Console" library="BuiltIn">
<doc>Logs the given message to the console.</doc>
<arguments>
<arg>${Columns}</arg>
</arguments>
<status status="PASS" starttime="20191107 11:22:53.205" endtime="20191107 11:22:53.205"></status>
</kw>
<kw name="Table Column Should Contain" library="SeleniumLibrary">
<doc>Verifies table column contains text ``expected``.</doc>
<arguments>
<arg>xpath://table[@name='BookTable']</arg>
<arg>2</arg>
<arg>Author</arg>
</arguments>
<status status="PASS" starttime="20191107 11:22:53.205" endtime="20191107 11:22:57.328"></status>
</kw>
<kw name="Table Row Should Contain" library="SeleniumLibrary">
<doc>Verifies that table row contains text ``expected``.</doc>
<arguments>
<arg>xpath://table[@name='BookTable']</arg>
<arg>4</arg>
<arg>Learn JS</arg>
</arguments>
<status status="PASS" starttime="20191107 11:22:57.329" endtime="20191107 11:23:01.477"></status>
</kw>
<kw name="Table Cell Should Contain" library="SeleniumLibrary">
<doc>Verifies table cell contains text ``expected``.</doc>
<arguments>
<arg>xpath://table[@name='BookTable']</arg>
<arg>5</arg>
<arg>2</arg>
<arg>Mukesh</arg>
</arguments>
<msg timestamp="20191107 11:23:07.682" level="INFO">Table cell contains 'Mukesh'.</msg>
<status status="PASS" starttime="20191107 11:23:01.478" endtime="20191107 11:23:07.682"></status>
</kw>
<kw name="Table Header Should Contain" library="SeleniumLibrary">
<doc>Verifies table header contains text ``expected``.</doc>
<arguments>
<arg>xpath://table[@name='BookTable']</arg>
<arg>BookName</arg>
</arguments>
<status status="PASS" starttime="20191107 11:23:07.683" endtime="20191107 11:23:11.815"></status>
</kw>
<status status="PASS" starttime="20191107 11:22:51.142" endtime="20191107 11:23:11.815"></status>
</kw>
<kw name="Close All Browsers" library="SeleniumLibrary">
<doc>Closes all open browsers and resets the browser cache.</doc>
<status status="PASS" starttime="20191107 11:23:11.816" endtime="20191107 11:23:14.960"></status>
</kw>
<status status="PASS" starttime="20191107 11:22:37.949" endtime="20191107 11:23:14.962" critical="yes"></status>
</test>
<status status="PASS" starttime="20191107 11:22:37.735" endtime="20191107 11:23:14.967"></status>
</suite>
<status status="PASS" starttime="20191107 11:22:37.709" endtime="20191107 11:23:14.974"></status>
</suite>
<statistics>
<total>
<stat pass="1" fail="0">Critical Tests</stat>
<stat pass="1" fail="0">All Tests</stat>
</total>
<tag>
</tag>
<suite>
<stat pass="1" fail="0" id="s1" name="Tests">Tests</stat>
<stat pass="1" fail="0" id="s1-s1" name="TableDemo">Tests.TableDemo</stat>
</suite>
</statistics>
<errors>
</errors>
</robot>
