<?xml version="1.0" encoding="UTF-8"?>
<robot generator="Robot 3.1.2 (Python 3.7.4 on win32)" generated="20191011 17:05:24.754" rpa="false">
<suite id="s1" name="Locators" source="C:\development\robot-scripts\locator-demo\tests\locators.robot">
<test id="s1-t1" name="Should be able to do something">
<kw name="Open Browser" library="SeleniumLibrary">
<doc>Opens a new browser instance to the given ``url``.</doc>
<arguments>
<arg>${URL}</arg>
<arg>${BROWSER}</arg>
</arguments>
<msg timestamp="20191011 17:05:24.979" level="INFO">Opening browser 'chrome' to base url 'http://www.amazon.com'.</msg>
<status status="PASS" starttime="20191011 17:05:24.979" endtime="20191011 17:05:32.557"></status>
</kw>
<kw name="Mouse Over" library="SeleniumLibrary">
<doc>Simulates hovering the mouse over the element ``locator``.</doc>
<arguments>
<arg>xpath=//*[@id="nav-link-accountList"]/span[2]</arg>
</arguments>
<msg timestamp="20191011 17:05:32.558" level="INFO">Simulating Mouse Over on element 'xpath=//*[@id="nav-link-accountList"]/span[2]'.</msg>
<status status="PASS" starttime="20191011 17:05:32.558" endtime="20191011 17:05:32.869"></status>
</kw>
<kw name="Click Link" library="SeleniumLibrary">
<doc>Clicks a link identified by ``locator``.</doc>
<arguments>
<arg>default=/gp/registry/wishlist?ie=UTF8&amp;ref_=nav_youraccount_wl&amp;requiresSignIn=1</arg>
</arguments>
<msg timestamp="20191011 17:05:32.870" level="INFO">Clicking link 'default=/gp/registry/wishlist?ie=UTF8&amp;ref_=nav_youraccount_wl&amp;requiresSignIn=1'.</msg>
<status status="PASS" starttime="20191011 17:05:32.870" endtime="20191011 17:05:34.077"></status>
</kw>
<kw name="Sleep" library="BuiltIn">
<doc>Pauses the test executed for the given time.</doc>
<arguments>
<arg>5s</arg>
</arguments>
<msg timestamp="20191011 17:05:39.080" level="INFO">Slept 5 seconds</msg>
<status status="PASS" starttime="20191011 17:05:34.078" endtime="20191011 17:05:39.080"></status>
</kw>
<kw name="Close Browser" library="SeleniumLibrary">
<doc>Closes the current browser.</doc>
<status status="PASS" starttime="20191011 17:05:39.081" endtime="20191011 17:05:41.370"></status>
</kw>
<status status="PASS" starttime="20191011 17:05:24.978" endtime="20191011 17:05:41.372" critical="yes"></status>
</test>
<status status="PASS" starttime="20191011 17:05:24.755" endtime="20191011 17:05:41.378"></status>
</suite>
<statistics>
<total>
<stat pass="1" fail="0">Critical Tests</stat>
<stat pass="1" fail="0">All Tests</stat>
</total>
<tag>
</tag>
<suite>
<stat pass="1" fail="0" id="s1" name="Locators">Locators</stat>
</suite>
</statistics>
<errors>
</errors>
</robot>
