<?xml version="1.0" encoding="UTF-8"?>
<robot generator="Robot 3.1.2 (Python 3.7.4 on win32)" generated="20191106 10:55:59.751" rpa="false">
<suite id="s1" name="Tests" source="C:\development\test_automation\NavigationlKeywords\Tests">
<suite id="s1-s1" name="NavigationalKeywords" source="C:\development\test_automation\NavigationlKeywords\Tests\NavigationalKeywords.robot">
<test id="s1-s1-t1" name="Navigationch">
<kw name="Open Browser" library="SeleniumLibrary">
<doc>Opens a new browser instance to the given ``url``.</doc>
<arguments>
<arg>${URL}</arg>
<arg>${Browserch}</arg>
</arguments>
<msg timestamp="20191106 10:55:59.983" level="INFO">Opening browser 'chrome' to base url 'https://www.google.com/'.</msg>
<status status="PASS" starttime="20191106 10:55:59.983" endtime="20191106 10:56:06.400"></status>
</kw>
<kw name="Maximize Browser Window" library="SeleniumLibrary">
<doc>Maximizes current browser window.</doc>
<status status="PASS" starttime="20191106 10:56:06.401" endtime="20191106 10:56:10.522"></status>
</kw>
<kw name="TestSpeedTests">
<kw name="Set Selenium Speed" library="SeleniumLibrary">
<doc>Sets the delay that is waited after each Selenium command.</doc>
<arguments>
<arg>2seconds</arg>
</arguments>
<status status="PASS" starttime="20191106 10:56:10.522" endtime="20191106 10:56:10.523"></status>
</kw>
<kw name="Get Location" library="SeleniumLibrary">
<doc>Returns the current browser window URL.</doc>
<assign>
<var>${loc}</var>
</assign>
<msg timestamp="20191106 10:56:12.531" level="INFO">${loc} = https://www.google.com/</msg>
<status status="PASS" starttime="20191106 10:56:10.523" endtime="20191106 10:56:12.531"></status>
</kw>
<kw name="Log To Console" library="BuiltIn">
<doc>Logs the given message to the console.</doc>
<arguments>
<arg>${loc}</arg>
</arguments>
<status status="PASS" starttime="20191106 10:56:12.531" endtime="20191106 10:56:12.531"></status>
</kw>
<kw name="Go To" library="SeleniumLibrary">
<doc>Navigates the current browser window to the provided ``url``.</doc>
<arguments>
<arg>https://www.bing.com/</arg>
</arguments>
<msg timestamp="20191106 10:56:12.532" level="INFO">Opening url 'https://www.bing.com/'</msg>
<status status="PASS" starttime="20191106 10:56:12.531" endtime="20191106 10:56:15.140"></status>
</kw>
<kw name="Go Back" library="SeleniumLibrary">
<doc>Simulates the user clicking the back button on their browser.</doc>
<status status="PASS" starttime="20191106 10:56:15.140" endtime="20191106 10:56:17.615"></status>
</kw>
<status status="PASS" starttime="20191106 10:56:10.522" endtime="20191106 10:56:17.615"></status>
</kw>
<kw name="Close All Browsers" library="SeleniumLibrary">
<doc>Closes all open browsers and resets the browser cache.</doc>
<status status="PASS" starttime="20191106 10:56:17.616" endtime="20191106 10:56:21.752"></status>
</kw>
<status status="PASS" starttime="20191106 10:55:59.982" endtime="20191106 10:56:21.755" critical="yes"></status>
</test>
<status status="PASS" starttime="20191106 10:55:59.777" endtime="20191106 10:56:21.758"></status>
</suite>
<status status="PASS" starttime="20191106 10:55:59.753" endtime="20191106 10:56:21.767"></status>
</suite>
<statistics>
<total>
<stat pass="1" fail="0">Critical Tests</stat>
<stat pass="1" fail="0">All Tests</stat>
</total>
<tag>
</tag>
<suite>
<stat pass="1" fail="0" id="s1" name="Tests">Tests</stat>
<stat pass="1" fail="0" id="s1-s1" name="NavigationalKeywords">Tests.NavigationalKeywords</stat>
</suite>
</statistics>
<errors>
</errors>
</robot>
