<?xml version="1.0" encoding="UTF-8"?>
<robot generator="Robot 3.1.2 (Python 3.7.4 on win32)" generated="20191106 09:36:30.169" rpa="false">
<suite id="s1" name="Tests" source="C:\development\test_automation\CloseAll\tests">
<suite id="s1-s1" name="CloseAll" source="C:\development\test_automation\CloseAll\tests\CloseAll.robot">
<test id="s1-s1-t1" name="RegTestch">
<kw name="Open Browser" library="SeleniumLibrary">
<doc>Opens a new browser instance to the given ``url``.</doc>
<arguments>
<arg>${URL}</arg>
<arg>${Browserch}</arg>
</arguments>
<msg timestamp="20191106 09:36:30.402" level="INFO">Opening browser 'chrome' to base url 'http://demowebshop.tricentis.com/register'.</msg>
<status status="PASS" starttime="20191106 09:36:30.402" endtime="20191106 09:36:38.704"></status>
</kw>
<kw name="Maximize Browser Window" library="SeleniumLibrary">
<doc>Maximizes current browser window.</doc>
<status status="PASS" starttime="20191106 09:36:38.705" endtime="20191106 09:36:42.859"></status>
</kw>
<kw name="TestSpeedTests">
<kw name="Set Selenium Speed" library="SeleniumLibrary">
<doc>Sets the delay that is waited after each Selenium command.</doc>
<arguments>
<arg>1seconds</arg>
</arguments>
<status status="PASS" starttime="20191106 09:36:42.860" endtime="20191106 09:36:42.860"></status>
</kw>
<kw name="Select Radio Button" library="SeleniumLibrary">
<doc>Sets the radio button group ``group_name`` to ``value``.</doc>
<arguments>
<arg>Gender</arg>
<arg>M</arg>
</arguments>
<msg timestamp="20191106 09:36:42.860" level="INFO">Selecting 'M' from radio button 'Gender'.</msg>
<status status="PASS" starttime="20191106 09:36:42.860" endtime="20191106 09:36:46.008"></status>
</kw>
<kw name="Input Text" library="SeleniumLibrary">
<doc>Types the given ``text`` into the text field identified by ``locator``.</doc>
<arguments>
<arg>name:FirstName</arg>
<arg>Tan</arg>
</arguments>
<msg timestamp="20191106 09:36:46.009" level="INFO">Typing text 'Tan' into text field 'name:FirstName'.</msg>
<status status="PASS" starttime="20191106 09:36:46.008" endtime="20191106 09:36:49.252"></status>
</kw>
<kw name="Input Text" library="SeleniumLibrary">
<doc>Types the given ``text`` into the text field identified by ``locator``.</doc>
<arguments>
<arg>name:LastName</arg>
<arg>Nguyen</arg>
</arguments>
<msg timestamp="20191106 09:36:49.253" level="INFO">Typing text 'Nguyen' into text field 'name:LastName'.</msg>
<status status="PASS" starttime="20191106 09:36:49.252" endtime="20191106 09:36:52.472"></status>
</kw>
<kw name="Input Text" library="SeleniumLibrary">
<doc>Types the given ``text`` into the text field identified by ``locator``.</doc>
<arguments>
<arg>name:Email</arg>
<arg>tan.nguyen@pap-tech.com</arg>
</arguments>
<msg timestamp="20191106 09:36:52.474" level="INFO">Typing text 'tan.nguyen@pap-tech.com' into text field 'name:Email'.</msg>
<status status="PASS" starttime="20191106 09:36:52.473" endtime="20191106 09:36:55.674"></status>
</kw>
<kw name="Input Text" library="SeleniumLibrary">
<doc>Types the given ``text`` into the text field identified by ``locator``.</doc>
<arguments>
<arg>name:Password</arg>
<arg>Tannguyen@122</arg>
</arguments>
<msg timestamp="20191106 09:36:55.676" level="INFO">Typing text 'Tannguyen@122' into text field 'name:Password'.</msg>
<status status="PASS" starttime="20191106 09:36:55.675" endtime="20191106 09:36:58.950"></status>
</kw>
<kw name="Input Text" library="SeleniumLibrary">
<doc>Types the given ``text`` into the text field identified by ``locator``.</doc>
<arguments>
<arg>name:ConfirmPassword</arg>
<arg>Tannguyen@122</arg>
</arguments>
<msg timestamp="20191106 09:36:58.951" level="INFO">Typing text 'Tannguyen@122' into text field 'name:ConfirmPassword'.</msg>
<status status="PASS" starttime="20191106 09:36:58.950" endtime="20191106 09:37:02.205"></status>
</kw>
<status status="PASS" starttime="20191106 09:36:42.859" endtime="20191106 09:37:02.205"></status>
</kw>
<status status="PASS" starttime="20191106 09:36:30.401" endtime="20191106 09:37:02.207" critical="yes"></status>
</test>
<test id="s1-s1-t2" name="Regtestff">
<kw name="Open Browser" library="SeleniumLibrary">
<doc>Opens a new browser instance to the given ``url``.</doc>
<arguments>
<arg>${URL}</arg>
<arg>${Browserff}</arg>
</arguments>
<msg timestamp="20191106 09:37:02.213" level="INFO">Opening browser 'ff' to base url 'http://demowebshop.tricentis.com/register'.</msg>
<msg timestamp="20191106 09:37:02.254" level="INFO">Firefox driver log is always forced to to: C:\development\test_automation\CloseAll\Result\geckodriver-3.log</msg>
<status status="PASS" starttime="20191106 09:37:02.212" endtime="20191106 09:37:12.773"></status>
</kw>
<kw name="Maximize Browser Window" library="SeleniumLibrary">
<doc>Maximizes current browser window.</doc>
<status status="PASS" starttime="20191106 09:37:12.774" endtime="20191106 09:37:14.055"></status>
</kw>
<kw name="TestSpeedTests">
<kw name="Set Selenium Speed" library="SeleniumLibrary">
<doc>Sets the delay that is waited after each Selenium command.</doc>
<arguments>
<arg>1seconds</arg>
</arguments>
<status status="PASS" starttime="20191106 09:37:14.057" endtime="20191106 09:37:14.058"></status>
</kw>
<kw name="Select Radio Button" library="SeleniumLibrary">
<doc>Sets the radio button group ``group_name`` to ``value``.</doc>
<arguments>
<arg>Gender</arg>
<arg>M</arg>
</arguments>
<msg timestamp="20191106 09:37:14.059" level="INFO">Selecting 'M' from radio button 'Gender'.</msg>
<status status="PASS" starttime="20191106 09:37:14.058" endtime="20191106 09:37:17.362"></status>
</kw>
<kw name="Input Text" library="SeleniumLibrary">
<doc>Types the given ``text`` into the text field identified by ``locator``.</doc>
<arguments>
<arg>name:FirstName</arg>
<arg>Tan</arg>
</arguments>
<msg timestamp="20191106 09:37:17.363" level="INFO">Typing text 'Tan' into text field 'name:FirstName'.</msg>
<status status="PASS" starttime="20191106 09:37:17.362" endtime="20191106 09:37:20.441"></status>
</kw>
<kw name="Input Text" library="SeleniumLibrary">
<doc>Types the given ``text`` into the text field identified by ``locator``.</doc>
<arguments>
<arg>name:LastName</arg>
<arg>Nguyen</arg>
</arguments>
<msg timestamp="20191106 09:37:20.441" level="INFO">Typing text 'Nguyen' into text field 'name:LastName'.</msg>
<status status="PASS" starttime="20191106 09:37:20.441" endtime="20191106 09:37:23.535"></status>
</kw>
<kw name="Input Text" library="SeleniumLibrary">
<doc>Types the given ``text`` into the text field identified by ``locator``.</doc>
<arguments>
<arg>name:Email</arg>
<arg>tan.nguyen@pap-tech.com</arg>
</arguments>
<msg timestamp="20191106 09:37:23.536" level="INFO">Typing text 'tan.nguyen@pap-tech.com' into text field 'name:Email'.</msg>
<status status="PASS" starttime="20191106 09:37:23.535" endtime="20191106 09:37:26.648"></status>
</kw>
<kw name="Input Text" library="SeleniumLibrary">
<doc>Types the given ``text`` into the text field identified by ``locator``.</doc>
<arguments>
<arg>name:Password</arg>
<arg>Tannguyen@122</arg>
</arguments>
<msg timestamp="20191106 09:37:26.649" level="INFO">Typing text 'Tannguyen@122' into text field 'name:Password'.</msg>
<status status="PASS" starttime="20191106 09:37:26.649" endtime="20191106 09:37:29.743"></status>
</kw>
<kw name="Input Text" library="SeleniumLibrary">
<doc>Types the given ``text`` into the text field identified by ``locator``.</doc>
<arguments>
<arg>name:ConfirmPassword</arg>
<arg>Tannguyen@122</arg>
</arguments>
<msg timestamp="20191106 09:37:29.744" level="INFO">Typing text 'Tannguyen@122' into text field 'name:ConfirmPassword'.</msg>
<status status="PASS" starttime="20191106 09:37:29.743" endtime="20191106 09:37:32.833"></status>
</kw>
<status status="PASS" starttime="20191106 09:37:14.056" endtime="20191106 09:37:32.833"></status>
</kw>
<status status="PASS" starttime="20191106 09:37:02.210" endtime="20191106 09:37:32.835" critical="yes"></status>
</test>
<test id="s1-s1-t3" name="Regtestie">
<kw name="Open Browser" library="SeleniumLibrary">
<doc>Opens a new browser instance to the given ``url``.</doc>
<arguments>
<arg>${URL}</arg>
<arg>${Browserie}</arg>
</arguments>
<msg timestamp="20191106 09:37:32.841" level="INFO">Opening browser 'ie' to base url 'http://demowebshop.tricentis.com/register'.</msg>
<status status="PASS" starttime="20191106 09:37:32.839" endtime="20191106 09:37:37.938"></status>
</kw>
<kw name="Maximize Browser Window" library="SeleniumLibrary">
<doc>Maximizes current browser window.</doc>
<status status="PASS" starttime="20191106 09:37:37.939" endtime="20191106 09:37:38.956"></status>
</kw>
<kw name="TestSpeedTests">
<kw name="Set Selenium Speed" library="SeleniumLibrary">
<doc>Sets the delay that is waited after each Selenium command.</doc>
<arguments>
<arg>1seconds</arg>
</arguments>
<status status="PASS" starttime="20191106 09:37:38.958" endtime="20191106 09:37:38.959"></status>
</kw>
<kw name="Select Radio Button" library="SeleniumLibrary">
<doc>Sets the radio button group ``group_name`` to ``value``.</doc>
<arguments>
<arg>Gender</arg>
<arg>M</arg>
</arguments>
<msg timestamp="20191106 09:37:38.960" level="INFO">Selecting 'M' from radio button 'Gender'.</msg>
<status status="PASS" starttime="20191106 09:37:38.959" endtime="20191106 09:37:42.659"></status>
</kw>
<kw name="Input Text" library="SeleniumLibrary">
<doc>Types the given ``text`` into the text field identified by ``locator``.</doc>
<arguments>
<arg>name:FirstName</arg>
<arg>Tan</arg>
</arguments>
<msg timestamp="20191106 09:37:42.659" level="INFO">Typing text 'Tan' into text field 'name:FirstName'.</msg>
<status status="PASS" starttime="20191106 09:37:42.659" endtime="20191106 09:37:46.507"></status>
</kw>
<kw name="Input Text" library="SeleniumLibrary">
<doc>Types the given ``text`` into the text field identified by ``locator``.</doc>
<arguments>
<arg>name:LastName</arg>
<arg>Nguyen</arg>
</arguments>
<msg timestamp="20191106 09:37:46.507" level="INFO">Typing text 'Nguyen' into text field 'name:LastName'.</msg>
<status status="PASS" starttime="20191106 09:37:46.507" endtime="20191106 09:37:50.418"></status>
</kw>
<kw name="Input Text" library="SeleniumLibrary">
<doc>Types the given ``text`` into the text field identified by ``locator``.</doc>
<arguments>
<arg>name:Email</arg>
<arg>tan.nguyen@pap-tech.com</arg>
</arguments>
<msg timestamp="20191106 09:37:50.419" level="INFO">Typing text 'tan.nguyen@pap-tech.com' into text field 'name:Email'.</msg>
<status status="PASS" starttime="20191106 09:37:50.419" endtime="20191106 09:37:54.410"></status>
</kw>
<kw name="Input Text" library="SeleniumLibrary">
<doc>Types the given ``text`` into the text field identified by ``locator``.</doc>
<arguments>
<arg>name:Password</arg>
<arg>Tannguyen@122</arg>
</arguments>
<msg timestamp="20191106 09:37:54.411" level="INFO">Typing text 'Tannguyen@122' into text field 'name:Password'.</msg>
<status status="PASS" starttime="20191106 09:37:54.410" endtime="20191106 09:37:58.298"></status>
</kw>
<kw name="Input Text" library="SeleniumLibrary">
<doc>Types the given ``text`` into the text field identified by ``locator``.</doc>
<arguments>
<arg>name:ConfirmPassword</arg>
<arg>Tannguyen@122</arg>
</arguments>
<msg timestamp="20191106 09:37:58.299" level="INFO">Typing text 'Tannguyen@122' into text field 'name:ConfirmPassword'.</msg>
<status status="PASS" starttime="20191106 09:37:58.298" endtime="20191106 09:38:02.118"></status>
</kw>
<status status="PASS" starttime="20191106 09:37:38.957" endtime="20191106 09:38:02.118"></status>
</kw>
<kw name="Close All Browsers" library="SeleniumLibrary">
<doc>Closes all open browsers and resets the browser cache.</doc>
<status status="PASS" starttime="20191106 09:38:02.119" endtime="20191106 09:38:11.016"></status>
</kw>
<status status="PASS" starttime="20191106 09:37:32.838" endtime="20191106 09:38:11.017" critical="yes"></status>
</test>
<status status="PASS" starttime="20191106 09:36:30.195" endtime="20191106 09:38:11.021"></status>
</suite>
<status status="PASS" starttime="20191106 09:36:30.170" endtime="20191106 09:38:11.032"></status>
</suite>
<statistics>
<total>
<stat pass="3" fail="0">Critical Tests</stat>
<stat pass="3" fail="0">All Tests</stat>
</total>
<tag>
</tag>
<suite>
<stat pass="3" fail="0" id="s1" name="Tests">Tests</stat>
<stat pass="3" fail="0" id="s1-s1" name="CloseAll">Tests.CloseAll</stat>
</suite>
</statistics>
<errors>
</errors>
</robot>
