<?xml version="1.0" encoding="UTF-8"?>
<robot generator="Robot 3.1.2 (Python 3.7.4 on win32)" generated="20191105 15:26:25.938" rpa="false">
<suite id="s1" name="Tests" source="C:\development\test_automation\CloseAll\tests">
<suite id="s1-s1" name="CloseAll" source="C:\development\test_automation\CloseAll\tests\CloseAll.robot">
<test id="s1-s1-t1" name="RegTestch">
<kw name="Open Browser" library="SeleniumLibrary">
<doc>Opens a new browser instance to the given ``url``.</doc>
<arguments>
<arg>${URL}</arg>
<arg>${Browserch}</arg>
</arguments>
<msg timestamp="20191105 15:26:26.409" level="INFO">Opening browser 'chrome' to base url 'http://demowebshop.tricentis.com/register'.</msg>
<status status="PASS" starttime="20191105 15:26:26.409" endtime="20191105 15:26:34.962"></status>
</kw>
<kw name="Maximize Browser Window" library="SeleniumLibrary">
<doc>Maximizes current browser window.</doc>
<status status="PASS" starttime="20191105 15:26:34.966" endtime="20191105 15:26:39.160"></status>
</kw>
<kw name="TestSpeedTests">
<kw name="Set Selenium Speed" library="SeleniumLibrary">
<doc>Sets the delay that is waited after each Selenium command.</doc>
<arguments>
<arg>1seconds</arg>
</arguments>
<status status="PASS" starttime="20191105 15:26:39.160" endtime="20191105 15:26:39.160"></status>
</kw>
<kw name="Select Radio Button" library="SeleniumLibrary">
<doc>Sets the radio button group ``group_name`` to ``value``.</doc>
<arguments>
<arg>Gender</arg>
<arg>M</arg>
</arguments>
<msg timestamp="20191105 15:26:39.164" level="INFO">Selecting 'M' from radio button 'Gender'.</msg>
<status status="PASS" starttime="20191105 15:26:39.160" endtime="20191105 15:26:42.305"></status>
</kw>
<kw name="Input Text" library="SeleniumLibrary">
<doc>Types the given ``text`` into the text field identified by ``locator``.</doc>
<arguments>
<arg>name:FirstName</arg>
<arg>Tan</arg>
</arguments>
<msg timestamp="20191105 15:26:42.305" level="INFO">Typing text 'Tan' into text field 'name:FirstName'.</msg>
<status status="PASS" starttime="20191105 15:26:42.305" endtime="20191105 15:26:45.595"></status>
</kw>
<kw name="Input Text" library="SeleniumLibrary">
<doc>Types the given ``text`` into the text field identified by ``locator``.</doc>
<arguments>
<arg>name:LastName</arg>
<arg>Nguyen</arg>
</arguments>
<msg timestamp="20191105 15:26:45.595" level="INFO">Typing text 'Nguyen' into text field 'name:LastName'.</msg>
<status status="PASS" starttime="20191105 15:26:45.595" endtime="20191105 15:26:48.919"></status>
</kw>
<kw name="Input Text" library="SeleniumLibrary">
<doc>Types the given ``text`` into the text field identified by ``locator``.</doc>
<arguments>
<arg>name:Email</arg>
<arg>tan.nguyen@pap-tech.com</arg>
</arguments>
<msg timestamp="20191105 15:26:48.919" level="INFO">Typing text 'tan.nguyen@pap-tech.com' into text field 'name:Email'.</msg>
<status status="PASS" starttime="20191105 15:26:48.919" endtime="20191105 15:26:52.418"></status>
</kw>
<kw name="Input Text" library="SeleniumLibrary">
<doc>Types the given ``text`` into the text field identified by ``locator``.</doc>
<arguments>
<arg>name:Password</arg>
<arg>Tannguyen@122</arg>
</arguments>
<msg timestamp="20191105 15:26:52.418" level="INFO">Typing text 'Tannguyen@122' into text field 'name:Password'.</msg>
<status status="PASS" starttime="20191105 15:26:52.418" endtime="20191105 15:26:55.771"></status>
</kw>
<kw name="Input Text" library="SeleniumLibrary">
<doc>Types the given ``text`` into the text field identified by ``locator``.</doc>
<arguments>
<arg>name:ConfirmPassword</arg>
<arg>Tannguyen@122</arg>
</arguments>
<msg timestamp="20191105 15:26:55.771" level="INFO">Typing text 'Tannguyen@122' into text field 'name:ConfirmPassword'.</msg>
<status status="PASS" starttime="20191105 15:26:55.771" endtime="20191105 15:26:59.172"></status>
</kw>
<status status="PASS" starttime="20191105 15:26:39.160" endtime="20191105 15:26:59.172"></status>
</kw>
<status status="PASS" starttime="20191105 15:26:26.409" endtime="20191105 15:26:59.172" critical="yes"></status>
</test>
<test id="s1-s1-t2" name="Regtestff">
<kw name="Open Browser" library="SeleniumLibrary">
<doc>Opens a new browser instance to the given ``url``.</doc>
<arguments>
<arg>${URL}</arg>
<arg>${Browserff}</arg>
</arguments>
<msg timestamp="20191105 15:26:59.180" level="INFO">Opening browser 'ff' to base url 'http://demowebshop.tricentis.com/register'.</msg>
<msg timestamp="20191105 15:26:59.184" level="INFO">Firefox driver log is always forced to to: C:\development\test_automation\CloseAll\Result\geckodriver-2.log</msg>
<status status="PASS" starttime="20191105 15:26:59.176" endtime="20191105 15:27:09.396"></status>
</kw>
<kw name="Maximize Browser Window" library="SeleniumLibrary">
<doc>Maximizes current browser window.</doc>
<status status="PASS" starttime="20191105 15:27:09.396" endtime="20191105 15:27:10.709"></status>
</kw>
<kw name="TestSpeedTests">
<kw name="Set Selenium Speed" library="SeleniumLibrary">
<doc>Sets the delay that is waited after each Selenium command.</doc>
<arguments>
<arg>1seconds</arg>
</arguments>
<status status="PASS" starttime="20191105 15:27:10.709" endtime="20191105 15:27:10.709"></status>
</kw>
<kw name="Select Radio Button" library="SeleniumLibrary">
<doc>Sets the radio button group ``group_name`` to ``value``.</doc>
<arguments>
<arg>Gender</arg>
<arg>M</arg>
</arguments>
<msg timestamp="20191105 15:27:10.709" level="INFO">Selecting 'M' from radio button 'Gender'.</msg>
<status status="PASS" starttime="20191105 15:27:10.709" endtime="20191105 15:27:14.012"></status>
</kw>
<kw name="Input Text" library="SeleniumLibrary">
<doc>Types the given ``text`` into the text field identified by ``locator``.</doc>
<arguments>
<arg>name:FirstName</arg>
<arg>Tan</arg>
</arguments>
<msg timestamp="20191105 15:27:14.012" level="INFO">Typing text 'Tan' into text field 'name:FirstName'.</msg>
<status status="PASS" starttime="20191105 15:27:14.012" endtime="20191105 15:27:17.089"></status>
</kw>
<kw name="Input Text" library="SeleniumLibrary">
<doc>Types the given ``text`` into the text field identified by ``locator``.</doc>
<arguments>
<arg>name:LastName</arg>
<arg>Nguyen</arg>
</arguments>
<msg timestamp="20191105 15:27:17.089" level="INFO">Typing text 'Nguyen' into text field 'name:LastName'.</msg>
<status status="PASS" starttime="20191105 15:27:17.089" endtime="20191105 15:27:20.140"></status>
</kw>
<kw name="Input Text" library="SeleniumLibrary">
<doc>Types the given ``text`` into the text field identified by ``locator``.</doc>
<arguments>
<arg>name:Email</arg>
<arg>tan.nguyen@pap-tech.com</arg>
</arguments>
<msg timestamp="20191105 15:27:20.140" level="INFO">Typing text 'tan.nguyen@pap-tech.com' into text field 'name:Email'.</msg>
<status status="PASS" starttime="20191105 15:27:20.140" endtime="20191105 15:27:23.283"></status>
</kw>
<kw name="Input Text" library="SeleniumLibrary">
<doc>Types the given ``text`` into the text field identified by ``locator``.</doc>
<arguments>
<arg>name:Password</arg>
<arg>Tannguyen@122</arg>
</arguments>
<msg timestamp="20191105 15:27:23.283" level="INFO">Typing text 'Tannguyen@122' into text field 'name:Password'.</msg>
<status status="PASS" starttime="20191105 15:27:23.283" endtime="20191105 15:27:26.413"></status>
</kw>
<kw name="Input Text" library="SeleniumLibrary">
<doc>Types the given ``text`` into the text field identified by ``locator``.</doc>
<arguments>
<arg>name:ConfirmPassword</arg>
<arg>Tannguyen@122</arg>
</arguments>
<msg timestamp="20191105 15:27:26.413" level="INFO">Typing text 'Tannguyen@122' into text field 'name:ConfirmPassword'.</msg>
<status status="PASS" starttime="20191105 15:27:26.413" endtime="20191105 15:27:29.515"></status>
</kw>
<status status="PASS" starttime="20191105 15:27:10.709" endtime="20191105 15:27:29.515"></status>
</kw>
<status status="PASS" starttime="20191105 15:26:59.176" endtime="20191105 15:27:29.515" critical="yes"></status>
</test>
<test id="s1-s1-t3" name="Regtestie">
<kw name="Open Browser" library="SeleniumLibrary">
<doc>Opens a new browser instance to the given ``url``.</doc>
<arguments>
<arg>${URL}</arg>
<arg>${Browserie}</arg>
</arguments>
<msg timestamp="20191105 15:27:29.515" level="INFO">Opening browser 'ie' to base url 'http://demowebshop.tricentis.com/register'.</msg>
<status status="PASS" starttime="20191105 15:27:29.515" endtime="20191105 15:27:34.057"></status>
</kw>
<kw name="Maximize Browser Window" library="SeleniumLibrary">
<doc>Maximizes current browser window.</doc>
<status status="PASS" starttime="20191105 15:27:34.057" endtime="20191105 15:27:35.077"></status>
</kw>
<kw name="TestSpeedTests">
<kw name="Set Selenium Speed" library="SeleniumLibrary">
<doc>Sets the delay that is waited after each Selenium command.</doc>
<arguments>
<arg>1seconds</arg>
</arguments>
<status status="PASS" starttime="20191105 15:27:35.077" endtime="20191105 15:27:35.081"></status>
</kw>
<kw name="Select Radio Button" library="SeleniumLibrary">
<doc>Sets the radio button group ``group_name`` to ``value``.</doc>
<arguments>
<arg>Gender</arg>
<arg>M</arg>
</arguments>
<msg timestamp="20191105 15:27:35.081" level="INFO">Selecting 'M' from radio button 'Gender'.</msg>
<status status="PASS" starttime="20191105 15:27:35.081" endtime="20191105 15:27:39.237"></status>
</kw>
<kw name="Input Text" library="SeleniumLibrary">
<doc>Types the given ``text`` into the text field identified by ``locator``.</doc>
<arguments>
<arg>name:FirstName</arg>
<arg>Tan</arg>
</arguments>
<msg timestamp="20191105 15:27:39.237" level="INFO">Typing text 'Tan' into text field 'name:FirstName'.</msg>
<status status="PASS" starttime="20191105 15:27:39.237" endtime="20191105 15:27:43.593"></status>
</kw>
<kw name="Input Text" library="SeleniumLibrary">
<doc>Types the given ``text`` into the text field identified by ``locator``.</doc>
<arguments>
<arg>name:LastName</arg>
<arg>Nguyen</arg>
</arguments>
<msg timestamp="20191105 15:27:43.593" level="INFO">Typing text 'Nguyen' into text field 'name:LastName'.</msg>
<status status="PASS" starttime="20191105 15:27:43.593" endtime="20191105 15:27:47.990"></status>
</kw>
<kw name="Input Text" library="SeleniumLibrary">
<doc>Types the given ``text`` into the text field identified by ``locator``.</doc>
<arguments>
<arg>name:Email</arg>
<arg>tan.nguyen@pap-tech.com</arg>
</arguments>
<msg timestamp="20191105 15:27:47.990" level="INFO">Typing text 'tan.nguyen@pap-tech.com' into text field 'name:Email'.</msg>
<status status="PASS" starttime="20191105 15:27:47.990" endtime="20191105 15:27:52.491"></status>
</kw>
<kw name="Input Text" library="SeleniumLibrary">
<doc>Types the given ``text`` into the text field identified by ``locator``.</doc>
<arguments>
<arg>name:Password</arg>
<arg>Tannguyen@122</arg>
</arguments>
<msg timestamp="20191105 15:27:52.491" level="INFO">Typing text 'Tannguyen@122' into text field 'name:Password'.</msg>
<status status="PASS" starttime="20191105 15:27:52.491" endtime="20191105 15:27:56.889"></status>
</kw>
<kw name="Input Text" library="SeleniumLibrary">
<doc>Types the given ``text`` into the text field identified by ``locator``.</doc>
<arguments>
<arg>name:ConfirmPassword</arg>
<arg>Tannguyen@122</arg>
</arguments>
<msg timestamp="20191105 15:27:56.889" level="INFO">Typing text 'Tannguyen@122' into text field 'name:ConfirmPassword'.</msg>
<status status="PASS" starttime="20191105 15:27:56.889" endtime="20191105 15:28:01.178"></status>
</kw>
<status status="PASS" starttime="20191105 15:27:35.077" endtime="20191105 15:28:01.178"></status>
</kw>
<kw name="Close All Browsers" library="SeleniumLibrary">
<doc>Closes all open browsers and resets the browser cache.</doc>
<status status="PASS" starttime="20191105 15:28:01.178" endtime="20191105 15:28:10.265"></status>
</kw>
<status status="PASS" starttime="20191105 15:27:29.515" endtime="20191105 15:28:10.265" critical="yes"></status>
</test>
<status status="PASS" starttime="20191105 15:26:26.031" endtime="20191105 15:28:10.265"></status>
</suite>
<status status="PASS" starttime="20191105 15:26:25.953" endtime="20191105 15:28:10.280"></status>
</suite>
<statistics>
<total>
<stat pass="3" fail="0">Critical Tests</stat>
<stat pass="3" fail="0">All Tests</stat>
</total>
<tag>
</tag>
<suite>
<stat pass="3" fail="0" id="s1" name="Tests">Tests</stat>
<stat pass="3" fail="0" id="s1-s1" name="CloseAll">Tests.CloseAll</stat>
</suite>
</statistics>
<errors>
</errors>
</robot>
