<?xml version="1.0" encoding="UTF-8"?>
<robot generator="Robot 3.1.2 (Python 3.7.4 on win32)" generated="20191011 16:40:00.151" rpa="false">
<suite id="s1" name="Cars" source="C:\development\robot-scripts\data-driven-ext-csv\tests\Cars.robot">
<test id="s1-t1" name="Should see correct error messages with invalid logins">
<kw name="Begin Web Test" library="Common" type="setup">
<kw name="Open Browser" library="SeleniumLibrary">
<doc>Opens a new browser instance to the given ``url``.</doc>
<arguments>
<arg>about:blank</arg>
<arg>${BROWSER}</arg>
</arguments>
<msg timestamp="20191011 16:40:00.391" level="INFO">Opening browser 'chrome' to base url 'about:blank'.</msg>
<status status="PASS" starttime="20191011 16:40:00.391" endtime="20191011 16:40:05.738"></status>
</kw>
<status status="PASS" starttime="20191011 16:40:00.390" endtime="20191011 16:40:05.739"></status>
</kw>
<kw name="Get CSV Data" library="DataManager">
<arguments>
<arg>${INVALID_CREDENTIALS_PATH_CSV}</arg>
</arguments>
<assign>
<var>${InvalidLoginScenarios}</var>
</assign>
<kw name="Read Csv File" library="Csv">
<arguments>
<arg>${FilePath}</arg>
</arguments>
<assign>
<var>${Data}</var>
</assign>
<msg timestamp="20191011 16:40:05.742" level="FAIL">iterator should return strings, not bytes (did you open the file in text mode?)</msg>
<status status="FAIL" starttime="20191011 16:40:05.740" endtime="20191011 16:40:05.742"></status>
</kw>
<status status="FAIL" starttime="20191011 16:40:05.740" endtime="20191011 16:40:05.742"></status>
</kw>
<kw name="End Web Test" library="Common" type="teardown">
<kw name="Close All Browsers" library="SeleniumLibrary">
<doc>Closes all open browsers and resets the browser cache.</doc>
<status status="PASS" starttime="20191011 16:40:05.744" endtime="20191011 16:40:07.965"></status>
</kw>
<status status="PASS" starttime="20191011 16:40:05.743" endtime="20191011 16:40:07.965"></status>
</kw>
<status status="FAIL" starttime="20191011 16:40:00.389" endtime="20191011 16:40:07.966" critical="yes">iterator should return strings, not bytes (did you open the file in text mode?)</status>
</test>
<doc>Demonstrate a need for data-driven testing</doc>
<status status="FAIL" starttime="20191011 16:40:00.153" endtime="20191011 16:40:07.972"></status>
</suite>
<statistics>
<total>
<stat pass="0" fail="1">Critical Tests</stat>
<stat pass="0" fail="1">All Tests</stat>
</total>
<tag>
</tag>
<suite>
<stat pass="0" fail="1" id="s1" name="Cars">Cars</stat>
</suite>
</statistics>
<errors>
</errors>
</robot>
