<?xml version="1.0" encoding="UTF-8"?>
<robot generator="Robot 3.1.2 (Python 3.7.4 on win32)" generated="20191011 17:07:22.721" rpa="false">
<suite id="s1" name="Tests" source="C:\development\robot-scripts\variables-passing_to_keywords\tests">
<suite id="s1-s1" name="Passing" source="C:\development\robot-scripts\variables-passing_to_keywords\tests\passing.robot">
<test id="s1-s1-t1" name="User can search for products">
<kw name="Set Variable" library="BuiltIn">
<doc>Returns the given values which can then be assigned to a variables.</doc>
<arguments>
<arg>http://www.amazon.com</arg>
<arg>chrome</arg>
</arguments>
<assign>
<var>@{url_and_browser}</var>
</assign>
<msg timestamp="20191011 17:07:22.959" level="INFO">@{url_and_browser} = [ http://www.amazon.com | chrome ]</msg>
<status status="PASS" starttime="20191011 17:07:22.959" endtime="20191011 17:07:22.959"></status>
</kw>
<kw name="Begin Web Test">
<arguments>
<arg>@{url_and_browser}</arg>
</arguments>
<kw name="Open Browser" library="SeleniumLibrary">
<doc>Opens a new browser instance to the given ``url``.</doc>
<arguments>
<arg>@{url_and_browser}[0]</arg>
<arg>@{url_and_browser}[1]</arg>
</arguments>
<msg timestamp="20191011 17:07:22.960" level="INFO">Opening browser 'chrome' to base url 'http://www.amazon.com'.</msg>
<status status="PASS" starttime="20191011 17:07:22.960" endtime="20191011 17:07:31.625"></status>
</kw>
<kw name="Sleep" library="BuiltIn">
<doc>Pauses the test executed for the given time.</doc>
<arguments>
<arg>3s</arg>
</arguments>
<msg timestamp="20191011 17:07:34.627" level="INFO">Slept 3 seconds</msg>
<status status="PASS" starttime="20191011 17:07:31.625" endtime="20191011 17:07:34.627"></status>
</kw>
<kw name="Close Browser" library="SeleniumLibrary">
<doc>Closes the current browser.</doc>
<status status="PASS" starttime="20191011 17:07:34.627" endtime="20191011 17:07:36.889"></status>
</kw>
<status status="PASS" starttime="20191011 17:07:22.960" endtime="20191011 17:07:36.890"></status>
</kw>
<status status="PASS" starttime="20191011 17:07:22.958" endtime="20191011 17:07:36.891" critical="yes"></status>
</test>
<status status="PASS" starttime="20191011 17:07:22.748" endtime="20191011 17:07:36.897"></status>
</suite>
<status status="PASS" starttime="20191011 17:07:22.722" endtime="20191011 17:07:36.905"></status>
</suite>
<statistics>
<total>
<stat pass="1" fail="0">Critical Tests</stat>
<stat pass="1" fail="0">All Tests</stat>
</total>
<tag>
</tag>
<suite>
<stat pass="1" fail="0" id="s1" name="Tests">Tests</stat>
<stat pass="1" fail="0" id="s1-s1" name="Passing">Tests.Passing</stat>
</suite>
</statistics>
<errors>
</errors>
</robot>
