<?xml version="1.0" encoding="UTF-8"?>
<robot generator="Robot 3.1.2 (Python 3.7.4 on win32)" generated="20191010 16:23:14.462" rpa="false">
<suite id="s1" name="Cars" source="C:\development\robot-scripts\data-driven-builtin\tests\Cars.robot">
<test id="s1-t1" name="Unregistered user should see correct error message at login">
<kw name="Begin Web Test" library="Common" type="setup">
<kw name="Open Browser" library="SeleniumLibrary">
<doc>Opens a new browser instance to the given ``url``.</doc>
<arguments>
<arg>about:blank</arg>
<arg>${BROWSER}</arg>
</arguments>
<msg timestamp="20191010 16:23:14.696" level="INFO">Opening browser 'chrome' to base url 'about:blank'.</msg>
<status status="PASS" starttime="20191010 16:23:14.696" endtime="20191010 16:23:20.005"></status>
</kw>
<status status="PASS" starttime="20191010 16:23:14.696" endtime="20191010 16:23:20.006"></status>
</kw>
<kw name="Navigate to Sign In Page" library="CarsApp">
<kw name="Navigate To" library="SignIn">
<kw name="Catenate" library="BuiltIn">
<doc>Catenates the given items together and returns the resulted string.</doc>
<arguments>
<arg>SEPARATOR=/</arg>
<arg>${BASE_URL.${ENVIRONMENT}}</arg>
<arg>${LOGIN_URL}</arg>
</arguments>
<assign>
<var>${SignInUrl}</var>
</assign>
<msg timestamp="20191010 16:23:20.009" level="INFO">${SignInUrl} = https://www.cars.com//profile/secure/login</msg>
<status status="PASS" starttime="20191010 16:23:20.008" endtime="20191010 16:23:20.009"></status>
</kw>
<kw name="Go To" library="SeleniumLibrary">
<doc>Navigates the current browser window to the provided ``url``.</doc>
<arguments>
<arg>${SignInUrl}</arg>
</arguments>
<msg timestamp="20191010 16:23:20.009" level="INFO">Opening url 'https://www.cars.com//profile/secure/login'</msg>
<status status="PASS" starttime="20191010 16:23:20.009" endtime="20191010 16:23:23.529"></status>
</kw>
<status status="PASS" starttime="20191010 16:23:20.008" endtime="20191010 16:23:23.530"></status>
</kw>
<status status="PASS" starttime="20191010 16:23:20.007" endtime="20191010 16:23:23.530"></status>
</kw>
<kw name="Attempt Login" library="CarsApp">
<arguments>
<arg>${UNREGISTERED_USER}</arg>
</arguments>
<kw name="Enter Credentials" library="SignIn">
<arguments>
<arg>${Credentials}</arg>
</arguments>
<kw name="Run Keyword Unless" library="BuiltIn">
<doc>Runs the given keyword with the given arguments if ``condition`` is false.</doc>
<arguments>
<arg>'${Credentials.Email}' == '#BLANK'</arg>
<arg>Input Text</arg>
<arg>${SIGN_IN_EMAIL}</arg>
<arg>${Credentials.Email}</arg>
</arguments>
<kw name="Input Text" library="SeleniumLibrary">
<doc>Types the given ``text`` into the text field identified by ``locator``.</doc>
<arguments>
<arg>${SIGN_IN_EMAIL}</arg>
<arg>${Credentials.Email}</arg>
</arguments>
<msg timestamp="20191010 16:23:23.533" level="INFO">Typing text 'admin@robotframeworktutorial.com' into text field 'xpath=/html/body/div[2]/section/cars-profiles-lsp/cui-tabs/div/ul[2]/li[1]/div/cars-login-form/div/div[3]/form/input[1]'.</msg>
<status status="PASS" starttime="20191010 16:23:23.532" endtime="20191010 16:23:23.873"></status>
</kw>
<status status="PASS" starttime="20191010 16:23:23.532" endtime="20191010 16:23:23.873"></status>
</kw>
<kw name="Run Keyword Unless" library="BuiltIn">
<doc>Runs the given keyword with the given arguments if ``condition`` is false.</doc>
<arguments>
<arg>'${Credentials.Password}' == '#BLANK'</arg>
<arg>Input Text</arg>
<arg>${SIGN_IN_PASSWORD}</arg>
<arg>${Credentials.Password}</arg>
</arguments>
<kw name="Input Text" library="SeleniumLibrary">
<doc>Types the given ``text`` into the text field identified by ``locator``.</doc>
<arguments>
<arg>${SIGN_IN_PASSWORD}</arg>
<arg>${Credentials.Password}</arg>
</arguments>
<msg timestamp="20191010 16:23:23.874" level="INFO">Typing text 'TestPassword!' into text field 'xpath=/html/body/div[2]/section/cars-profiles-lsp/cui-tabs/div/ul[2]/li[1]/div/cars-login-form/div/div[3]/form/input[2]'.</msg>
<status status="PASS" starttime="20191010 16:23:23.874" endtime="20191010 16:23:24.036"></status>
</kw>
<status status="PASS" starttime="20191010 16:23:23.873" endtime="20191010 16:23:24.036"></status>
</kw>
<status status="PASS" starttime="20191010 16:23:23.531" endtime="20191010 16:23:24.037"></status>
</kw>
<kw name="Click Submit" library="SignIn">
<kw name="Click Button" library="SeleniumLibrary">
<doc>Clicks the button identified by ``locator``.</doc>
<arguments>
<arg>${LOGIN_SUBMIT_BUTTON}</arg>
</arguments>
<msg timestamp="20191010 16:23:24.038" level="INFO">Clicking button 'xpath=/html/body/div[2]/section/cars-profiles-lsp/cui-tabs/div/ul[2]/li[1]/div/cars-login-form/div/div[3]/form/button'.</msg>
<status status="PASS" starttime="20191010 16:23:24.037" endtime="20191010 16:23:24.130"></status>
</kw>
<status status="PASS" starttime="20191010 16:23:24.037" endtime="20191010 16:23:24.130"></status>
</kw>
<kw name="Sleep" library="BuiltIn">
<doc>Pauses the test executed for the given time.</doc>
<arguments>
<arg>5s</arg>
</arguments>
<msg timestamp="20191010 16:23:29.132" level="INFO">Slept 5 seconds</msg>
<status status="PASS" starttime="20191010 16:23:24.131" endtime="20191010 16:23:29.132"></status>
</kw>
<status status="PASS" starttime="20191010 16:23:23.530" endtime="20191010 16:23:29.133"></status>
</kw>
<kw name="Verify Login Page Error Message" library="CarsApp">
<arguments>
<arg>${UNREGISTERED_USER.ExpectedErrorMessage}</arg>
</arguments>
<kw name="Verify Error Message" library="SignIn">
<arguments>
<arg>${ExpectedErrorMessage}</arg>
</arguments>
<kw name="Page Should Contain" library="SeleniumLibrary">
<doc>Verifies that current page contains ``text``.</doc>
<arguments>
<arg>${ExpectedErrorMessage}</arg>
</arguments>
<kw name="Capture Page Screenshot" library="SeleniumLibrary">
<doc>Takes a screenshot of the current page and embeds it into a log file.</doc>
<msg timestamp="20191010 16:23:29.849" level="INFO" html="yes">&lt;/td&gt;&lt;/tr&gt;&lt;tr&gt;&lt;td colspan="3"&gt;&lt;a href="selenium-screenshot-4.png"&gt;&lt;img src="selenium-screenshot-4.png" width="800px"&gt;&lt;/a&gt;</msg>
<status status="PASS" starttime="20191010 16:23:29.526" endtime="20191010 16:23:29.849"></status>
</kw>
<msg timestamp="20191010 16:23:29.850" level="FAIL">Page should have contained text 'you signed up yet. try a different email adderss or' but did not.</msg>
<status status="FAIL" starttime="20191010 16:23:29.136" endtime="20191010 16:23:29.850"></status>
</kw>
<status status="FAIL" starttime="20191010 16:23:29.135" endtime="20191010 16:23:29.851"></status>
</kw>
<status status="FAIL" starttime="20191010 16:23:29.134" endtime="20191010 16:23:29.851"></status>
</kw>
<kw name="End Web Test" library="Common" type="teardown">
<kw name="Close All Browsers" library="SeleniumLibrary">
<doc>Closes all open browsers and resets the browser cache.</doc>
<status status="PASS" starttime="20191010 16:23:29.852" endtime="20191010 16:23:32.078"></status>
</kw>
<status status="PASS" starttime="20191010 16:23:29.851" endtime="20191010 16:23:32.079"></status>
</kw>
<status status="FAIL" starttime="20191010 16:23:14.695" endtime="20191010 16:23:32.080" critical="yes">Page should have contained text 'you signed up yet. try a different email adderss or' but did not.</status>
</test>
<test id="s1-t2" name="Login with invalid password should show correct error message">
<kw name="Begin Web Test" library="Common" type="setup">
<kw name="Open Browser" library="SeleniumLibrary">
<doc>Opens a new browser instance to the given ``url``.</doc>
<arguments>
<arg>about:blank</arg>
<arg>${BROWSER}</arg>
</arguments>
<msg timestamp="20191010 16:23:32.096" level="INFO">Opening browser 'chrome' to base url 'about:blank'.</msg>
<status status="PASS" starttime="20191010 16:23:32.095" endtime="20191010 16:23:37.382"></status>
</kw>
<status status="PASS" starttime="20191010 16:23:32.094" endtime="20191010 16:23:37.382"></status>
</kw>
<kw name="Navigate to Sign In Page" library="CarsApp">
<kw name="Navigate To" library="SignIn">
<kw name="Catenate" library="BuiltIn">
<doc>Catenates the given items together and returns the resulted string.</doc>
<arguments>
<arg>SEPARATOR=/</arg>
<arg>${BASE_URL.${ENVIRONMENT}}</arg>
<arg>${LOGIN_URL}</arg>
</arguments>
<assign>
<var>${SignInUrl}</var>
</assign>
<msg timestamp="20191010 16:23:37.385" level="INFO">${SignInUrl} = https://www.cars.com//profile/secure/login</msg>
<status status="PASS" starttime="20191010 16:23:37.384" endtime="20191010 16:23:37.385"></status>
</kw>
<kw name="Go To" library="SeleniumLibrary">
<doc>Navigates the current browser window to the provided ``url``.</doc>
<arguments>
<arg>${SignInUrl}</arg>
</arguments>
<msg timestamp="20191010 16:23:37.385" level="INFO">Opening url 'https://www.cars.com//profile/secure/login'</msg>
<status status="PASS" starttime="20191010 16:23:37.385" endtime="20191010 16:23:41.063"></status>
</kw>
<status status="PASS" starttime="20191010 16:23:37.384" endtime="20191010 16:23:41.063"></status>
</kw>
<status status="PASS" starttime="20191010 16:23:37.383" endtime="20191010 16:23:41.063"></status>
</kw>
<kw name="Attempt Login" library="CarsApp">
<arguments>
<arg>${INVALID_PASSWORD_USER}</arg>
</arguments>
<kw name="Enter Credentials" library="SignIn">
<arguments>
<arg>${Credentials}</arg>
</arguments>
<kw name="Run Keyword Unless" library="BuiltIn">
<doc>Runs the given keyword with the given arguments if ``condition`` is false.</doc>
<arguments>
<arg>'${Credentials.Email}' == '#BLANK'</arg>
<arg>Input Text</arg>
<arg>${SIGN_IN_EMAIL}</arg>
<arg>${Credentials.Email}</arg>
</arguments>
<kw name="Input Text" library="SeleniumLibrary">
<doc>Types the given ``text`` into the text field identified by ``locator``.</doc>
<arguments>
<arg>${SIGN_IN_EMAIL}</arg>
<arg>${Credentials.Email}</arg>
</arguments>
<msg timestamp="20191010 16:23:41.067" level="INFO">Typing text 'bryan@bryanlamb.com' into text field 'xpath=/html/body/div[2]/section/cars-profiles-lsp/cui-tabs/div/ul[2]/li[1]/div/cars-login-form/div/div[3]/form/input[1]'.</msg>
<status status="PASS" starttime="20191010 16:23:41.066" endtime="20191010 16:23:41.326"></status>
</kw>
<status status="PASS" starttime="20191010 16:23:41.065" endtime="20191010 16:23:41.326"></status>
</kw>
<kw name="Run Keyword Unless" library="BuiltIn">
<doc>Runs the given keyword with the given arguments if ``condition`` is false.</doc>
<arguments>
<arg>'${Credentials.Password}' == '#BLANK'</arg>
<arg>Input Text</arg>
<arg>${SIGN_IN_PASSWORD}</arg>
<arg>${Credentials.Password}</arg>
</arguments>
<kw name="Input Text" library="SeleniumLibrary">
<doc>Types the given ``text`` into the text field identified by ``locator``.</doc>
<arguments>
<arg>${SIGN_IN_PASSWORD}</arg>
<arg>${Credentials.Password}</arg>
</arguments>
<msg timestamp="20191010 16:23:41.327" level="INFO">Typing text 'TestPassword!' into text field 'xpath=/html/body/div[2]/section/cars-profiles-lsp/cui-tabs/div/ul[2]/li[1]/div/cars-login-form/div/div[3]/form/input[2]'.</msg>
<status status="PASS" starttime="20191010 16:23:41.327" endtime="20191010 16:23:41.481"></status>
</kw>
<status status="PASS" starttime="20191010 16:23:41.326" endtime="20191010 16:23:41.481"></status>
</kw>
<status status="PASS" starttime="20191010 16:23:41.065" endtime="20191010 16:23:41.481"></status>
</kw>
<kw name="Click Submit" library="SignIn">
<kw name="Click Button" library="SeleniumLibrary">
<doc>Clicks the button identified by ``locator``.</doc>
<arguments>
<arg>${LOGIN_SUBMIT_BUTTON}</arg>
</arguments>
<msg timestamp="20191010 16:23:41.482" level="INFO">Clicking button 'xpath=/html/body/div[2]/section/cars-profiles-lsp/cui-tabs/div/ul[2]/li[1]/div/cars-login-form/div/div[3]/form/button'.</msg>
<status status="PASS" starttime="20191010 16:23:41.482" endtime="20191010 16:23:41.578"></status>
</kw>
<status status="PASS" starttime="20191010 16:23:41.481" endtime="20191010 16:23:41.579"></status>
</kw>
<kw name="Sleep" library="BuiltIn">
<doc>Pauses the test executed for the given time.</doc>
<arguments>
<arg>5s</arg>
</arguments>
<msg timestamp="20191010 16:23:46.581" level="INFO">Slept 5 seconds</msg>
<status status="PASS" starttime="20191010 16:23:41.579" endtime="20191010 16:23:46.581"></status>
</kw>
<status status="PASS" starttime="20191010 16:23:41.064" endtime="20191010 16:23:46.582"></status>
</kw>
<kw name="Verify Login Page Error Message" library="CarsApp">
<arguments>
<arg>${INVALID_PASSWORD_USER.ExpectedErrorMessage}</arg>
</arguments>
<kw name="Verify Error Message" library="SignIn">
<arguments>
<arg>${ExpectedErrorMessage}</arg>
</arguments>
<kw name="Page Should Contain" library="SeleniumLibrary">
<doc>Verifies that current page contains ``text``.</doc>
<arguments>
<arg>${ExpectedErrorMessage}</arg>
</arguments>
<kw name="Capture Page Screenshot" library="SeleniumLibrary">
<doc>Takes a screenshot of the current page and embeds it into a log file.</doc>
<msg timestamp="20191010 16:23:47.338" level="INFO" html="yes">&lt;/td&gt;&lt;/tr&gt;&lt;tr&gt;&lt;td colspan="3"&gt;&lt;a href="selenium-screenshot-5.png"&gt;&lt;img src="selenium-screenshot-5.png" width="800px"&gt;&lt;/a&gt;</msg>
<status status="PASS" starttime="20191010 16:23:46.955" endtime="20191010 16:23:47.338"></status>
</kw>
<msg timestamp="20191010 16:23:47.339" level="FAIL">Page should have contained text 'Please double check your password. It should be 6 or more characters with no spaces.' but did not.</msg>
<status status="FAIL" starttime="20191010 16:23:46.586" endtime="20191010 16:23:47.339"></status>
</kw>
<status status="FAIL" starttime="20191010 16:23:46.585" endtime="20191010 16:23:47.339"></status>
</kw>
<status status="FAIL" starttime="20191010 16:23:46.583" endtime="20191010 16:23:47.339"></status>
</kw>
<kw name="End Web Test" library="Common" type="teardown">
<kw name="Close All Browsers" library="SeleniumLibrary">
<doc>Closes all open browsers and resets the browser cache.</doc>
<status status="PASS" starttime="20191010 16:23:47.340" endtime="20191010 16:23:49.587"></status>
</kw>
<status status="PASS" starttime="20191010 16:23:47.340" endtime="20191010 16:23:49.588"></status>
</kw>
<status status="FAIL" starttime="20191010 16:23:32.090" endtime="20191010 16:23:49.589" critical="yes">Page should have contained text 'Please double check your password. It should be 6 or more characters with no spaces.' but did not.</status>
</test>
<test id="s1-t3" name="Login with blank email and password should show correct error message">
<kw name="Begin Web Test" library="Common" type="setup">
<kw name="Open Browser" library="SeleniumLibrary">
<doc>Opens a new browser instance to the given ``url``.</doc>
<arguments>
<arg>about:blank</arg>
<arg>${BROWSER}</arg>
</arguments>
<msg timestamp="20191010 16:23:49.598" level="INFO">Opening browser 'chrome' to base url 'about:blank'.</msg>
<status status="PASS" starttime="20191010 16:23:49.597" endtime="20191010 16:23:54.879"></status>
</kw>
<status status="PASS" starttime="20191010 16:23:49.596" endtime="20191010 16:23:54.879"></status>
</kw>
<kw name="Navigate to Sign In Page" library="CarsApp">
<kw name="Navigate To" library="SignIn">
<kw name="Catenate" library="BuiltIn">
<doc>Catenates the given items together and returns the resulted string.</doc>
<arguments>
<arg>SEPARATOR=/</arg>
<arg>${BASE_URL.${ENVIRONMENT}}</arg>
<arg>${LOGIN_URL}</arg>
</arguments>
<assign>
<var>${SignInUrl}</var>
</assign>
<msg timestamp="20191010 16:23:54.881" level="INFO">${SignInUrl} = https://www.cars.com//profile/secure/login</msg>
<status status="PASS" starttime="20191010 16:23:54.880" endtime="20191010 16:23:54.881"></status>
</kw>
<kw name="Go To" library="SeleniumLibrary">
<doc>Navigates the current browser window to the provided ``url``.</doc>
<arguments>
<arg>${SignInUrl}</arg>
</arguments>
<msg timestamp="20191010 16:23:54.881" level="INFO">Opening url 'https://www.cars.com//profile/secure/login'</msg>
<status status="PASS" starttime="20191010 16:23:54.881" endtime="20191010 16:23:58.378"></status>
</kw>
<status status="PASS" starttime="20191010 16:23:54.880" endtime="20191010 16:23:58.378"></status>
</kw>
<status status="PASS" starttime="20191010 16:23:54.880" endtime="20191010 16:23:58.379"></status>
</kw>
<kw name="Attempt Login" library="CarsApp">
<arguments>
<arg>${BLANK_CREDENTIALS_USER}</arg>
</arguments>
<kw name="Enter Credentials" library="SignIn">
<arguments>
<arg>${Credentials}</arg>
</arguments>
<kw name="Run Keyword Unless" library="BuiltIn">
<doc>Runs the given keyword with the given arguments if ``condition`` is false.</doc>
<arguments>
<arg>'${Credentials.Email}' == '#BLANK'</arg>
<arg>Input Text</arg>
<arg>${SIGN_IN_EMAIL}</arg>
<arg>${Credentials.Email}</arg>
</arguments>
<status status="PASS" starttime="20191010 16:23:58.381" endtime="20191010 16:23:58.381"></status>
</kw>
<kw name="Run Keyword Unless" library="BuiltIn">
<doc>Runs the given keyword with the given arguments if ``condition`` is false.</doc>
<arguments>
<arg>'${Credentials.Password}' == '#BLANK'</arg>
<arg>Input Text</arg>
<arg>${SIGN_IN_PASSWORD}</arg>
<arg>${Credentials.Password}</arg>
</arguments>
<status status="PASS" starttime="20191010 16:23:58.381" endtime="20191010 16:23:58.382"></status>
</kw>
<status status="PASS" starttime="20191010 16:23:58.380" endtime="20191010 16:23:58.382"></status>
</kw>
<kw name="Click Submit" library="SignIn">
<kw name="Click Button" library="SeleniumLibrary">
<doc>Clicks the button identified by ``locator``.</doc>
<arguments>
<arg>${LOGIN_SUBMIT_BUTTON}</arg>
</arguments>
<msg timestamp="20191010 16:23:58.382" level="INFO">Clicking button 'xpath=/html/body/div[2]/section/cars-profiles-lsp/cui-tabs/div/ul[2]/li[1]/div/cars-login-form/div/div[3]/form/button'.</msg>
<status status="PASS" starttime="20191010 16:23:58.382" endtime="20191010 16:23:58.577"></status>
</kw>
<status status="PASS" starttime="20191010 16:23:58.382" endtime="20191010 16:23:58.577"></status>
</kw>
<kw name="Sleep" library="BuiltIn">
<doc>Pauses the test executed for the given time.</doc>
<arguments>
<arg>5s</arg>
</arguments>
<msg timestamp="20191010 16:24:03.579" level="INFO">Slept 5 seconds</msg>
<status status="PASS" starttime="20191010 16:23:58.577" endtime="20191010 16:24:03.579"></status>
</kw>
<status status="PASS" starttime="20191010 16:23:58.379" endtime="20191010 16:24:03.580"></status>
</kw>
<kw name="Verify Login Page Error Message" library="CarsApp">
<arguments>
<arg>${BLANK_CREDENTIALS_USER.ExpectedErrorMessage}</arg>
</arguments>
<kw name="Verify Error Message" library="SignIn">
<arguments>
<arg>${ExpectedErrorMessage}</arg>
</arguments>
<kw name="Page Should Contain" library="SeleniumLibrary">
<doc>Verifies that current page contains ``text``.</doc>
<arguments>
<arg>${ExpectedErrorMessage}</arg>
</arguments>
<kw name="Capture Page Screenshot" library="SeleniumLibrary">
<doc>Takes a screenshot of the current page and embeds it into a log file.</doc>
<msg timestamp="20191010 16:24:04.273" level="INFO" html="yes">&lt;/td&gt;&lt;/tr&gt;&lt;tr&gt;&lt;td colspan="3"&gt;&lt;a href="selenium-screenshot-6.png"&gt;&lt;img src="selenium-screenshot-6.png" width="800px"&gt;&lt;/a&gt;</msg>
<status status="PASS" starttime="20191010 16:24:03.952" endtime="20191010 16:24:04.273"></status>
</kw>
<msg timestamp="20191010 16:24:04.273" level="FAIL">Page should have contained text 'ErrorMessage=Please your email address and password.' but did not.</msg>
<status status="FAIL" starttime="20191010 16:24:03.583" endtime="20191010 16:24:04.275"></status>
</kw>
<status status="FAIL" starttime="20191010 16:24:03.582" endtime="20191010 16:24:04.275"></status>
</kw>
<status status="FAIL" starttime="20191010 16:24:03.581" endtime="20191010 16:24:04.275"></status>
</kw>
<kw name="End Web Test" library="Common" type="teardown">
<kw name="Close All Browsers" library="SeleniumLibrary">
<doc>Closes all open browsers and resets the browser cache.</doc>
<status status="PASS" starttime="20191010 16:24:04.275" endtime="20191010 16:24:06.506"></status>
</kw>
<status status="PASS" starttime="20191010 16:24:04.275" endtime="20191010 16:24:06.507"></status>
</kw>
<status status="FAIL" starttime="20191010 16:23:49.594" endtime="20191010 16:24:06.508" critical="yes">Page should have contained text 'ErrorMessage=Please your email address and password.' but did not.</status>
</test>
<doc>Demonstrate a need for data-driven testing</doc>
<status status="FAIL" starttime="20191010 16:23:14.464" endtime="20191010 16:24:06.517"></status>
</suite>
<statistics>
<total>
<stat pass="0" fail="3">Critical Tests</stat>
<stat pass="0" fail="3">All Tests</stat>
</total>
<tag>
</tag>
<suite>
<stat pass="0" fail="3" id="s1" name="Cars">Cars</stat>
</suite>
</statistics>
<errors>
</errors>
</robot>
