<?xml version="1.0" encoding="UTF-8"?>
<robot generator="Robot 3.1.2 (Python 3.7.4 on win32)" generated="20191106 16:41:11.252" rpa="false">
<suite id="s1" name="Tests" source="C:\development\test_automation\ForLoopDemo\tests">
<suite id="s1-s1" name="ForLoopDemo" source="C:\development\test_automation\ForLoopDemo\tests\ForLoopDemo.robot">
<test id="s1-s1-t1" name="Forloop6withExit">
<kw name="Create List" library="BuiltIn">
<doc>Returns a list containing given items.</doc>
<arguments>
<arg>1</arg>
<arg>2</arg>
<arg>3</arg>
<arg>4</arg>
<arg>5</arg>
</arguments>
<assign>
<var>@{item}</var>
</assign>
<msg timestamp="20191106 16:41:11.315" level="INFO">@{item} = [ 1 | 2 | 3 | 4 | 5 ]</msg>
<status status="PASS" starttime="20191106 16:41:11.315" endtime="20191106 16:41:11.315"></status>
</kw>
<kw name="${i} IN [ @{item} ]" type="for">
<kw name="${i} = 1" type="foritem">
<kw name="Log To Console" library="BuiltIn">
<doc>Logs the given message to the console.</doc>
<arguments>
<arg>${i}</arg>
</arguments>
<status status="PASS" starttime="20191106 16:41:11.320" endtime="20191106 16:41:11.320"></status>
</kw>
<kw name="Exit For Loop If" library="BuiltIn">
<doc>Stops executing the enclosing for loop if the ``condition`` is true.</doc>
<arguments>
<arg>${i}==3</arg>
</arguments>
<status status="PASS" starttime="20191106 16:41:11.320" endtime="20191106 16:41:11.320"></status>
</kw>
<status status="PASS" starttime="20191106 16:41:11.320" endtime="20191106 16:41:11.320"></status>
</kw>
<kw name="${i} = 2" type="foritem">
<kw name="Log To Console" library="BuiltIn">
<doc>Logs the given message to the console.</doc>
<arguments>
<arg>${i}</arg>
</arguments>
<status status="PASS" starttime="20191106 16:41:11.320" endtime="20191106 16:41:11.320"></status>
</kw>
<kw name="Exit For Loop If" library="BuiltIn">
<doc>Stops executing the enclosing for loop if the ``condition`` is true.</doc>
<arguments>
<arg>${i}==3</arg>
</arguments>
<status status="PASS" starttime="20191106 16:41:11.320" endtime="20191106 16:41:11.320"></status>
</kw>
<status status="PASS" starttime="20191106 16:41:11.320" endtime="20191106 16:41:11.320"></status>
</kw>
<kw name="${i} = 3" type="foritem">
<kw name="Log To Console" library="BuiltIn">
<doc>Logs the given message to the console.</doc>
<arguments>
<arg>${i}</arg>
</arguments>
<status status="PASS" starttime="20191106 16:41:11.320" endtime="20191106 16:41:11.320"></status>
</kw>
<kw name="Exit For Loop If" library="BuiltIn">
<doc>Stops executing the enclosing for loop if the ``condition`` is true.</doc>
<arguments>
<arg>${i}==3</arg>
</arguments>
<msg timestamp="20191106 16:41:11.323" level="INFO">Exiting for loop altogether.</msg>
<status status="PASS" starttime="20191106 16:41:11.323" endtime="20191106 16:41:11.323"></status>
</kw>
<status status="PASS" starttime="20191106 16:41:11.320" endtime="20191106 16:41:11.323"></status>
</kw>
<status status="PASS" starttime="20191106 16:41:11.320" endtime="20191106 16:41:11.323"></status>
</kw>
<status status="PASS" starttime="20191106 16:41:11.315" endtime="20191106 16:41:11.323" critical="yes"></status>
</test>
<status status="PASS" starttime="20191106 16:41:11.311" endtime="20191106 16:41:11.323"></status>
</suite>
<status status="PASS" starttime="20191106 16:41:11.256" endtime="20191106 16:41:11.327"></status>
</suite>
<statistics>
<total>
<stat pass="1" fail="0">Critical Tests</stat>
<stat pass="1" fail="0">All Tests</stat>
</total>
<tag>
</tag>
<suite>
<stat pass="1" fail="0" id="s1" name="Tests">Tests</stat>
<stat pass="1" fail="0" id="s1-s1" name="ForLoopDemo">Tests.ForLoopDemo</stat>
</suite>
</statistics>
<errors>
</errors>
</robot>
