<?xml version="1.0" encoding="UTF-8"?>
<robot generator="Robot 3.1.2 (Python 3.7.4 on win32)" generated="20191002 16:26:36.889" rpa="false">
<suite id="s1" name="Tests" source="C:\development\robot-scripts\variables-scalar\tests">
<suite id="s1-s1" name="Scalar" source="C:\development\robot-scripts\variables-scalar\tests\Scalar.robot">
<test id="s1-s1-t1" name="Set a variable in the test case">
<kw name="Set Variable" library="BuiltIn">
<doc>Returns the given values which can then be assigned to a variables.</doc>
<arguments>
<arg>Something else</arg>
</arguments>
<assign>
<var>${my_new_variable}</var>
</assign>
<msg timestamp="20191002 16:26:36.942" level="INFO">${my_new_variable} = Something else</msg>
<status status="PASS" starttime="20191002 16:26:36.942" endtime="20191002 16:26:36.942"></status>
</kw>
<kw name="Log" library="BuiltIn">
<doc>Logs the given message with the given level.</doc>
<arguments>
<arg>${my_new_variable}</arg>
</arguments>
<msg timestamp="20191002 16:26:36.943" level="INFO">Something else</msg>
<status status="PASS" starttime="20191002 16:26:36.943" endtime="20191002 16:26:36.943"></status>
</kw>
<tags>
<tag>Current</tag>
</tags>
<status status="PASS" starttime="20191002 16:26:36.941" endtime="20191002 16:26:36.944" critical="yes"></status>
</test>
<status status="PASS" starttime="20191002 16:26:36.938" endtime="20191002 16:26:36.947"></status>
</suite>
<status status="PASS" starttime="20191002 16:26:36.891" endtime="20191002 16:26:36.949"></status>
</suite>
<statistics>
<total>
<stat pass="1" fail="0">Critical Tests</stat>
<stat pass="1" fail="0">All Tests</stat>
</total>
<tag>
<stat pass="1" fail="0">Current</stat>
</tag>
<suite>
<stat pass="1" fail="0" id="s1" name="Tests">Tests</stat>
<stat pass="1" fail="0" id="s1-s1" name="Scalar">Tests.Scalar</stat>
</suite>
</statistics>
<errors>
</errors>
</robot>
